#-----------------------------------------------------------
# Vivado v2019.1 (64-bit)
# SW Build 2552052 on Fri May 24 14:49:42 MDT 2019
# IP Build 2548770 on Fri May 24 18:01:18 MDT 2019
# Start of session at: Fri Oct 11 21:24:44 2024
# Process ID: 9856
# Current directory: E:/CCDC/KNU_Git/foodbug/KNU_CCDC
# Command line: vivado.exe -gui_launcher_event rodinguilauncherevent312 E:\CCDC\KNU_Git\foodbug\KNU_CCDC\KNU_CNN.xpr
# Log file: E:/CCDC/KNU_Git/foodbug/KNU_CCDC/vivado.log
# Journal file: E:/CCDC/KNU_Git/foodbug/KNU_CCDC\vivado.jou
#-----------------------------------------------------------
start_gui
open_project E:/CCDC/KNU_Git/foodbug/KNU_CCDC/KNU_CNN.xpr
Scanning sources...
Finished scanning sources
INFO: [IP_Flow 19-234] Refreshing IP repositories
INFO: [IP_Flow 19-1704] No user IP repositories specified
INFO: [IP_Flow 19-2313] Loaded Vivado IP repository 'C:/Xilinx/Vivado/2019.1/data/ip'.
update_compile_order -fileset sources_1
set_property top tb_top [get_filesets sim_1]
set_property top_lib xil_defaultlib [get_filesets sim_1]
update_compile_order -fileset sim_1
launch_simulation
INFO: [Vivado 12-5682] Launching behavioral simulation in 'E:/CCDC/KNU_Git/foodbug/KNU_CCDC/KNU_CNN.sim/sim_1/behav/xsim'
INFO: [SIM-utils-51] Simulation object is 'sim_1'
INFO: [SIM-utils-54] Inspecting design source files for 'tb_top' in fileset 'sim_1'...
INFO: [USF-XSim-97] Finding global include files...
INFO: [USF-XSim-98] Fetching design files from 'sim_1'...
INFO: [USF-XSim-2] XSim::Compile design
INFO: [USF-XSim-61] Executing 'COMPILE and ANALYZE' step in 'E:/CCDC/KNU_Git/foodbug/KNU_CCDC/KNU_CNN.sim/sim_1/behav/xsim'
"xvlog --incr --relax -prj tb_top_vlog.prj"
INFO: [VRFC 10-2263] Analyzing SystemVerilog file "E:/CCDC/KNU_Git/foodbug/KNU_CCDC/KNU_CNN.srcs/sources_1/new/Accumulator.sv" into library xil_defaultlib
INFO: [VRFC 10-311] analyzing module Accumulator
INFO: [VRFC 10-2263] Analyzing SystemVerilog file "E:/CCDC/KNU_Git/foodbug/KNU_CCDC/KNU_CNN.srcs/sources_1/new/FIFO.sv" into library xil_defaultlib
INFO: [VRFC 10-311] analyzing module FIFO
INFO: [VRFC 10-2263] Analyzing SystemVerilog file "E:/CCDC/KNU_Git/foodbug/KNU_CCDC/KNU_CNN.srcs/sources_1/new/Max_Pooling_ReLU.sv" into library xil_defaultlib
INFO: [VRFC 10-311] analyzing module Max_Pooling_ReLU
INFO: [VRFC 10-2263] Analyzing SystemVerilog file "E:/CCDC/KNU_Git/foodbug/KNU_CCDC/KNU_CNN.srcs/sources_1/new/PE_Array.sv" into library xil_defaultlib
INFO: [VRFC 10-311] analyzing module PE_Array
INFO: [VRFC 10-2263] Analyzing SystemVerilog file "E:/CCDC/KNU_Git/foodbug/KNU_CCDC/KNU_CNN.srcs/sources_1/new/buffer1.sv" into library xil_defaultlib
INFO: [VRFC 10-311] analyzing module buffer1
INFO: [VRFC 10-2263] Analyzing SystemVerilog file "E:/CCDC/KNU_Git/foodbug/KNU_CCDC/KNU_CNN.srcs/sources_1/new/comparator.sv" into library xil_defaultlib
INFO: [VRFC 10-311] analyzing module comparator
INFO: [VRFC 10-2263] Analyzing SystemVerilog file "E:/CCDC/KNU_Git/foodbug/KNU_CCDC/KNU_CNN.srcs/sources_1/new/conv2d_pe.sv" into library xil_defaultlib
INFO: [VRFC 10-311] analyzing module conv2d_pe
INFO: [VRFC 10-2263] Analyzing SystemVerilog file "E:/CCDC/KNU_Git/foodbug/KNU_CCDC/KNU_CNN.srcs/sources_1/new/global_controller.sv" into library xil_defaultlib
INFO: [VRFC 10-311] analyzing module global_controller
INFO: [VRFC 10-2263] Analyzing SystemVerilog file "E:/CCDC/KNU_Git/foodbug/KNU_CCDC/KNU_CNN.srcs/sources_1/new/top.sv" into library xil_defaultlib
INFO: [VRFC 10-311] analyzing module top
INFO: [VRFC 10-2263] Analyzing SystemVerilog file "E:/CCDC/KNU_Git/foodbug/KNU_CCDC/KNU_CNN.srcs/sim_1/new/tb_top.sv" into library xil_defaultlib
INFO: [VRFC 10-311] analyzing module tb_top
INFO: [USF-XSim-69] 'compile' step finished in '1' seconds
INFO: [USF-XSim-3] XSim::Elaborate design
INFO: [USF-XSim-61] Executing 'ELABORATE' step in 'E:/CCDC/KNU_Git/foodbug/KNU_CCDC/KNU_CNN.sim/sim_1/behav/xsim'
"xelab -wto 016c3969ec4b42579f24e73fc71ce675 --incr --debug typical --relax --mt 2 -L xil_defaultlib -L unisims_ver -L unimacro_ver -L secureip --snapshot tb_top_behav xil_defaultlib.tb_top xil_defaultlib.glbl -log elaborate.log"
Vivado Simulator 2019.1
Copyright 1986-1999, 2001-2019 Xilinx, Inc. All Rights Reserved.
Running: C:/Xilinx/Vivado/2019.1/bin/unwrapped/win64.o/xelab.exe -wto 016c3969ec4b42579f24e73fc71ce675 --incr --debug typical --relax --mt 2 -L xil_defaultlib -L unisims_ver -L unimacro_ver -L secureip --snapshot tb_top_behav xil_defaultlib.tb_top xil_defaultlib.glbl -log elaborate.log 
Using 2 slave threads.
Starting static elaboration
Completed static elaboration
Starting simulation data flow analysis
Completed simulation data flow analysis
Time Resolution for simulation is 1ps
Compiling module xil_defaultlib.global_controller
Compiling module xil_defaultlib.conv2d_pe
Compiling module xil_defaultlib.PE_Array_default
Compiling module xil_defaultlib.Accumulator
Compiling module xil_defaultlib.comparator
Compiling module xil_defaultlib.FIFO
Compiling module xil_defaultlib.Max_Pooling_ReLU
Compiling module xil_defaultlib.buffer1
Compiling module xil_defaultlib.top
Compiling module xil_defaultlib.tb_top
Compiling module xil_defaultlib.glbl
Built simulation snapshot tb_top_behav

****** Webtalk v2019.1 (64-bit)
  **** SW Build 2552052 on Fri May 24 14:49:42 MDT 2019
  **** IP Build 2548770 on Fri May 24 18:01:18 MDT 2019
    ** Copyright 1986-2019 Xilinx, Inc. All Rights Reserved.

source E:/CCDC/KNU_Git/foodbug/KNU_CCDC/KNU_CNN.sim/sim_1/behav/xsim/xsim.dir/tb_top_behav/webtalk/xsim_webtalk.tcl -notrace
INFO: [Common 17-206] Exiting Webtalk at Fri Oct 11 21:25:20 2024...
INFO: [USF-XSim-69] 'elaborate' step finished in '4' seconds
INFO: [USF-XSim-4] XSim::Simulate design
INFO: [USF-XSim-61] Executing 'SIMULATE' step in 'E:/CCDC/KNU_Git/foodbug/KNU_CCDC/KNU_CNN.sim/sim_1/behav/xsim'
INFO: [USF-XSim-98] *** Running xsim
   with args "tb_top_behav -key {Behavioral:sim_1:Functional:tb_top} -tclbatch {tb_top.tcl} -view {E:/CCDC/KNU_Git/foodbug/KNU_CCDC/KNU_CNN.srcs/sim_1/imports/PE_5x5_test_row2/tb_PE_Array_behav1.wcfg} -view {E:/CCDC/KNU_Git/foodbug/KNU_CCDC/tb_acc_behav.wcfg} -log {simulate.log}"
INFO: [USF-XSim-8] Loading simulator feature
Vivado Simulator 2019.1
Time resolution is 1 ps
open_wave_config E:/CCDC/KNU_Git/foodbug/KNU_CCDC/KNU_CNN.srcs/sim_1/imports/PE_5x5_test_row2/tb_PE_Array_behav1.wcfg
open_wave_config E:/CCDC/KNU_Git/foodbug/KNU_CCDC/tb_acc_behav.wcfg
WARNING: Simulation object /tb_acc/valid_i was not found in the design.
WARNING: Simulation object /tb_acc/done was not found in the design.
WARNING: Simulation object /tb_acc/count was not found in the design.
WARNING: Simulation object /tb_acc/phase was not found in the design.
WARNING: Simulation object /tb_acc/dut/clk_i was not found in the design.
WARNING: Simulation object /tb_acc/dut/rstn_i was not found in the design.
WARNING: Simulation object /tb_acc/dut/valid_i was not found in the design.
WARNING: Simulation object /tb_acc/dut/rd_en_i was not found in the design.
WARNING: Simulation object /tb_acc/dut/rd_ptr was not found in the design.
WARNING: Simulation object /tb_acc/dut/conv_in was not found in the design.
WARNING: Simulation object /tb_acc/dut/conv_sum was not found in the design.
WARNING: Simulation object /tb_acc/dut/done was not found in the design.
WARNING: Simulation object /tb_acc/dut/acc was not found in the design.
WARNING: Simulation object /tb_acc/dut/wr_ptr was not found in the design.
WARNING: Simulation object /tb_acc/dut/cycle_count was not found in the design.
source tb_top.tcl
# set curr_wave [current_wave_config]
# if { [string length $curr_wave] == 0 } {
#   if { [llength [get_objects]] > 0} {
#     add_wave /
#     set_property needs_save false [current_wave_config]
#   } else {
#      send_msg_id Add_Wave-1 WARNING "No top level signals found. Simulator will start without a wave window. If you want to open a wave window go to 'File->New Waveform Configuration' or type 'create_wave_config' in the TCL console."
#   }
# }
# run 1000ns
xsim: Time (s): cpu = 00:00:07 ; elapsed = 00:00:06 . Memory (MB): peak = 876.379 ; gain = 88.953
INFO: [USF-XSim-96] XSim completed. Design snapshot 'tb_top_behav' loaded.
INFO: [USF-XSim-97] XSim simulation ran for 1000ns
launch_simulation: Time (s): cpu = 00:00:09 ; elapsed = 00:00:11 . Memory (MB): peak = 876.379 ; gain = 94.285
run 1 us
run 1 us
run 1 us
$finish called at time : 3525 ns : File "E:/CCDC/KNU_Git/foodbug/KNU_CCDC/KNU_CNN.srcs/sim_1/new/tb_top.sv" Line 130
save_wave_config {E:/CCDC/KNU_Git/foodbug/KNU_CCDC/KNU_CNN.srcs/sim_1/imports/PE_5x5_test_row2/tb_PE_Array_behav1.wcfg}
save_wave_config {E:/CCDC/KNU_Git/foodbug/KNU_CCDC/KNU_CNN.srcs/sim_1/imports/PE_5x5_test_row2/tb_PE_Array_behav1.wcfg}
save_wave_config {E:/CCDC/KNU_Git/foodbug/KNU_CCDC/KNU_CNN.srcs/sim_1/imports/PE_5x5_test_row2/tb_PE_Array_behav1.wcfg}
save_wave_config {E:/CCDC/KNU_Git/foodbug/KNU_CCDC/KNU_CNN.srcs/sim_1/imports/PE_5x5_test_row2/tb_PE_Array_behav1.wcfg}
save_wave_config {E:/CCDC/KNU_Git/foodbug/KNU_CCDC/KNU_CNN.srcs/sim_1/imports/PE_5x5_test_row2/tb_PE_Array_behav1.wcfg}
close_sim
INFO: [Simtcl 6-16] Simulation closed
exit
INFO: [Common 17-206] Exiting Vivado at Fri Oct 11 21:41:10 2024...
