#-----------------------------------------------------------
# Vivado v2019.1 (64-bit)
# SW Build 2552052 on Fri May 24 14:49:42 MDT 2019
# IP Build 2548770 on Fri May 24 18:01:18 MDT 2019
# Start of session at: Mon Oct 21 20:34:55 2024
# Process ID: 9608
# Current directory: D:/Git_repo/KNU_CCDC/KNU_CCDC
# Command line: vivado.exe -gui_launcher_event rodinguilauncherevent6304 D:\Git_repo\KNU_CCDC\KNU_CCDC\KNU_CNN.xpr
# Log file: D:/Git_repo/KNU_CCDC/KNU_CCDC/vivado.log
# Journal file: D:/Git_repo/KNU_CCDC/KNU_CCDC\vivado.jou
#-----------------------------------------------------------
start_gui
open_project D:/Git_repo/KNU_CCDC/KNU_CCDC/KNU_CNN.xpr
Scanning sources...
Finished scanning sources
WARNING: [filemgmt 56-3] Board Part Repository Path: Could not find the directory 'C:/Users/opqrs/AppData/Roaming/Xilinx/Vivado/2019.1/xhub/board_store'.
INFO: [IP_Flow 19-234] Refreshing IP repositories
INFO: [IP_Flow 19-1704] No user IP repositories specified
INFO: [IP_Flow 19-2313] Loaded Vivado IP repository 'C:/Xilinx/Vivado/2019.1/data/ip'.
update_compile_order -fileset sources_1
launch_simulation
INFO: [Vivado 12-5682] Launching behavioral simulation in 'D:/Git_repo/KNU_CCDC/KNU_CCDC/KNU_CNN.sim/sim_1/behav/xsim'
INFO: [SIM-utils-51] Simulation object is 'sim_1'
INFO: [SIM-utils-54] Inspecting design source files for 'tb_top' in fileset 'sim_1'...
INFO: [USF-XSim-97] Finding global include files...
INFO: [USF-XSim-98] Fetching design files from 'sim_1'...
INFO: [USF-XSim-2] XSim::Compile design
INFO: [USF-XSim-61] Executing 'COMPILE and ANALYZE' step in 'D:/Git_repo/KNU_CCDC/KNU_CCDC/KNU_CNN.sim/sim_1/behav/xsim'
"xvlog --incr --relax -prj tb_top_vlog.prj"
INFO: [USF-XSim-69] 'compile' step finished in '1' seconds
INFO: [USF-XSim-3] XSim::Elaborate design
INFO: [USF-XSim-61] Executing 'ELABORATE' step in 'D:/Git_repo/KNU_CCDC/KNU_CCDC/KNU_CNN.sim/sim_1/behav/xsim'
"xelab -wto 016c3969ec4b42579f24e73fc71ce675 --incr --debug typical --relax --mt 2 -L xil_defaultlib -L unisims_ver -L unimacro_ver -L secureip --snapshot tb_top_behav xil_defaultlib.tb_top xil_defaultlib.glbl -log elaborate.log"
Vivado Simulator 2019.1
Copyright 1986-1999, 2001-2019 Xilinx, Inc. All Rights Reserved.
Running: C:/Xilinx/Vivado/2019.1/bin/unwrapped/win64.o/xelab.exe -wto 016c3969ec4b42579f24e73fc71ce675 --incr --debug typical --relax --mt 2 -L xil_defaultlib -L unisims_ver -L unimacro_ver -L secureip --snapshot tb_top_behav xil_defaultlib.tb_top xil_defaultlib.glbl -log elaborate.log 
Using 2 slave threads.
Starting static elaboration
WARNING: [VRFC 10-2861] module 'Accumulator' does not have a parameter named BIAS [D:/Git_repo/KNU_CCDC/KNU_CCDC/KNU_CNN.srcs/sources_1/new/PE_Array.sv:136]
WARNING: [VRFC 10-2861] module 'Accumulator' does not have a parameter named BIAS [D:/Git_repo/KNU_CCDC/KNU_CCDC/KNU_CNN.srcs/sources_1/new/PE_Array.sv:149]
WARNING: [VRFC 10-3091] actual bit length 1 differs from formal bit length 4 for port 'result' [D:/Git_repo/KNU_CCDC/KNU_CCDC/KNU_CNN.srcs/sim_1/new/tb_top.sv:81]
WARNING: [VRFC 10-3091] actual bit length 6 differs from formal bit length 4 for port 'bias_idx' [D:/Git_repo/KNU_CCDC/KNU_CCDC/KNU_CNN.srcs/sources_1/new/top.sv:350]
Completed static elaboration
INFO: [XSIM 43-4323] No Change in HDL. Linking previously generated obj files to create kernel
INFO: [USF-XSim-69] 'elaborate' step finished in '1' seconds
INFO: [USF-XSim-4] XSim::Simulate design
INFO: [USF-XSim-61] Executing 'SIMULATE' step in 'D:/Git_repo/KNU_CCDC/KNU_CCDC/KNU_CNN.sim/sim_1/behav/xsim'
INFO: [USF-XSim-98] *** Running xsim
   with args "tb_top_behav -key {Behavioral:sim_1:Functional:tb_top} -tclbatch {tb_top.tcl} -view {D:/Git_repo/KNU_CCDC/KNU_CCDC/KNU_CNN.srcs/sim_1/imports/PE_5x5_test_row2/tb_PE_Array_behav1.wcfg} -log {simulate.log}"
INFO: [USF-XSim-8] Loading simulator feature
Vivado Simulator 2019.1
Time resolution is 1 ps
open_wave_config D:/Git_repo/KNU_CCDC/KNU_CCDC/KNU_CNN.srcs/sim_1/imports/PE_5x5_test_row2/tb_PE_Array_behav1.wcfg
source tb_top.tcl
# set curr_wave [current_wave_config]
# if { [string length $curr_wave] == 0 } {
#   if { [llength [get_objects]] > 0} {
#     add_wave /
#     set_property needs_save false [current_wave_config]
#   } else {
#      send_msg_id Add_Wave-1 WARNING "No top level signals found. Simulator will start without a wave window. If you want to open a wave window go to 'File->New Waveform Configuration' or type 'create_wave_config' in the TCL console."
#   }
# }
# run 1000ns
WARNING: File D:/git_backup/KNU_CCDC/KNU_CNN.srcs/CNN_MNIST/fc_weight_transposed.txt referenced on D:/Git_repo/KNU_CCDC/KNU_CCDC/KNU_CNN.srcs/sources_1/new/fc_weight_ROM.sv at line 15 cannot be opened for reading. Please ensure that this file is available in the current working directory.
WARNING: File D:/git_backup/KNU_CCDC/KNU_CNN.srcs/CNN_MNIST/fc_bias.txt referenced on D:/Git_repo/KNU_CCDC/KNU_CCDC/KNU_CNN.srcs/sources_1/new/fc_bias_ROM.sv at line 15 cannot be opened for reading. Please ensure that this file is available in the current working directory.
INFO: [USF-XSim-96] XSim completed. Design snapshot 'tb_top_behav' loaded.
INFO: [USF-XSim-97] XSim simulation ran for 1000ns
launch_simulation: Time (s): cpu = 00:00:05 ; elapsed = 00:00:06 . Memory (MB): peak = 984.227 ; gain = 31.047
export_ip_user_files -of_objects  [get_files D:/Git_repo/KNU_CCDC/KNU_CCDC/KNU_CNN.srcs/sim_1/imports/PE_5x5_test_row2/tb_PE_Array_behav1.wcfg] -no_script -reset -force -quiet
remove_files  -fileset sim_1 D:/Git_repo/KNU_CCDC/KNU_CCDC/KNU_CNN.srcs/sim_1/imports/PE_5x5_test_row2/tb_PE_Array_behav1.wcfg
add_files -norecurse {D:/Git_repo/KNU_CCDC/KNU_CCDC/tb_acc_behav.wcfg D:/Git_repo/KNU_CCDC/KNU_CCDC/tb_PE_Array_behav1.wcfg}
relaunch_sim
INFO: [Vivado 12-5682] Launching behavioral simulation in 'D:/Git_repo/KNU_CCDC/KNU_CCDC/KNU_CNN.sim/sim_1/behav/xsim'
INFO: [SIM-utils-51] Simulation object is 'sim_1'
INFO: [SIM-utils-54] Inspecting design source files for 'tb_top' in fileset 'sim_1'...
INFO: [USF-XSim-97] Finding global include files...
INFO: [USF-XSim-98] Fetching design files from 'sim_1'...
INFO: [USF-XSim-2] XSim::Compile design
INFO: [USF-XSim-61] Executing 'COMPILE and ANALYZE' step in 'D:/Git_repo/KNU_CCDC/KNU_CCDC/KNU_CNN.sim/sim_1/behav/xsim'
"xvlog --incr --relax -prj tb_top_vlog.prj"
INFO: [USF-XSim-69] 'compile' step finished in '1' seconds
INFO: [Vivado 12-5682] Launching behavioral simulation in 'D:/Git_repo/KNU_CCDC/KNU_CCDC/KNU_CNN.sim/sim_1/behav/xsim'
INFO: [USF-XSim-3] XSim::Elaborate design
INFO: [USF-XSim-61] Executing 'ELABORATE' step in 'D:/Git_repo/KNU_CCDC/KNU_CCDC/KNU_CNN.sim/sim_1/behav/xsim'
"xelab -wto 016c3969ec4b42579f24e73fc71ce675 --incr --debug typical --relax --mt 2 -L xil_defaultlib -L unisims_ver -L unimacro_ver -L secureip --snapshot tb_top_behav xil_defaultlib.tb_top xil_defaultlib.glbl -log elaborate.log"
Vivado Simulator 2019.1
Copyright 1986-1999, 2001-2019 Xilinx, Inc. All Rights Reserved.
Running: C:/Xilinx/Vivado/2019.1/bin/unwrapped/win64.o/xelab.exe -wto 016c3969ec4b42579f24e73fc71ce675 --incr --debug typical --relax --mt 2 -L xil_defaultlib -L unisims_ver -L unimacro_ver -L secureip --snapshot tb_top_behav xil_defaultlib.tb_top xil_defaultlib.glbl -log elaborate.log 
Using 2 slave threads.
Starting static elaboration
WARNING: [VRFC 10-2861] module 'Accumulator' does not have a parameter named BIAS [D:/Git_repo/KNU_CCDC/KNU_CCDC/KNU_CNN.srcs/sources_1/new/PE_Array.sv:136]
WARNING: [VRFC 10-2861] module 'Accumulator' does not have a parameter named BIAS [D:/Git_repo/KNU_CCDC/KNU_CCDC/KNU_CNN.srcs/sources_1/new/PE_Array.sv:149]
WARNING: [VRFC 10-3091] actual bit length 1 differs from formal bit length 4 for port 'result' [D:/Git_repo/KNU_CCDC/KNU_CCDC/KNU_CNN.srcs/sim_1/new/tb_top.sv:81]
WARNING: [VRFC 10-3091] actual bit length 6 differs from formal bit length 4 for port 'bias_idx' [D:/Git_repo/KNU_CCDC/KNU_CCDC/KNU_CNN.srcs/sources_1/new/top.sv:350]
Completed static elaboration
INFO: [XSIM 43-4323] No Change in HDL. Linking previously generated obj files to create kernel
INFO: [USF-XSim-69] 'elaborate' step finished in '1' seconds
Vivado Simulator 2019.1
Time resolution is 1 ps
WARNING: File D:/git_backup/KNU_CCDC/KNU_CNN.srcs/CNN_MNIST/fc_weight_transposed.txt referenced on D:/Git_repo/KNU_CCDC/KNU_CCDC/KNU_CNN.srcs/sources_1/new/fc_weight_ROM.sv at line 15 cannot be opened for reading. Please ensure that this file is available in the current working directory.
WARNING: File D:/git_backup/KNU_CCDC/KNU_CNN.srcs/CNN_MNIST/fc_bias.txt referenced on D:/Git_repo/KNU_CCDC/KNU_CCDC/KNU_CNN.srcs/sources_1/new/fc_bias_ROM.sv at line 15 cannot be opened for reading. Please ensure that this file is available in the current working directory.
relaunch_sim: Time (s): cpu = 00:00:02 ; elapsed = 00:00:06 . Memory (MB): peak = 1035.680 ; gain = 0.000
close_sim
INFO: [Simtcl 6-16] Simulation closed
launch_simulation
INFO: [Vivado 12-5682] Launching behavioral simulation in 'D:/Git_repo/KNU_CCDC/KNU_CCDC/KNU_CNN.sim/sim_1/behav/xsim'
INFO: [SIM-utils-51] Simulation object is 'sim_1'
INFO: [SIM-utils-54] Inspecting design source files for 'tb_top' in fileset 'sim_1'...
INFO: [USF-XSim-97] Finding global include files...
INFO: [USF-XSim-98] Fetching design files from 'sim_1'...
INFO: [USF-XSim-2] XSim::Compile design
INFO: [USF-XSim-61] Executing 'COMPILE and ANALYZE' step in 'D:/Git_repo/KNU_CCDC/KNU_CCDC/KNU_CNN.sim/sim_1/behav/xsim'
"xvlog --incr --relax -prj tb_top_vlog.prj"
INFO: [USF-XSim-69] 'compile' step finished in '1' seconds
INFO: [USF-XSim-3] XSim::Elaborate design
INFO: [USF-XSim-61] Executing 'ELABORATE' step in 'D:/Git_repo/KNU_CCDC/KNU_CCDC/KNU_CNN.sim/sim_1/behav/xsim'
"xelab -wto 016c3969ec4b42579f24e73fc71ce675 --incr --debug typical --relax --mt 2 -L xil_defaultlib -L unisims_ver -L unimacro_ver -L secureip --snapshot tb_top_behav xil_defaultlib.tb_top xil_defaultlib.glbl -log elaborate.log"
Vivado Simulator 2019.1
Copyright 1986-1999, 2001-2019 Xilinx, Inc. All Rights Reserved.
Running: C:/Xilinx/Vivado/2019.1/bin/unwrapped/win64.o/xelab.exe -wto 016c3969ec4b42579f24e73fc71ce675 --incr --debug typical --relax --mt 2 -L xil_defaultlib -L unisims_ver -L unimacro_ver -L secureip --snapshot tb_top_behav xil_defaultlib.tb_top xil_defaultlib.glbl -log elaborate.log 
Using 2 slave threads.
Starting static elaboration
WARNING: [VRFC 10-2861] module 'Accumulator' does not have a parameter named BIAS [D:/Git_repo/KNU_CCDC/KNU_CCDC/KNU_CNN.srcs/sources_1/new/PE_Array.sv:136]
WARNING: [VRFC 10-2861] module 'Accumulator' does not have a parameter named BIAS [D:/Git_repo/KNU_CCDC/KNU_CCDC/KNU_CNN.srcs/sources_1/new/PE_Array.sv:149]
WARNING: [VRFC 10-3091] actual bit length 1 differs from formal bit length 4 for port 'result' [D:/Git_repo/KNU_CCDC/KNU_CCDC/KNU_CNN.srcs/sim_1/new/tb_top.sv:81]
WARNING: [VRFC 10-3091] actual bit length 6 differs from formal bit length 4 for port 'bias_idx' [D:/Git_repo/KNU_CCDC/KNU_CCDC/KNU_CNN.srcs/sources_1/new/top.sv:350]
Completed static elaboration
INFO: [XSIM 43-4323] No Change in HDL. Linking previously generated obj files to create kernel
INFO: [USF-XSim-69] 'elaborate' step finished in '1' seconds
INFO: [USF-XSim-4] XSim::Simulate design
INFO: [USF-XSim-61] Executing 'SIMULATE' step in 'D:/Git_repo/KNU_CCDC/KNU_CCDC/KNU_CNN.sim/sim_1/behav/xsim'
INFO: [USF-XSim-98] *** Running xsim
   with args "tb_top_behav -key {Behavioral:sim_1:Functional:tb_top} -tclbatch {tb_top.tcl} -log {simulate.log}"
INFO: [USF-XSim-8] Loading simulator feature
Vivado Simulator 2019.1
Time resolution is 1 ps
source tb_top.tcl
# set curr_wave [current_wave_config]
# if { [string length $curr_wave] == 0 } {
#   if { [llength [get_objects]] > 0} {
#     add_wave /
#     set_property needs_save false [current_wave_config]
#   } else {
#      send_msg_id Add_Wave-1 WARNING "No top level signals found. Simulator will start without a wave window. If you want to open a wave window go to 'File->New Waveform Configuration' or type 'create_wave_config' in the TCL console."
#   }
# }
# run 1000ns
WARNING: File D:/git_backup/KNU_CCDC/KNU_CNN.srcs/CNN_MNIST/fc_weight_transposed.txt referenced on D:/Git_repo/KNU_CCDC/KNU_CCDC/KNU_CNN.srcs/sources_1/new/fc_weight_ROM.sv at line 15 cannot be opened for reading. Please ensure that this file is available in the current working directory.
WARNING: File D:/git_backup/KNU_CCDC/KNU_CNN.srcs/CNN_MNIST/fc_bias.txt referenced on D:/Git_repo/KNU_CCDC/KNU_CCDC/KNU_CNN.srcs/sources_1/new/fc_bias_ROM.sv at line 15 cannot be opened for reading. Please ensure that this file is available in the current working directory.
INFO: [USF-XSim-96] XSim completed. Design snapshot 'tb_top_behav' loaded.
INFO: [USF-XSim-97] XSim simulation ran for 1000ns
close_sim
INFO: [Simtcl 6-16] Simulation closed
launch_simulation
INFO: [Vivado 12-5682] Launching behavioral simulation in 'D:/Git_repo/KNU_CCDC/KNU_CCDC/KNU_CNN.sim/sim_1/behav/xsim'
INFO: [SIM-utils-51] Simulation object is 'sim_1'
INFO: [SIM-utils-54] Inspecting design source files for 'tb_top' in fileset 'sim_1'...
INFO: [USF-XSim-97] Finding global include files...
INFO: [USF-XSim-98] Fetching design files from 'sim_1'...
INFO: [USF-XSim-2] XSim::Compile design
INFO: [USF-XSim-61] Executing 'COMPILE and ANALYZE' step in 'D:/Git_repo/KNU_CCDC/KNU_CCDC/KNU_CNN.sim/sim_1/behav/xsim'
"xvlog --incr --relax -prj tb_top_vlog.prj"
INFO: [USF-XSim-69] 'compile' step finished in '1' seconds
INFO: [USF-XSim-3] XSim::Elaborate design
INFO: [USF-XSim-61] Executing 'ELABORATE' step in 'D:/Git_repo/KNU_CCDC/KNU_CCDC/KNU_CNN.sim/sim_1/behav/xsim'
"xelab -wto 016c3969ec4b42579f24e73fc71ce675 --incr --debug typical --relax --mt 2 -L xil_defaultlib -L unisims_ver -L unimacro_ver -L secureip --snapshot tb_top_behav xil_defaultlib.tb_top xil_defaultlib.glbl -log elaborate.log"
Vivado Simulator 2019.1
Copyright 1986-1999, 2001-2019 Xilinx, Inc. All Rights Reserved.
Running: C:/Xilinx/Vivado/2019.1/bin/unwrapped/win64.o/xelab.exe -wto 016c3969ec4b42579f24e73fc71ce675 --incr --debug typical --relax --mt 2 -L xil_defaultlib -L unisims_ver -L unimacro_ver -L secureip --snapshot tb_top_behav xil_defaultlib.tb_top xil_defaultlib.glbl -log elaborate.log 
Using 2 slave threads.
Starting static elaboration
WARNING: [VRFC 10-2861] module 'Accumulator' does not have a parameter named BIAS [D:/Git_repo/KNU_CCDC/KNU_CCDC/KNU_CNN.srcs/sources_1/new/PE_Array.sv:136]
WARNING: [VRFC 10-2861] module 'Accumulator' does not have a parameter named BIAS [D:/Git_repo/KNU_CCDC/KNU_CCDC/KNU_CNN.srcs/sources_1/new/PE_Array.sv:149]
WARNING: [VRFC 10-3091] actual bit length 1 differs from formal bit length 4 for port 'result' [D:/Git_repo/KNU_CCDC/KNU_CCDC/KNU_CNN.srcs/sim_1/new/tb_top.sv:81]
WARNING: [VRFC 10-3091] actual bit length 6 differs from formal bit length 4 for port 'bias_idx' [D:/Git_repo/KNU_CCDC/KNU_CCDC/KNU_CNN.srcs/sources_1/new/top.sv:350]
Completed static elaboration
INFO: [XSIM 43-4323] No Change in HDL. Linking previously generated obj files to create kernel
INFO: [USF-XSim-69] 'elaborate' step finished in '1' seconds
INFO: [USF-XSim-4] XSim::Simulate design
INFO: [USF-XSim-61] Executing 'SIMULATE' step in 'D:/Git_repo/KNU_CCDC/KNU_CCDC/KNU_CNN.sim/sim_1/behav/xsim'
INFO: [USF-XSim-98] *** Running xsim
   with args "tb_top_behav -key {Behavioral:sim_1:Functional:tb_top} -tclbatch {tb_top.tcl} -log {simulate.log}"
INFO: [USF-XSim-8] Loading simulator feature
Vivado Simulator 2019.1
Time resolution is 1 ps
source tb_top.tcl
# set curr_wave [current_wave_config]
# if { [string length $curr_wave] == 0 } {
#   if { [llength [get_objects]] > 0} {
#     add_wave /
#     set_property needs_save false [current_wave_config]
#   } else {
#      send_msg_id Add_Wave-1 WARNING "No top level signals found. Simulator will start without a wave window. If you want to open a wave window go to 'File->New Waveform Configuration' or type 'create_wave_config' in the TCL console."
#   }
# }
# run 1000ns
WARNING: File D:/git_backup/KNU_CCDC/KNU_CNN.srcs/CNN_MNIST/fc_weight_transposed.txt referenced on D:/Git_repo/KNU_CCDC/KNU_CCDC/KNU_CNN.srcs/sources_1/new/fc_weight_ROM.sv at line 15 cannot be opened for reading. Please ensure that this file is available in the current working directory.
WARNING: File D:/git_backup/KNU_CCDC/KNU_CNN.srcs/CNN_MNIST/fc_bias.txt referenced on D:/Git_repo/KNU_CCDC/KNU_CCDC/KNU_CNN.srcs/sources_1/new/fc_bias_ROM.sv at line 15 cannot be opened for reading. Please ensure that this file is available in the current working directory.
INFO: [USF-XSim-96] XSim completed. Design snapshot 'tb_top_behav' loaded.
INFO: [USF-XSim-97] XSim simulation ran for 1000ns
launch_simulation: Time (s): cpu = 00:00:03 ; elapsed = 00:00:05 . Memory (MB): peak = 1044.742 ; gain = 0.000
run 10 us
current_wave_config {Untitled 3}
Untitled 3
add_wave {{/tb_top/TOP_inst/clk_i}} {{/tb_top/TOP_inst/rstn_i}} {{/tb_top/TOP_inst/start_i}} {{/tb_top/TOP_inst/image_6rows}} {{/tb_top/TOP_inst/conv1_weight_1}} {{/tb_top/TOP_inst/conv1_weight_2}} {{/tb_top/TOP_inst/conv1_weight_3}} {{/tb_top/TOP_inst/bias_1}} {{/tb_top/TOP_inst/cycle}} {{/tb_top/TOP_inst/image_idx}} {{/tb_top/TOP_inst/image_rom_en}} {{/tb_top/TOP_inst/weight_sel}} {{/tb_top/TOP_inst/bias_sel}} {{/tb_top/TOP_inst/ready}} {{/tb_top/TOP_inst/done}} 
current_wave_config {Untitled 3}
Untitled 3
add_wave {{/tb_top/TOP_inst/result}} 
run 10 us
relaunch_sim
INFO: [Vivado 12-5682] Launching behavioral simulation in 'D:/Git_repo/KNU_CCDC/KNU_CCDC/KNU_CNN.sim/sim_1/behav/xsim'
INFO: [SIM-utils-51] Simulation object is 'sim_1'
INFO: [SIM-utils-54] Inspecting design source files for 'tb_top' in fileset 'sim_1'...
INFO: [USF-XSim-97] Finding global include files...
INFO: [USF-XSim-98] Fetching design files from 'sim_1'...
INFO: [USF-XSim-2] XSim::Compile design
INFO: [USF-XSim-61] Executing 'COMPILE and ANALYZE' step in 'D:/Git_repo/KNU_CCDC/KNU_CCDC/KNU_CNN.sim/sim_1/behav/xsim'
"xvlog --incr --relax -prj tb_top_vlog.prj"
INFO: [USF-XSim-69] 'compile' step finished in '1' seconds
INFO: [Vivado 12-5682] Launching behavioral simulation in 'D:/Git_repo/KNU_CCDC/KNU_CCDC/KNU_CNN.sim/sim_1/behav/xsim'
INFO: [USF-XSim-3] XSim::Elaborate design
INFO: [USF-XSim-61] Executing 'ELABORATE' step in 'D:/Git_repo/KNU_CCDC/KNU_CCDC/KNU_CNN.sim/sim_1/behav/xsim'
"xelab -wto 016c3969ec4b42579f24e73fc71ce675 --incr --debug typical --relax --mt 2 -L xil_defaultlib -L unisims_ver -L unimacro_ver -L secureip --snapshot tb_top_behav xil_defaultlib.tb_top xil_defaultlib.glbl -log elaborate.log"
Vivado Simulator 2019.1
Copyright 1986-1999, 2001-2019 Xilinx, Inc. All Rights Reserved.
Running: C:/Xilinx/Vivado/2019.1/bin/unwrapped/win64.o/xelab.exe -wto 016c3969ec4b42579f24e73fc71ce675 --incr --debug typical --relax --mt 2 -L xil_defaultlib -L unisims_ver -L unimacro_ver -L secureip --snapshot tb_top_behav xil_defaultlib.tb_top xil_defaultlib.glbl -log elaborate.log 
Using 2 slave threads.
Starting static elaboration
WARNING: [VRFC 10-2861] module 'Accumulator' does not have a parameter named BIAS [D:/Git_repo/KNU_CCDC/KNU_CCDC/KNU_CNN.srcs/sources_1/new/PE_Array.sv:136]
WARNING: [VRFC 10-2861] module 'Accumulator' does not have a parameter named BIAS [D:/Git_repo/KNU_CCDC/KNU_CCDC/KNU_CNN.srcs/sources_1/new/PE_Array.sv:149]
WARNING: [VRFC 10-3091] actual bit length 1 differs from formal bit length 4 for port 'result' [D:/Git_repo/KNU_CCDC/KNU_CCDC/KNU_CNN.srcs/sim_1/new/tb_top.sv:81]
WARNING: [VRFC 10-3091] actual bit length 6 differs from formal bit length 4 for port 'bias_idx' [D:/Git_repo/KNU_CCDC/KNU_CCDC/KNU_CNN.srcs/sources_1/new/top.sv:350]
Completed static elaboration
INFO: [XSIM 43-4323] No Change in HDL. Linking previously generated obj files to create kernel
INFO: [USF-XSim-69] 'elaborate' step finished in '1' seconds
Vivado Simulator 2019.1
Time resolution is 1 ps
WARNING: File D:/git_backup/KNU_CCDC/KNU_CNN.srcs/CNN_MNIST/fc_weight_transposed.txt referenced on D:/Git_repo/KNU_CCDC/KNU_CCDC/KNU_CNN.srcs/sources_1/new/fc_weight_ROM.sv at line 15 cannot be opened for reading. Please ensure that this file is available in the current working directory.
WARNING: File D:/git_backup/KNU_CCDC/KNU_CNN.srcs/CNN_MNIST/fc_bias.txt referenced on D:/Git_repo/KNU_CCDC/KNU_CCDC/KNU_CNN.srcs/sources_1/new/fc_bias_ROM.sv at line 15 cannot be opened for reading. Please ensure that this file is available in the current working directory.
relaunch_sim: Time (s): cpu = 00:00:01 ; elapsed = 00:00:06 . Memory (MB): peak = 1044.742 ; gain = 0.000
run 10 us
run 10 us
current_wave_config {Untitled 3}
Untitled 3
add_wave {{/tb_top/TOP_inst/fc_layer/en_i}} {{/tb_top/TOP_inst/fc_layer/clear_i}} {{/tb_top/TOP_inst/fc_layer/flatten_input_i}} {{/tb_top/TOP_inst/fc_layer/weight_input_i}} {{/tb_top/TOP_inst/fc_layer/bias_input_i}} {{/tb_top/TOP_inst/fc_layer/result_o}} {{/tb_top/TOP_inst/fc_layer/done_o}} {{/tb_top/TOP_inst/fc_layer/valid_out}} {{/tb_top/TOP_inst/fc_layer/data_out}} 
relaunch_sim
INFO: [Vivado 12-5682] Launching behavioral simulation in 'D:/Git_repo/KNU_CCDC/KNU_CCDC/KNU_CNN.sim/sim_1/behav/xsim'
INFO: [SIM-utils-51] Simulation object is 'sim_1'
INFO: [SIM-utils-54] Inspecting design source files for 'tb_top' in fileset 'sim_1'...
INFO: [USF-XSim-97] Finding global include files...
INFO: [USF-XSim-98] Fetching design files from 'sim_1'...
INFO: [USF-XSim-2] XSim::Compile design
INFO: [USF-XSim-61] Executing 'COMPILE and ANALYZE' step in 'D:/Git_repo/KNU_CCDC/KNU_CCDC/KNU_CNN.sim/sim_1/behav/xsim'
"xvlog --incr --relax -prj tb_top_vlog.prj"
INFO: [USF-XSim-69] 'compile' step finished in '1' seconds
INFO: [Vivado 12-5682] Launching behavioral simulation in 'D:/Git_repo/KNU_CCDC/KNU_CCDC/KNU_CNN.sim/sim_1/behav/xsim'
INFO: [USF-XSim-3] XSim::Elaborate design
INFO: [USF-XSim-61] Executing 'ELABORATE' step in 'D:/Git_repo/KNU_CCDC/KNU_CCDC/KNU_CNN.sim/sim_1/behav/xsim'
"xelab -wto 016c3969ec4b42579f24e73fc71ce675 --incr --debug typical --relax --mt 2 -L xil_defaultlib -L unisims_ver -L unimacro_ver -L secureip --snapshot tb_top_behav xil_defaultlib.tb_top xil_defaultlib.glbl -log elaborate.log"
Vivado Simulator 2019.1
Copyright 1986-1999, 2001-2019 Xilinx, Inc. All Rights Reserved.
Running: C:/Xilinx/Vivado/2019.1/bin/unwrapped/win64.o/xelab.exe -wto 016c3969ec4b42579f24e73fc71ce675 --incr --debug typical --relax --mt 2 -L xil_defaultlib -L unisims_ver -L unimacro_ver -L secureip --snapshot tb_top_behav xil_defaultlib.tb_top xil_defaultlib.glbl -log elaborate.log 
Using 2 slave threads.
Starting static elaboration
WARNING: [VRFC 10-2861] module 'Accumulator' does not have a parameter named BIAS [D:/Git_repo/KNU_CCDC/KNU_CCDC/KNU_CNN.srcs/sources_1/new/PE_Array.sv:136]
WARNING: [VRFC 10-2861] module 'Accumulator' does not have a parameter named BIAS [D:/Git_repo/KNU_CCDC/KNU_CCDC/KNU_CNN.srcs/sources_1/new/PE_Array.sv:149]
WARNING: [VRFC 10-3091] actual bit length 1 differs from formal bit length 4 for port 'result' [D:/Git_repo/KNU_CCDC/KNU_CCDC/KNU_CNN.srcs/sim_1/new/tb_top.sv:81]
WARNING: [VRFC 10-3091] actual bit length 6 differs from formal bit length 4 for port 'bias_idx' [D:/Git_repo/KNU_CCDC/KNU_CCDC/KNU_CNN.srcs/sources_1/new/top.sv:350]
Completed static elaboration
INFO: [XSIM 43-4323] No Change in HDL. Linking previously generated obj files to create kernel
INFO: [USF-XSim-69] 'elaborate' step finished in '1' seconds
Vivado Simulator 2019.1
Time resolution is 1 ps
WARNING: File D:/git_backup/KNU_CCDC/KNU_CNN.srcs/CNN_MNIST/fc_weight_transposed.txt referenced on D:/Git_repo/KNU_CCDC/KNU_CCDC/KNU_CNN.srcs/sources_1/new/fc_weight_ROM.sv at line 15 cannot be opened for reading. Please ensure that this file is available in the current working directory.
WARNING: File D:/git_backup/KNU_CCDC/KNU_CNN.srcs/CNN_MNIST/fc_bias.txt referenced on D:/Git_repo/KNU_CCDC/KNU_CCDC/KNU_CNN.srcs/sources_1/new/fc_bias_ROM.sv at line 15 cannot be opened for reading. Please ensure that this file is available in the current working directory.
relaunch_sim: Time (s): cpu = 00:00:02 ; elapsed = 00:00:06 . Memory (MB): peak = 1044.742 ; gain = 0.000
run 10 us
save_wave_config {D:/Git_repo/KNU_CCDC/KNU_CCDC/tb_top_behav.wcfg}
add_files -fileset sim_1 -norecurse D:/Git_repo/KNU_CCDC/KNU_CCDC/tb_top_behav.wcfg
set_property xsim.view {D:/PE_5x5_test_row2/tb_PE_Array_behav.wcfg D:/PE_5x5_test_row2/tb_PE_Array_behav1.wcfg D:/Git_repo/KNU_CCDC/KNU_CCDC/tb_acc_behav.wcfg D:/Git_repo/KNU_CCDC/KNU_CCDC/tb_top_behav.wcfg} [get_filesets sim_1]
close_sim
INFO: [Simtcl 6-16] Simulation closed
exit
INFO: [Common 17-206] Exiting Vivado at Mon Oct 21 20:40:26 2024...
