#-----------------------------------------------------------
# Vivado v2019.1 (64-bit)
# SW Build 2552052 on Fri May 24 14:49:42 MDT 2019
# IP Build 2548770 on Fri May 24 18:01:18 MDT 2019
# Start of session at: Fri Oct 11 00:47:10 2024
# Process ID: 3924
# Current directory: E:/CCDC/KNU_Git/foodbug/KNU_CCDC
# Command line: vivado.exe -gui_launcher_event rodinguilauncherevent6452 E:\CCDC\KNU_Git\foodbug\KNU_CCDC\KNU_CNN.xpr
# Log file: E:/CCDC/KNU_Git/foodbug/KNU_CCDC/vivado.log
# Journal file: E:/CCDC/KNU_Git/foodbug/KNU_CCDC\vivado.jou
#-----------------------------------------------------------
start_gui
open_project E:/CCDC/KNU_Git/foodbug/KNU_CCDC/KNU_CNN.xpr
Scanning sources...
Finished scanning sources
INFO: [IP_Flow 19-234] Refreshing IP repositories
INFO: [IP_Flow 19-1704] No user IP repositories specified
INFO: [IP_Flow 19-2313] Loaded Vivado IP repository 'C:/Xilinx/Vivado/2019.1/data/ip'.
update_compile_order -fileset sources_1
launch_simulation
INFO: [Vivado 12-5682] Launching behavioral simulation in 'E:/CCDC/KNU_Git/foodbug/KNU_CCDC/KNU_CNN.sim/sim_1/behav/xsim'
INFO: [SIM-utils-51] Simulation object is 'sim_1'
INFO: [SIM-utils-54] Inspecting design source files for 'tb_top' in fileset 'sim_1'...
INFO: [USF-XSim-97] Finding global include files...
INFO: [USF-XSim-98] Fetching design files from 'sim_1'...
INFO: [USF-XSim-2] XSim::Compile design
INFO: [USF-XSim-61] Executing 'COMPILE and ANALYZE' step in 'E:/CCDC/KNU_Git/foodbug/KNU_CCDC/KNU_CNN.sim/sim_1/behav/xsim'
"xvlog --incr --relax -prj tb_top_vlog.prj"
INFO: [VRFC 10-2263] Analyzing SystemVerilog file "E:/CCDC/KNU_Git/foodbug/KNU_CCDC/KNU_CNN.srcs/sources_1/new/Accumulator.sv" into library xil_defaultlib
INFO: [VRFC 10-311] analyzing module Accumulator
INFO: [VRFC 10-2263] Analyzing SystemVerilog file "E:/CCDC/KNU_Git/foodbug/KNU_CCDC/KNU_CNN.srcs/sources_1/new/FIFO.sv" into library xil_defaultlib
INFO: [VRFC 10-311] analyzing module FIFO
INFO: [VRFC 10-2263] Analyzing SystemVerilog file "E:/CCDC/KNU_Git/foodbug/KNU_CCDC/KNU_CNN.srcs/sources_1/new/Max_Pooling_ReLU.sv" into library xil_defaultlib
INFO: [VRFC 10-311] analyzing module Max_Pooling_ReLU
INFO: [VRFC 10-2263] Analyzing SystemVerilog file "E:/CCDC/KNU_Git/foodbug/KNU_CCDC/KNU_CNN.srcs/sources_1/new/PE_Array.sv" into library xil_defaultlib
INFO: [VRFC 10-311] analyzing module PE_Array
INFO: [VRFC 10-2263] Analyzing SystemVerilog file "E:/CCDC/KNU_Git/foodbug/KNU_CCDC/KNU_CNN.srcs/sources_1/new/buffer1.sv" into library xil_defaultlib
INFO: [VRFC 10-311] analyzing module buffer1
INFO: [VRFC 10-2263] Analyzing SystemVerilog file "E:/CCDC/KNU_Git/foodbug/KNU_CCDC/KNU_CNN.srcs/sources_1/new/comparator.sv" into library xil_defaultlib
INFO: [VRFC 10-311] analyzing module comparator
INFO: [VRFC 10-2263] Analyzing SystemVerilog file "E:/CCDC/KNU_Git/foodbug/KNU_CCDC/KNU_CNN.srcs/sources_1/new/conv2d_pe.sv" into library xil_defaultlib
INFO: [VRFC 10-311] analyzing module conv2d_pe
INFO: [VRFC 10-2263] Analyzing SystemVerilog file "E:/CCDC/KNU_Git/foodbug/KNU_CCDC/KNU_CNN.srcs/sources_1/new/global_controller.sv" into library xil_defaultlib
INFO: [VRFC 10-311] analyzing module global_controller
INFO: [VRFC 10-2263] Analyzing SystemVerilog file "E:/CCDC/KNU_Git/foodbug/KNU_CCDC/KNU_CNN.srcs/sources_1/new/top.sv" into library xil_defaultlib
INFO: [VRFC 10-311] analyzing module top
INFO: [VRFC 10-2263] Analyzing SystemVerilog file "E:/CCDC/KNU_Git/foodbug/KNU_CCDC/KNU_CNN.srcs/sim_1/new/tb_top.sv" into library xil_defaultlib
INFO: [VRFC 10-311] analyzing module tb_top
INFO: [VRFC 10-2263] Analyzing Verilog file "E:/CCDC/KNU_Git/foodbug/KNU_CCDC/KNU_CNN.sim/sim_1/behav/xsim/glbl.v" into library xil_defaultlib
INFO: [VRFC 10-311] analyzing module glbl
INFO: [USF-XSim-69] 'compile' step finished in '1' seconds
INFO: [USF-XSim-3] XSim::Elaborate design
INFO: [USF-XSim-61] Executing 'ELABORATE' step in 'E:/CCDC/KNU_Git/foodbug/KNU_CCDC/KNU_CNN.sim/sim_1/behav/xsim'
"xelab -wto 016c3969ec4b42579f24e73fc71ce675 --incr --debug typical --relax --mt 2 -L xil_defaultlib -L unisims_ver -L unimacro_ver -L secureip --snapshot tb_top_behav xil_defaultlib.tb_top xil_defaultlib.glbl -log elaborate.log"
Vivado Simulator 2019.1
Copyright 1986-1999, 2001-2019 Xilinx, Inc. All Rights Reserved.
Running: C:/Xilinx/Vivado/2019.1/bin/unwrapped/win64.o/xelab.exe -wto 016c3969ec4b42579f24e73fc71ce675 --incr --debug typical --relax --mt 2 -L xil_defaultlib -L unisims_ver -L unimacro_ver -L secureip --snapshot tb_top_behav xil_defaultlib.tb_top xil_defaultlib.glbl -log elaborate.log 
Using 2 slave threads.
Starting static elaboration
Completed static elaboration
Starting simulation data flow analysis
Completed simulation data flow analysis
Time Resolution for simulation is 1ps
Compiling module xil_defaultlib.global_controller
Compiling module xil_defaultlib.conv2d_pe
Compiling module xil_defaultlib.PE_Array_default
Compiling module xil_defaultlib.Accumulator
Compiling module xil_defaultlib.comparator
Compiling module xil_defaultlib.FIFO
Compiling module xil_defaultlib.Max_Pooling_ReLU
Compiling module xil_defaultlib.buffer1
Compiling module xil_defaultlib.top
Compiling module xil_defaultlib.tb_top
Compiling module xil_defaultlib.glbl
Built simulation snapshot tb_top_behav
INFO: [USF-XSim-69] 'elaborate' step finished in '3' seconds
INFO: [USF-XSim-4] XSim::Simulate design
INFO: [USF-XSim-61] Executing 'SIMULATE' step in 'E:/CCDC/KNU_Git/foodbug/KNU_CCDC/KNU_CNN.sim/sim_1/behav/xsim'
INFO: [USF-XSim-98] *** Running xsim
   with args "tb_top_behav -key {Behavioral:sim_1:Functional:tb_top} -tclbatch {tb_top.tcl} -view {E:/CCDC/KNU_Git/foodbug/KNU_CCDC/KNU_CNN.srcs/sim_1/imports/PE_5x5_test_row2/tb_PE_Array_behav1.wcfg} -log {simulate.log}"
INFO: [USF-XSim-8] Loading simulator feature
Vivado Simulator 2019.1
Time resolution is 1 ps
open_wave_config E:/CCDC/KNU_Git/foodbug/KNU_CCDC/KNU_CNN.srcs/sim_1/imports/PE_5x5_test_row2/tb_PE_Array_behav1.wcfg
source tb_top.tcl
# set curr_wave [current_wave_config]
# if { [string length $curr_wave] == 0 } {
#   if { [llength [get_objects]] > 0} {
#     add_wave /
#     set_property needs_save false [current_wave_config]
#   } else {
#      send_msg_id Add_Wave-1 WARNING "No top level signals found. Simulator will start without a wave window. If you want to open a wave window go to 'File->New Waveform Configuration' or type 'create_wave_config' in the TCL console."
#   }
# }
# run 1000ns
xsim: Time (s): cpu = 00:00:06 ; elapsed = 00:00:05 . Memory (MB): peak = 859.738 ; gain = 75.832
INFO: [USF-XSim-96] XSim completed. Design snapshot 'tb_top_behav' loaded.
INFO: [USF-XSim-97] XSim simulation ran for 1000ns
launch_simulation: Time (s): cpu = 00:00:08 ; elapsed = 00:00:10 . Memory (MB): peak = 859.738 ; gain = 75.832
close_sim
INFO: [Simtcl 6-16] Simulation closed
set_property SOURCE_SET sources_1 [get_filesets sim_1]
close [ open E:/CCDC/KNU_Git/foodbug/KNU_CCDC/KNU_CNN.srcs/sim_1/new/tb_acc.sv w ]
add_files -fileset sim_1 E:/CCDC/KNU_Git/foodbug/KNU_CCDC/KNU_CNN.srcs/sim_1/new/tb_acc.sv
update_compile_order -fileset sim_1
set_property top tb_acc [get_filesets sim_1]
set_property top_lib xil_defaultlib [get_filesets sim_1]
update_compile_order -fileset sim_1
launch_simulation
INFO: [Vivado 12-5682] Launching behavioral simulation in 'E:/CCDC/KNU_Git/foodbug/KNU_CCDC/KNU_CNN.sim/sim_1/behav/xsim'
INFO: [SIM-utils-51] Simulation object is 'sim_1'
INFO: [SIM-utils-54] Inspecting design source files for 'tb_acc' in fileset 'sim_1'...
INFO: [USF-XSim-97] Finding global include files...
INFO: [USF-XSim-98] Fetching design files from 'sim_1'...
INFO: [USF-XSim-2] XSim::Compile design
INFO: [USF-XSim-61] Executing 'COMPILE and ANALYZE' step in 'E:/CCDC/KNU_Git/foodbug/KNU_CCDC/KNU_CNN.sim/sim_1/behav/xsim'
"xvlog --incr --relax -prj tb_acc_vlog.prj"
INFO: [VRFC 10-2263] Analyzing SystemVerilog file "E:/CCDC/KNU_Git/foodbug/KNU_CCDC/KNU_CNN.srcs/sources_1/new/Accumulator.sv" into library xil_defaultlib
INFO: [VRFC 10-311] analyzing module Accumulator
INFO: [VRFC 10-2263] Analyzing SystemVerilog file "E:/CCDC/KNU_Git/foodbug/KNU_CCDC/KNU_CNN.srcs/sim_1/new/tb_acc.sv" into library xil_defaultlib
INFO: [VRFC 10-311] analyzing module tb_acc
INFO: [USF-XSim-69] 'compile' step finished in '1' seconds
INFO: [USF-XSim-3] XSim::Elaborate design
INFO: [USF-XSim-61] Executing 'ELABORATE' step in 'E:/CCDC/KNU_Git/foodbug/KNU_CCDC/KNU_CNN.sim/sim_1/behav/xsim'
"xelab -wto 016c3969ec4b42579f24e73fc71ce675 --incr --debug typical --relax --mt 2 -L xil_defaultlib -L unisims_ver -L unimacro_ver -L secureip --snapshot tb_acc_behav xil_defaultlib.tb_acc xil_defaultlib.glbl -log elaborate.log"
Vivado Simulator 2019.1
Copyright 1986-1999, 2001-2019 Xilinx, Inc. All Rights Reserved.
Running: C:/Xilinx/Vivado/2019.1/bin/unwrapped/win64.o/xelab.exe -wto 016c3969ec4b42579f24e73fc71ce675 --incr --debug typical --relax --mt 2 -L xil_defaultlib -L unisims_ver -L unimacro_ver -L secureip --snapshot tb_acc_behav xil_defaultlib.tb_acc xil_defaultlib.glbl -log elaborate.log 
Using 2 slave threads.
Starting static elaboration
Completed static elaboration
Starting simulation data flow analysis
Completed simulation data flow analysis
Time Resolution for simulation is 1ps
Compiling module xil_defaultlib.Accumulator
Compiling module xil_defaultlib.tb_acc
Compiling module xil_defaultlib.glbl
Built simulation snapshot tb_acc_behav

****** Webtalk v2019.1 (64-bit)
  **** SW Build 2552052 on Fri May 24 14:49:42 MDT 2019
  **** IP Build 2548770 on Fri May 24 18:01:18 MDT 2019
    ** Copyright 1986-2019 Xilinx, Inc. All Rights Reserved.

source E:/CCDC/KNU_Git/foodbug/KNU_CCDC/KNU_CNN.sim/sim_1/behav/xsim/xsim.dir/tb_acc_behav/webtalk/xsim_webtalk.tcl -notrace
INFO: [Common 17-206] Exiting Webtalk at Fri Oct 11 00:49:08 2024...
INFO: [USF-XSim-69] 'elaborate' step finished in '4' seconds
INFO: [USF-XSim-4] XSim::Simulate design
INFO: [USF-XSim-61] Executing 'SIMULATE' step in 'E:/CCDC/KNU_Git/foodbug/KNU_CCDC/KNU_CNN.sim/sim_1/behav/xsim'
INFO: [USF-XSim-98] *** Running xsim
   with args "tb_acc_behav -key {Behavioral:sim_1:Functional:tb_acc} -tclbatch {tb_acc.tcl} -view {E:/CCDC/KNU_Git/foodbug/KNU_CCDC/KNU_CNN.srcs/sim_1/imports/PE_5x5_test_row2/tb_PE_Array_behav1.wcfg} -log {simulate.log}"
INFO: [USF-XSim-8] Loading simulator feature
Vivado Simulator 2019.1
Time resolution is 1 ps
open_wave_config E:/CCDC/KNU_Git/foodbug/KNU_CCDC/KNU_CNN.srcs/sim_1/imports/PE_5x5_test_row2/tb_PE_Array_behav1.wcfg
WARNING: Simulation object /tb_top/TOP_inst/image_rom_en was not found in the design.
WARNING: Simulation object /tb_top/TOP_inst/image_idx was not found in the design.
WARNING: Simulation object /tb_top/TOP_inst/cycle was not found in the design.
WARNING: Simulation object /tb_top/TOP_inst/PE_inst/data_in was not found in the design.
WARNING: Simulation object /tb_top/TOP_inst/PE_inst/filter1_weights was not found in the design.
WARNING: Simulation object /tb_top/TOP_inst/PE_inst/filter2_weights was not found in the design.
WARNING: Simulation object /tb_top/TOP_inst/PE_inst/filter3_weights was not found in the design.
WARNING: Simulation object /tb_top/TOP_inst/PE_inst/bias_in was not found in the design.
WARNING: Simulation object /tb_top/TOP_inst/PE_inst/valid_o was not found in the design.
WARNING: Simulation object /tb_top/TOP_inst/PE_inst/conv_out1 was not found in the design.
WARNING: Simulation object /tb_top/TOP_inst/PE_inst/conv_out2 was not found in the design.
WARNING: Simulation object /tb_top/TOP_inst/PE_inst/conv_out3 was not found in the design.
WARNING: Simulation object /tb_top/TOP_inst/PE_inst/\PE_ARRAY2[1].Ch2 /line_buffer1 was not found in the design.
WARNING: Simulation object /tb_top/TOP_inst/PE_inst/\PE_ARRAY2[1].Ch2 /line_buffer2 was not found in the design.
WARNING: Simulation object /tb_top/TOP_inst/PE_inst/\PE_ARRAY2[1].Ch2 /line_buffer3 was not found in the design.
WARNING: Simulation object /tb_top/TOP_inst/PE_inst/\PE_ARRAY2[1].Ch2 /line_buffer4 was not found in the design.
WARNING: Simulation object /tb_top/TOP_inst/PE_inst/\PE_ARRAY2[1].Ch2 /line_buffer5 was not found in the design.
WARNING: Simulation object /tb_top/TOP_inst/FIFO_Ch1/max_value was not found in the design.
WARNING: Simulation object /tb_top/TOP_inst/FIFO_Ch1/data_in_i was not found in the design.
WARNING: Simulation object /tb_top/TOP_inst/FIFO_Ch1/valid_in_i was not found in the design.
WARNING: Simulation object /tb_top/TOP_inst/FIFO_Ch1/data_out_o was not found in the design.
WARNING: Simulation object /tb_top/TOP_inst/FIFO_Ch1/valid_out_o was not found in the design.
WARNING: Simulation object /tb_top/TOP_inst/MaxPooling_Ch1/valid_i was not found in the design.
WARNING: Simulation object /tb_top/TOP_inst/MaxPooling_Ch1/relu_en was not found in the design.
WARNING: Simulation object /tb_top/TOP_inst/MaxPooling_Ch1/data_in was not found in the design.
WARNING: Simulation object /tb_top/TOP_inst/MaxPooling_Ch1/valid_o was not found in the design.
WARNING: Simulation object /tb_top/TOP_inst/MaxPooling_Ch1/data_o was not found in the design.
WARNING: Simulation object /tb_top/TOP_inst/MaxPooling_Ch1/data_out was not found in the design.
WARNING: Simulation object /tb_top/clk was not found in the design.
WARNING: Simulation object /tb_top/TOP_inst/FIFO_Ch2/max_value was not found in the design.
WARNING: Simulation object /tb_top/TOP_inst/FIFO_Ch2/data_in_i was not found in the design.
WARNING: Simulation object /tb_top/TOP_inst/FIFO_Ch2/valid_in_i was not found in the design.
WARNING: Simulation object /tb_top/TOP_inst/FIFO_Ch2/data_out_o was not found in the design.
WARNING: Simulation object /tb_top/TOP_inst/FIFO_Ch2/valid_out_o was not found in the design.
WARNING: Simulation object /tb_top/TOP_inst/MaxPooling_Ch2/valid_i was not found in the design.
WARNING: Simulation object /tb_top/TOP_inst/MaxPooling_Ch2/relu_en was not found in the design.
WARNING: Simulation object /tb_top/TOP_inst/MaxPooling_Ch2/data_in was not found in the design.
WARNING: Simulation object /tb_top/TOP_inst/MaxPooling_Ch2/valid_o was not found in the design.
WARNING: Simulation object /tb_top/TOP_inst/MaxPooling_Ch2/data_o was not found in the design.
WARNING: Simulation object /tb_top/TOP_inst/MaxPooling_Ch2/data_out was not found in the design.
WARNING: Simulation object /tb_top/TOP_inst/FIFO_Ch3/max_value was not found in the design.
WARNING: Simulation object /tb_top/TOP_inst/FIFO_Ch3/data_in_i was not found in the design.
WARNING: Simulation object /tb_top/TOP_inst/FIFO_Ch3/valid_in_i was not found in the design.
WARNING: Simulation object /tb_top/TOP_inst/FIFO_Ch3/data_out_o was not found in the design.
WARNING: Simulation object /tb_top/TOP_inst/FIFO_Ch3/valid_out_o was not found in the design.
WARNING: Simulation object /tb_top/TOP_inst/MaxPooling_Ch3/valid_i was not found in the design.
WARNING: Simulation object /tb_top/TOP_inst/MaxPooling_Ch3/relu_en was not found in the design.
WARNING: Simulation object /tb_top/TOP_inst/MaxPooling_Ch3/data_in was not found in the design.
WARNING: Simulation object /tb_top/TOP_inst/MaxPooling_Ch3/valid_o was not found in the design.
WARNING: Simulation object /tb_top/TOP_inst/MaxPooling_Ch3/data_o was not found in the design.
WARNING: Simulation object /tb_top/TOP_inst/MaxPooling_Ch3/data_out was not found in the design.
WARNING: Simulation object /tb_top/TOP_inst/BUF1/din_i was not found in the design.
WARNING: Simulation object /tb_top/TOP_inst/BUF1/addr_i was not found in the design.
WARNING: Simulation object /tb_top/TOP_inst/BUF1/valid_i was not found in the design.
WARNING: Simulation object /tb_top/TOP_inst/BUF1/buffer1_we was not found in the design.
WARNING: Simulation object /tb_top/TOP_inst/BUF1/dout_o was not found in the design.
WARNING: Simulation object /tb_top/TOP_inst/BUF1/mem was not found in the design.
WARNING: Simulation object /tb_top/TOP_inst/BUF2/din_i was not found in the design.
WARNING: Simulation object /tb_top/TOP_inst/BUF2/addr_i was not found in the design.
WARNING: Simulation object /tb_top/TOP_inst/BUF2/valid_i was not found in the design.
WARNING: Simulation object /tb_top/TOP_inst/BUF2/buffer1_we was not found in the design.
WARNING: Simulation object /tb_top/TOP_inst/BUF2/dout_o was not found in the design.
WARNING: Simulation object /tb_top/TOP_inst/BUF2/mem was not found in the design.
WARNING: Simulation object /tb_top/TOP_inst/BUF3/din_i was not found in the design.
WARNING: Simulation object /tb_top/TOP_inst/BUF3/addr_i was not found in the design.
WARNING: Simulation object /tb_top/TOP_inst/BUF3/valid_i was not found in the design.
WARNING: Simulation object /tb_top/TOP_inst/BUF3/buffer1_we was not found in the design.
WARNING: Simulation object /tb_top/TOP_inst/BUF3/dout_o was not found in the design.
WARNING: Simulation object /tb_top/TOP_inst/BUF3/mem was not found in the design.
source tb_acc.tcl
# set curr_wave [current_wave_config]
# if { [string length $curr_wave] == 0 } {
#   if { [llength [get_objects]] > 0} {
#     add_wave /
#     set_property needs_save false [current_wave_config]
#   } else {
#      send_msg_id Add_Wave-1 WARNING "No top level signals found. Simulator will start without a wave window. If you want to open a wave window go to 'File->New Waveform Configuration' or type 'create_wave_config' in the TCL console."
#   }
# }
# run 1000ns
INFO: [USF-XSim-96] XSim completed. Design snapshot 'tb_acc_behav' loaded.
INFO: [USF-XSim-97] XSim simulation ran for 1000ns
launch_simulation: Time (s): cpu = 00:00:01 ; elapsed = 00:00:08 . Memory (MB): peak = 860.273 ; gain = 0.000
create_wave_config
relaunch_sim
INFO: [Vivado 12-5682] Launching behavioral simulation in 'E:/CCDC/KNU_Git/foodbug/KNU_CCDC/KNU_CNN.sim/sim_1/behav/xsim'
INFO: [SIM-utils-51] Simulation object is 'sim_1'
INFO: [SIM-utils-54] Inspecting design source files for 'tb_acc' in fileset 'sim_1'...
INFO: [USF-XSim-97] Finding global include files...
INFO: [USF-XSim-98] Fetching design files from 'sim_1'...
INFO: [USF-XSim-2] XSim::Compile design
INFO: [USF-XSim-61] Executing 'COMPILE and ANALYZE' step in 'E:/CCDC/KNU_Git/foodbug/KNU_CCDC/KNU_CNN.sim/sim_1/behav/xsim'
"xvlog --incr --relax -prj tb_acc_vlog.prj"
INFO: [VRFC 10-2263] Analyzing SystemVerilog file "E:/CCDC/KNU_Git/foodbug/KNU_CCDC/KNU_CNN.srcs/sim_1/new/tb_acc.sv" into library xil_defaultlib
INFO: [VRFC 10-311] analyzing module tb_acc
INFO: [USF-XSim-69] 'compile' step finished in '1' seconds
INFO: [Vivado 12-5682] Launching behavioral simulation in 'E:/CCDC/KNU_Git/foodbug/KNU_CCDC/KNU_CNN.sim/sim_1/behav/xsim'
INFO: [USF-XSim-3] XSim::Elaborate design
INFO: [USF-XSim-61] Executing 'ELABORATE' step in 'E:/CCDC/KNU_Git/foodbug/KNU_CCDC/KNU_CNN.sim/sim_1/behav/xsim'
"xelab -wto 016c3969ec4b42579f24e73fc71ce675 --incr --debug typical --relax --mt 2 -L xil_defaultlib -L unisims_ver -L unimacro_ver -L secureip --snapshot tb_acc_behav xil_defaultlib.tb_acc xil_defaultlib.glbl -log elaborate.log"
Vivado Simulator 2019.1
Copyright 1986-1999, 2001-2019 Xilinx, Inc. All Rights Reserved.
Running: C:/Xilinx/Vivado/2019.1/bin/unwrapped/win64.o/xelab.exe -wto 016c3969ec4b42579f24e73fc71ce675 --incr --debug typical --relax --mt 2 -L xil_defaultlib -L unisims_ver -L unimacro_ver -L secureip --snapshot tb_acc_behav xil_defaultlib.tb_acc xil_defaultlib.glbl -log elaborate.log 
Using 2 slave threads.
Starting static elaboration
Completed static elaboration
Starting simulation data flow analysis
Completed simulation data flow analysis
Time Resolution for simulation is 1ps
Compiling module xil_defaultlib.Accumulator
Compiling module xil_defaultlib.tb_acc
Compiling module xil_defaultlib.glbl
Built simulation snapshot tb_acc_behav
INFO: [USF-XSim-69] 'elaborate' step finished in '2' seconds
Vivado Simulator 2019.1
Time resolution is 1 ps
relaunch_sim: Time (s): cpu = 00:00:02 ; elapsed = 00:00:09 . Memory (MB): peak = 860.273 ; gain = 0.000
run 1 us
run 1 us
run 1 us
run 1 us
relaunch_sim
INFO: [Vivado 12-5682] Launching behavioral simulation in 'E:/CCDC/KNU_Git/foodbug/KNU_CCDC/KNU_CNN.sim/sim_1/behav/xsim'
INFO: [SIM-utils-51] Simulation object is 'sim_1'
INFO: [SIM-utils-54] Inspecting design source files for 'tb_acc' in fileset 'sim_1'...
INFO: [USF-XSim-97] Finding global include files...
INFO: [USF-XSim-98] Fetching design files from 'sim_1'...
INFO: [USF-XSim-2] XSim::Compile design
INFO: [USF-XSim-61] Executing 'COMPILE and ANALYZE' step in 'E:/CCDC/KNU_Git/foodbug/KNU_CCDC/KNU_CNN.sim/sim_1/behav/xsim'
"xvlog --incr --relax -prj tb_acc_vlog.prj"
INFO: [VRFC 10-2263] Analyzing SystemVerilog file "E:/CCDC/KNU_Git/foodbug/KNU_CCDC/KNU_CNN.srcs/sources_1/new/Accumulator.sv" into library xil_defaultlib
INFO: [VRFC 10-311] analyzing module Accumulator
INFO: [VRFC 10-2263] Analyzing SystemVerilog file "E:/CCDC/KNU_Git/foodbug/KNU_CCDC/KNU_CNN.srcs/sim_1/new/tb_acc.sv" into library xil_defaultlib
INFO: [VRFC 10-311] analyzing module tb_acc
INFO: [USF-XSim-69] 'compile' step finished in '1' seconds
INFO: [Vivado 12-5682] Launching behavioral simulation in 'E:/CCDC/KNU_Git/foodbug/KNU_CCDC/KNU_CNN.sim/sim_1/behav/xsim'
INFO: [USF-XSim-3] XSim::Elaborate design
INFO: [USF-XSim-61] Executing 'ELABORATE' step in 'E:/CCDC/KNU_Git/foodbug/KNU_CCDC/KNU_CNN.sim/sim_1/behav/xsim'
"xelab -wto 016c3969ec4b42579f24e73fc71ce675 --incr --debug typical --relax --mt 2 -L xil_defaultlib -L unisims_ver -L unimacro_ver -L secureip --snapshot tb_acc_behav xil_defaultlib.tb_acc xil_defaultlib.glbl -log elaborate.log"
Vivado Simulator 2019.1
Copyright 1986-1999, 2001-2019 Xilinx, Inc. All Rights Reserved.
Running: C:/Xilinx/Vivado/2019.1/bin/unwrapped/win64.o/xelab.exe -wto 016c3969ec4b42579f24e73fc71ce675 --incr --debug typical --relax --mt 2 -L xil_defaultlib -L unisims_ver -L unimacro_ver -L secureip --snapshot tb_acc_behav xil_defaultlib.tb_acc xil_defaultlib.glbl -log elaborate.log 
Using 2 slave threads.
Starting static elaboration
Completed static elaboration
Starting simulation data flow analysis
Completed simulation data flow analysis
Time Resolution for simulation is 1ps
Compiling module xil_defaultlib.Accumulator
Compiling module xil_defaultlib.tb_acc
Compiling module xil_defaultlib.glbl
Built simulation snapshot tb_acc_behav
INFO: [USF-XSim-69] 'elaborate' step finished in '2' seconds
Vivado Simulator 2019.1
Time resolution is 1 ps
relaunch_sim: Time (s): cpu = 00:00:01 ; elapsed = 00:00:05 . Memory (MB): peak = 860.273 ; gain = 0.000
run 1 us
run 1 us
relaunch_sim
INFO: [Vivado 12-5682] Launching behavioral simulation in 'E:/CCDC/KNU_Git/foodbug/KNU_CCDC/KNU_CNN.sim/sim_1/behav/xsim'
INFO: [SIM-utils-51] Simulation object is 'sim_1'
INFO: [SIM-utils-54] Inspecting design source files for 'tb_acc' in fileset 'sim_1'...
INFO: [USF-XSim-97] Finding global include files...
INFO: [USF-XSim-98] Fetching design files from 'sim_1'...
INFO: [USF-XSim-2] XSim::Compile design
INFO: [USF-XSim-61] Executing 'COMPILE and ANALYZE' step in 'E:/CCDC/KNU_Git/foodbug/KNU_CCDC/KNU_CNN.sim/sim_1/behav/xsim'
"xvlog --incr --relax -prj tb_acc_vlog.prj"
INFO: [VRFC 10-2263] Analyzing SystemVerilog file "E:/CCDC/KNU_Git/foodbug/KNU_CCDC/KNU_CNN.srcs/sources_1/new/Accumulator.sv" into library xil_defaultlib
INFO: [VRFC 10-311] analyzing module Accumulator
INFO: [VRFC 10-2263] Analyzing SystemVerilog file "E:/CCDC/KNU_Git/foodbug/KNU_CCDC/KNU_CNN.srcs/sim_1/new/tb_acc.sv" into library xil_defaultlib
INFO: [VRFC 10-311] analyzing module tb_acc
INFO: [USF-XSim-69] 'compile' step finished in '1' seconds
INFO: [Vivado 12-5682] Launching behavioral simulation in 'E:/CCDC/KNU_Git/foodbug/KNU_CCDC/KNU_CNN.sim/sim_1/behav/xsim'
INFO: [USF-XSim-3] XSim::Elaborate design
INFO: [USF-XSim-61] Executing 'ELABORATE' step in 'E:/CCDC/KNU_Git/foodbug/KNU_CCDC/KNU_CNN.sim/sim_1/behav/xsim'
"xelab -wto 016c3969ec4b42579f24e73fc71ce675 --incr --debug typical --relax --mt 2 -L xil_defaultlib -L unisims_ver -L unimacro_ver -L secureip --snapshot tb_acc_behav xil_defaultlib.tb_acc xil_defaultlib.glbl -log elaborate.log"
Vivado Simulator 2019.1
Copyright 1986-1999, 2001-2019 Xilinx, Inc. All Rights Reserved.
Running: C:/Xilinx/Vivado/2019.1/bin/unwrapped/win64.o/xelab.exe -wto 016c3969ec4b42579f24e73fc71ce675 --incr --debug typical --relax --mt 2 -L xil_defaultlib -L unisims_ver -L unimacro_ver -L secureip --snapshot tb_acc_behav xil_defaultlib.tb_acc xil_defaultlib.glbl -log elaborate.log 
Using 2 slave threads.
Starting static elaboration
Completed static elaboration
Starting simulation data flow analysis
Completed simulation data flow analysis
Time Resolution for simulation is 1ps
Compiling module xil_defaultlib.Accumulator
Compiling module xil_defaultlib.tb_acc
Compiling module xil_defaultlib.glbl
Built simulation snapshot tb_acc_behav
INFO: [USF-XSim-69] 'elaborate' step finished in '2' seconds
Vivado Simulator 2019.1
Time resolution is 1 ps
relaunch_sim: Time (s): cpu = 00:00:01 ; elapsed = 00:00:06 . Memory (MB): peak = 860.273 ; gain = 0.000
run 1 us
Done signal activated as expected after 3 rounds of 144 sets.
$finish called at time : 1035 ns : File "E:/CCDC/KNU_Git/foodbug/KNU_CCDC/KNU_CNN.srcs/sim_1/new/tb_acc.sv" Line 95
relaunch_sim
INFO: [Vivado 12-5682] Launching behavioral simulation in 'E:/CCDC/KNU_Git/foodbug/KNU_CCDC/KNU_CNN.sim/sim_1/behav/xsim'
INFO: [SIM-utils-51] Simulation object is 'sim_1'
INFO: [SIM-utils-54] Inspecting design source files for 'tb_acc' in fileset 'sim_1'...
INFO: [USF-XSim-97] Finding global include files...
INFO: [USF-XSim-98] Fetching design files from 'sim_1'...
INFO: [USF-XSim-2] XSim::Compile design
INFO: [USF-XSim-61] Executing 'COMPILE and ANALYZE' step in 'E:/CCDC/KNU_Git/foodbug/KNU_CCDC/KNU_CNN.sim/sim_1/behav/xsim'
"xvlog --incr --relax -prj tb_acc_vlog.prj"
INFO: [USF-XSim-69] 'compile' step finished in '1' seconds
INFO: [Vivado 12-5682] Launching behavioral simulation in 'E:/CCDC/KNU_Git/foodbug/KNU_CCDC/KNU_CNN.sim/sim_1/behav/xsim'
INFO: [USF-XSim-3] XSim::Elaborate design
INFO: [USF-XSim-61] Executing 'ELABORATE' step in 'E:/CCDC/KNU_Git/foodbug/KNU_CCDC/KNU_CNN.sim/sim_1/behav/xsim'
"xelab -wto 016c3969ec4b42579f24e73fc71ce675 --incr --debug typical --relax --mt 2 -L xil_defaultlib -L unisims_ver -L unimacro_ver -L secureip --snapshot tb_acc_behav xil_defaultlib.tb_acc xil_defaultlib.glbl -log elaborate.log"
Vivado Simulator 2019.1
Copyright 1986-1999, 2001-2019 Xilinx, Inc. All Rights Reserved.
Running: C:/Xilinx/Vivado/2019.1/bin/unwrapped/win64.o/xelab.exe -wto 016c3969ec4b42579f24e73fc71ce675 --incr --debug typical --relax --mt 2 -L xil_defaultlib -L unisims_ver -L unimacro_ver -L secureip --snapshot tb_acc_behav xil_defaultlib.tb_acc xil_defaultlib.glbl -log elaborate.log 
Using 2 slave threads.
Starting static elaboration
Completed static elaboration
INFO: [XSIM 43-4323] No Change in HDL. Linking previously generated obj files to create kernel
INFO: [USF-XSim-69] 'elaborate' step finished in '1' seconds
Vivado Simulator 2019.1
Time resolution is 1 ps
relaunch_sim: Time (s): cpu = 00:00:01 ; elapsed = 00:00:06 . Memory (MB): peak = 860.273 ; gain = 0.000
relaunch_sim
INFO: [Vivado 12-5682] Launching behavioral simulation in 'E:/CCDC/KNU_Git/foodbug/KNU_CCDC/KNU_CNN.sim/sim_1/behav/xsim'
INFO: [SIM-utils-51] Simulation object is 'sim_1'
INFO: [SIM-utils-54] Inspecting design source files for 'tb_acc' in fileset 'sim_1'...
INFO: [USF-XSim-97] Finding global include files...
INFO: [USF-XSim-98] Fetching design files from 'sim_1'...
INFO: [USF-XSim-2] XSim::Compile design
INFO: [USF-XSim-61] Executing 'COMPILE and ANALYZE' step in 'E:/CCDC/KNU_Git/foodbug/KNU_CCDC/KNU_CNN.sim/sim_1/behav/xsim'
"xvlog --incr --relax -prj tb_acc_vlog.prj"
INFO: [VRFC 10-2263] Analyzing SystemVerilog file "E:/CCDC/KNU_Git/foodbug/KNU_CCDC/KNU_CNN.srcs/sources_1/new/Accumulator.sv" into library xil_defaultlib
INFO: [VRFC 10-311] analyzing module Accumulator
INFO: [VRFC 10-2263] Analyzing SystemVerilog file "E:/CCDC/KNU_Git/foodbug/KNU_CCDC/KNU_CNN.srcs/sim_1/new/tb_acc.sv" into library xil_defaultlib
INFO: [VRFC 10-311] analyzing module tb_acc
INFO: [USF-XSim-69] 'compile' step finished in '1' seconds
INFO: [Vivado 12-5682] Launching behavioral simulation in 'E:/CCDC/KNU_Git/foodbug/KNU_CCDC/KNU_CNN.sim/sim_1/behav/xsim'
INFO: [USF-XSim-3] XSim::Elaborate design
INFO: [USF-XSim-61] Executing 'ELABORATE' step in 'E:/CCDC/KNU_Git/foodbug/KNU_CCDC/KNU_CNN.sim/sim_1/behav/xsim'
"xelab -wto 016c3969ec4b42579f24e73fc71ce675 --incr --debug typical --relax --mt 2 -L xil_defaultlib -L unisims_ver -L unimacro_ver -L secureip --snapshot tb_acc_behav xil_defaultlib.tb_acc xil_defaultlib.glbl -log elaborate.log"
Vivado Simulator 2019.1
Copyright 1986-1999, 2001-2019 Xilinx, Inc. All Rights Reserved.
Running: C:/Xilinx/Vivado/2019.1/bin/unwrapped/win64.o/xelab.exe -wto 016c3969ec4b42579f24e73fc71ce675 --incr --debug typical --relax --mt 2 -L xil_defaultlib -L unisims_ver -L unimacro_ver -L secureip --snapshot tb_acc_behav xil_defaultlib.tb_acc xil_defaultlib.glbl -log elaborate.log 
Using 2 slave threads.
Starting static elaboration
Completed static elaboration
Starting simulation data flow analysis
Completed simulation data flow analysis
Time Resolution for simulation is 1ps
Compiling module xil_defaultlib.Accumulator
Compiling module xil_defaultlib.tb_acc
Compiling module xil_defaultlib.glbl
Built simulation snapshot tb_acc_behav
INFO: [USF-XSim-69] 'elaborate' step finished in '2' seconds
Vivado Simulator 2019.1
Time resolution is 1 ps
relaunch_sim: Time (s): cpu = 00:00:01 ; elapsed = 00:00:06 . Memory (MB): peak = 860.273 ; gain = 0.000
run 1 us
Done signal activated as expected after 3 rounds of 144 sets.
$finish called at time : 1085 ns : File "E:/CCDC/KNU_Git/foodbug/KNU_CCDC/KNU_CNN.srcs/sim_1/new/tb_acc.sv" Line 95
run 1 us
relaunch_sim
INFO: [Vivado 12-5682] Launching behavioral simulation in 'E:/CCDC/KNU_Git/foodbug/KNU_CCDC/KNU_CNN.sim/sim_1/behav/xsim'
INFO: [SIM-utils-51] Simulation object is 'sim_1'
INFO: [SIM-utils-54] Inspecting design source files for 'tb_acc' in fileset 'sim_1'...
INFO: [USF-XSim-97] Finding global include files...
INFO: [USF-XSim-98] Fetching design files from 'sim_1'...
INFO: [USF-XSim-2] XSim::Compile design
INFO: [USF-XSim-61] Executing 'COMPILE and ANALYZE' step in 'E:/CCDC/KNU_Git/foodbug/KNU_CCDC/KNU_CNN.sim/sim_1/behav/xsim'
"xvlog --incr --relax -prj tb_acc_vlog.prj"
INFO: [VRFC 10-2263] Analyzing SystemVerilog file "E:/CCDC/KNU_Git/foodbug/KNU_CCDC/KNU_CNN.srcs/sources_1/new/Accumulator.sv" into library xil_defaultlib
INFO: [VRFC 10-311] analyzing module Accumulator
INFO: [VRFC 10-2263] Analyzing SystemVerilog file "E:/CCDC/KNU_Git/foodbug/KNU_CCDC/KNU_CNN.srcs/sim_1/new/tb_acc.sv" into library xil_defaultlib
INFO: [VRFC 10-311] analyzing module tb_acc
INFO: [USF-XSim-69] 'compile' step finished in '1' seconds
INFO: [Vivado 12-5682] Launching behavioral simulation in 'E:/CCDC/KNU_Git/foodbug/KNU_CCDC/KNU_CNN.sim/sim_1/behav/xsim'
INFO: [USF-XSim-3] XSim::Elaborate design
INFO: [USF-XSim-61] Executing 'ELABORATE' step in 'E:/CCDC/KNU_Git/foodbug/KNU_CCDC/KNU_CNN.sim/sim_1/behav/xsim'
"xelab -wto 016c3969ec4b42579f24e73fc71ce675 --incr --debug typical --relax --mt 2 -L xil_defaultlib -L unisims_ver -L unimacro_ver -L secureip --snapshot tb_acc_behav xil_defaultlib.tb_acc xil_defaultlib.glbl -log elaborate.log"
Vivado Simulator 2019.1
Copyright 1986-1999, 2001-2019 Xilinx, Inc. All Rights Reserved.
Running: C:/Xilinx/Vivado/2019.1/bin/unwrapped/win64.o/xelab.exe -wto 016c3969ec4b42579f24e73fc71ce675 --incr --debug typical --relax --mt 2 -L xil_defaultlib -L unisims_ver -L unimacro_ver -L secureip --snapshot tb_acc_behav xil_defaultlib.tb_acc xil_defaultlib.glbl -log elaborate.log 
Using 2 slave threads.
Starting static elaboration
Completed static elaboration
Starting simulation data flow analysis
Completed simulation data flow analysis
Time Resolution for simulation is 1ps
Compiling module xil_defaultlib.Accumulator
Compiling module xil_defaultlib.tb_acc
Compiling module xil_defaultlib.glbl
Built simulation snapshot tb_acc_behav
INFO: [USF-XSim-69] 'elaborate' step finished in '2' seconds
Vivado Simulator 2019.1
Time resolution is 1 ps
relaunch_sim: Time (s): cpu = 00:00:01 ; elapsed = 00:00:05 . Memory (MB): peak = 860.273 ; gain = 0.000
run 1 us
Done signal activated, starting read sequence.
Done signal activated, starting read sequence.
Done signal activated, starting read sequence.
Done signal activated, starting read sequence.
Done signal activated, starting read sequence.
Done signal activated, starting read sequence.
Done signal activated, starting read sequence.
Done signal activated, starting read sequence.
Done signal activated, starting read sequence.
Done signal activated, starting read sequence.
Done signal activated, starting read sequence.
Done signal activated, starting read sequence.
Done signal activated, starting read sequence.
Done signal activated, starting read sequence.
Done signal activated, starting read sequence.
Done signal activated, starting read sequence.
Done signal activated, starting read sequence.
Done signal activated, starting read sequence.
Done signal activated, starting read sequence.
Done signal activated, starting read sequence.
Done signal activated, starting read sequence.
Done signal activated, starting read sequence.
Done signal activated, starting read sequence.
Done signal activated, starting read sequence.
Done signal activated, starting read sequence.
Done signal activated, starting read sequence.
Done signal activated, starting read sequence.
Done signal activated, starting read sequence.
Done signal activated, starting read sequence.
Done signal activated, starting read sequence.
Done signal activated, starting read sequence.
Done signal activated, starting read sequence.
Done signal activated, starting read sequence.
Done signal activated, starting read sequence.
Done signal activated, starting read sequence.
Done signal activated, starting read sequence.
Done signal activated, starting read sequence.
Done signal activated, starting read sequence.
Done signal activated, starting read sequence.
Done signal activated, starting read sequence.
Done signal activated, starting read sequence.
Done signal activated, starting read sequence.
Done signal activated, starting read sequence.
Done signal activated, starting read sequence.
Done signal activated, starting read sequence.
Done signal activated, starting read sequence.
Done signal activated, starting read sequence.
Done signal activated, starting read sequence.
Done signal activated, starting read sequence.
Done signal activated, starting read sequence.
Done signal activated, starting read sequence.
Done signal activated, starting read sequence.
Done signal activated, starting read sequence.
Done signal activated, starting read sequence.
Done signal activated, starting read sequence.
Done signal activated, starting read sequence.
Done signal activated, starting read sequence.
Done signal activated, starting read sequence.
Done signal activated, starting read sequence.
Done signal activated, starting read sequence.
Done signal activated, starting read sequence.
Done signal activated, starting read sequence.
Done signal activated, starting read sequence.
Done signal activated, starting read sequence.
Reading sequence completed.
Done signal activated, starting read sequence.
$finish called at time : 1735 ns : File "E:/CCDC/KNU_Git/foodbug/KNU_CCDC/KNU_CNN.srcs/sim_1/new/tb_acc.sv" Line 113
relaunch_sim
INFO: [Vivado 12-5682] Launching behavioral simulation in 'E:/CCDC/KNU_Git/foodbug/KNU_CCDC/KNU_CNN.sim/sim_1/behav/xsim'
INFO: [SIM-utils-51] Simulation object is 'sim_1'
INFO: [SIM-utils-54] Inspecting design source files for 'tb_acc' in fileset 'sim_1'...
INFO: [USF-XSim-97] Finding global include files...
INFO: [USF-XSim-98] Fetching design files from 'sim_1'...
INFO: [USF-XSim-2] XSim::Compile design
INFO: [USF-XSim-61] Executing 'COMPILE and ANALYZE' step in 'E:/CCDC/KNU_Git/foodbug/KNU_CCDC/KNU_CNN.sim/sim_1/behav/xsim'
"xvlog --incr --relax -prj tb_acc_vlog.prj"
INFO: [VRFC 10-2263] Analyzing SystemVerilog file "E:/CCDC/KNU_Git/foodbug/KNU_CCDC/KNU_CNN.srcs/sources_1/new/Accumulator.sv" into library xil_defaultlib
INFO: [VRFC 10-311] analyzing module Accumulator
INFO: [VRFC 10-2263] Analyzing SystemVerilog file "E:/CCDC/KNU_Git/foodbug/KNU_CCDC/KNU_CNN.srcs/sim_1/new/tb_acc.sv" into library xil_defaultlib
INFO: [VRFC 10-311] analyzing module tb_acc
INFO: [USF-XSim-69] 'compile' step finished in '1' seconds
INFO: [Vivado 12-5682] Launching behavioral simulation in 'E:/CCDC/KNU_Git/foodbug/KNU_CCDC/KNU_CNN.sim/sim_1/behav/xsim'
INFO: [USF-XSim-3] XSim::Elaborate design
INFO: [USF-XSim-61] Executing 'ELABORATE' step in 'E:/CCDC/KNU_Git/foodbug/KNU_CCDC/KNU_CNN.sim/sim_1/behav/xsim'
"xelab -wto 016c3969ec4b42579f24e73fc71ce675 --incr --debug typical --relax --mt 2 -L xil_defaultlib -L unisims_ver -L unimacro_ver -L secureip --snapshot tb_acc_behav xil_defaultlib.tb_acc xil_defaultlib.glbl -log elaborate.log"
Vivado Simulator 2019.1
Copyright 1986-1999, 2001-2019 Xilinx, Inc. All Rights Reserved.
Running: C:/Xilinx/Vivado/2019.1/bin/unwrapped/win64.o/xelab.exe -wto 016c3969ec4b42579f24e73fc71ce675 --incr --debug typical --relax --mt 2 -L xil_defaultlib -L unisims_ver -L unimacro_ver -L secureip --snapshot tb_acc_behav xil_defaultlib.tb_acc xil_defaultlib.glbl -log elaborate.log 
Using 2 slave threads.
Starting static elaboration
Completed static elaboration
Starting simulation data flow analysis
Completed simulation data flow analysis
Time Resolution for simulation is 1ps
Compiling module xil_defaultlib.Accumulator
Compiling module xil_defaultlib.tb_acc
Compiling module xil_defaultlib.glbl
Built simulation snapshot tb_acc_behav
INFO: [USF-XSim-69] 'elaborate' step finished in '1' seconds
Vivado Simulator 2019.1
Time resolution is 1 ps
relaunch_sim: Time (s): cpu = 00:00:01 ; elapsed = 00:00:06 . Memory (MB): peak = 860.273 ; gain = 0.000
run 1 us
Done signal activated, starting read sequence.
Done signal activated, starting read sequence.
Done signal activated, starting read sequence.
Done signal activated, starting read sequence.
Done signal activated, starting read sequence.
Done signal activated, starting read sequence.
Done signal activated, starting read sequence.
Done signal activated, starting read sequence.
Done signal activated, starting read sequence.
Done signal activated, starting read sequence.
Done signal activated, starting read sequence.
Done signal activated, starting read sequence.
Done signal activated, starting read sequence.
Done signal activated, starting read sequence.
Done signal activated, starting read sequence.
Done signal activated, starting read sequence.
Done signal activated, starting read sequence.
Done signal activated, starting read sequence.
Done signal activated, starting read sequence.
Done signal activated, starting read sequence.
Done signal activated, starting read sequence.
Done signal activated, starting read sequence.
Done signal activated, starting read sequence.
Done signal activated, starting read sequence.
Done signal activated, starting read sequence.
Done signal activated, starting read sequence.
Done signal activated, starting read sequence.
Done signal activated, starting read sequence.
Done signal activated, starting read sequence.
Done signal activated, starting read sequence.
Done signal activated, starting read sequence.
Done signal activated, starting read sequence.
Done signal activated, starting read sequence.
Done signal activated, starting read sequence.
Done signal activated, starting read sequence.
Done signal activated, starting read sequence.
Done signal activated, starting read sequence.
Done signal activated, starting read sequence.
Done signal activated, starting read sequence.
Done signal activated, starting read sequence.
Done signal activated, starting read sequence.
Done signal activated, starting read sequence.
Done signal activated, starting read sequence.
Done signal activated, starting read sequence.
Done signal activated, starting read sequence.
Done signal activated, starting read sequence.
Done signal activated, starting read sequence.
Done signal activated, starting read sequence.
Done signal activated, starting read sequence.
Done signal activated, starting read sequence.
Done signal activated, starting read sequence.
Done signal activated, starting read sequence.
Done signal activated, starting read sequence.
Done signal activated, starting read sequence.
Done signal activated, starting read sequence.
Done signal activated, starting read sequence.
Done signal activated, starting read sequence.
Done signal activated, starting read sequence.
Done signal activated, starting read sequence.
Done signal activated, starting read sequence.
Done signal activated, starting read sequence.
Done signal activated, starting read sequence.
Done signal activated, starting read sequence.
Done signal activated, starting read sequence.
Reading sequence completed.
Done signal activated, starting read sequence.
$finish called at time : 1735 ns : File "E:/CCDC/KNU_Git/foodbug/KNU_CCDC/KNU_CNN.srcs/sim_1/new/tb_acc.sv" Line 113
relaunch_sim
INFO: [Vivado 12-5682] Launching behavioral simulation in 'E:/CCDC/KNU_Git/foodbug/KNU_CCDC/KNU_CNN.sim/sim_1/behav/xsim'
INFO: [SIM-utils-51] Simulation object is 'sim_1'
INFO: [SIM-utils-54] Inspecting design source files for 'tb_acc' in fileset 'sim_1'...
INFO: [USF-XSim-97] Finding global include files...
INFO: [USF-XSim-98] Fetching design files from 'sim_1'...
INFO: [USF-XSim-2] XSim::Compile design
INFO: [USF-XSim-61] Executing 'COMPILE and ANALYZE' step in 'E:/CCDC/KNU_Git/foodbug/KNU_CCDC/KNU_CNN.sim/sim_1/behav/xsim'
"xvlog --incr --relax -prj tb_acc_vlog.prj"
INFO: [USF-XSim-69] 'compile' step finished in '1' seconds
INFO: [Vivado 12-5682] Launching behavioral simulation in 'E:/CCDC/KNU_Git/foodbug/KNU_CCDC/KNU_CNN.sim/sim_1/behav/xsim'
INFO: [USF-XSim-3] XSim::Elaborate design
INFO: [USF-XSim-61] Executing 'ELABORATE' step in 'E:/CCDC/KNU_Git/foodbug/KNU_CCDC/KNU_CNN.sim/sim_1/behav/xsim'
"xelab -wto 016c3969ec4b42579f24e73fc71ce675 --incr --debug typical --relax --mt 2 -L xil_defaultlib -L unisims_ver -L unimacro_ver -L secureip --snapshot tb_acc_behav xil_defaultlib.tb_acc xil_defaultlib.glbl -log elaborate.log"
Vivado Simulator 2019.1
Copyright 1986-1999, 2001-2019 Xilinx, Inc. All Rights Reserved.
Running: C:/Xilinx/Vivado/2019.1/bin/unwrapped/win64.o/xelab.exe -wto 016c3969ec4b42579f24e73fc71ce675 --incr --debug typical --relax --mt 2 -L xil_defaultlib -L unisims_ver -L unimacro_ver -L secureip --snapshot tb_acc_behav xil_defaultlib.tb_acc xil_defaultlib.glbl -log elaborate.log 
Using 2 slave threads.
Starting static elaboration
Completed static elaboration
INFO: [XSIM 43-4323] No Change in HDL. Linking previously generated obj files to create kernel
INFO: [USF-XSim-69] 'elaborate' step finished in '1' seconds
Vivado Simulator 2019.1
Time resolution is 1 ps
relaunch_sim: Time (s): cpu = 00:00:01 ; elapsed = 00:00:05 . Memory (MB): peak = 860.273 ; gain = 0.000
run 1 us
Done signal activated, starting read sequence.
Done signal activated, starting read sequence.
Done signal activated, starting read sequence.
Done signal activated, starting read sequence.
Done signal activated, starting read sequence.
Done signal activated, starting read sequence.
Done signal activated, starting read sequence.
Done signal activated, starting read sequence.
Done signal activated, starting read sequence.
Done signal activated, starting read sequence.
Done signal activated, starting read sequence.
Done signal activated, starting read sequence.
Done signal activated, starting read sequence.
Done signal activated, starting read sequence.
Done signal activated, starting read sequence.
Done signal activated, starting read sequence.
Done signal activated, starting read sequence.
Done signal activated, starting read sequence.
Done signal activated, starting read sequence.
Done signal activated, starting read sequence.
Done signal activated, starting read sequence.
Done signal activated, starting read sequence.
Done signal activated, starting read sequence.
Done signal activated, starting read sequence.
Done signal activated, starting read sequence.
Done signal activated, starting read sequence.
Done signal activated, starting read sequence.
Done signal activated, starting read sequence.
Done signal activated, starting read sequence.
Done signal activated, starting read sequence.
Done signal activated, starting read sequence.
Done signal activated, starting read sequence.
Done signal activated, starting read sequence.
Done signal activated, starting read sequence.
Done signal activated, starting read sequence.
Done signal activated, starting read sequence.
Done signal activated, starting read sequence.
Done signal activated, starting read sequence.
Done signal activated, starting read sequence.
Done signal activated, starting read sequence.
Done signal activated, starting read sequence.
Done signal activated, starting read sequence.
Done signal activated, starting read sequence.
Done signal activated, starting read sequence.
Done signal activated, starting read sequence.
Done signal activated, starting read sequence.
Done signal activated, starting read sequence.
Done signal activated, starting read sequence.
Done signal activated, starting read sequence.
Done signal activated, starting read sequence.
Done signal activated, starting read sequence.
Done signal activated, starting read sequence.
Done signal activated, starting read sequence.
Done signal activated, starting read sequence.
Done signal activated, starting read sequence.
Done signal activated, starting read sequence.
Done signal activated, starting read sequence.
Done signal activated, starting read sequence.
Done signal activated, starting read sequence.
Done signal activated, starting read sequence.
Done signal activated, starting read sequence.
Done signal activated, starting read sequence.
Done signal activated, starting read sequence.
Done signal activated, starting read sequence.
Reading sequence completed.
Done signal activated, starting read sequence.
$finish called at time : 1735 ns : File "E:/CCDC/KNU_Git/foodbug/KNU_CCDC/KNU_CNN.srcs/sim_1/new/tb_acc.sv" Line 113
save_wave_config {E:/CCDC/KNU_Git/foodbug/KNU_CCDC/tb_acc_behav.wcfg}
add_files -fileset sim_1 -norecurse E:/CCDC/KNU_Git/foodbug/KNU_CCDC/tb_acc_behav.wcfg
set_property xsim.view {E:/CCDC/PE_5x5_test_row2/tb_PE_Array_behav.wcfg E:/CCDC/PE_5x5_test_row2/tb_PE_Array_behav1.wcfg E:/CCDC/KNU_Git/foodbug/KNU_CCDC/tb_acc_behav.wcfg} [get_filesets sim_1]
close_sim
INFO: [Simtcl 6-16] Simulation closed
exit
INFO: [Common 17-206] Exiting Vivado at Fri Oct 11 01:05:31 2024...
