#
# A fatal error has been detected by the Java Runtime Environment:
#
#  EXCEPTION_ACCESS_VIOLATION (0xc0000005) at pc=0x00007ffc13ae3370, pid=6484, tid=16468
#
# JRE version: Java(TM) SE Runtime Environment (9.0+11) (build 9.0.4+11)
# Java VM: Java HotSpot(TM) 64-Bit Server VM (9.0.4+11, mixed mode, tiered, compressed oops, g1 gc, windows-amd64)
# Problematic frame:
# C  [librdi_wavedata.dll+0x453370]
#
# No core dump will be written. Minidumps are not enabled by default on client versions of Windows
#
# If you would like to submit a bug report, please visit:
#   http://bugreport.java.com/bugreport/crash.jsp
# The crash happened outside the Java Virtual Machine in native code.
# See problematic frame for where to report the bug.
#

---------------  S U M M A R Y ------------

Command Line: -Dsun.java2d.pmoffscreen=false -Dsun.java2d.xrender=false -Dsun.java2d.d3d=false -Dsun.awt.nopixfmt=true -Dsun.java2d.dpiaware=true -Dsun.java2d.uiScale.enabled=false -Xverify:none -Dswing.aatext=true -XX:-UsePerfData -Djdk.map.althashing.threshold=512 -XX:StringTableSize=4072 --add-opens=java.base/java.nio=ALL-UNNAMED --add-opens=java.desktop/sun.swing=ALL-UNNAMED --add-opens=java.desktop/javax.swing=ALL-UNNAMED --add-opens=java.desktop/javax.swing.tree=ALL-UNNAMED --add-opens=java.desktop/javax.swing.plaf.basic=ALL-UNNAMED --add-opens=java.desktop/javax.swing.plaf.synth=ALL-UNNAMED --add-opens=java.desktop/com.sun.awt=ALL-UNNAMED -XX:NewSize=60m -XX:MaxNewSize=60m -Xms128m -Xmx3072m -Xss5m 

Host: AMD Ryzen 5 5600X 6-Core Processor             , 12 cores, 15G,  Windows 10 , 64 bit Build 19041 (10.0.19041.4957)
Time: Sun Oct 20 23:05:59 2024 ¢¥eCN©öI¡¾©ö C¡ÍA¨ª¨öA elapsed time: 2220 seconds (0d 0h 37m 0s)

---------------  T H R E A D  ---------------

Current thread (0x000001748bd8e800):  JavaThread "AWT-EventQueue-1" [_thread_in_native, id=16468, stack(0x0000000108300000,0x0000000108800000)]

Stack: [0x0000000108300000,0x0000000108800000],  sp=0x00000001087f3f08,  free space=5071k
Native frames: (J=compiled Java code, j=interpreted, Vv=VM code, C=native code)
C  [librdi_wavedata.dll+0x453370]

Java frames: (J=compiled Java code, j=interpreted, Vv=VM code)
J 21064  ui.views.waveform.waveformi.WVExecutive_getGraphicsDataSize(J)J (0 bytes) @ 0x000001749e7433a1 [0x000001749e743360+0x0000000000000041]
J 21063 c1 ui.views.waveform.executive.a.gEt()Ljava/io/ByteArrayInputStream; (93 bytes) @ 0x0000017498534a2c [0x0000017498534940+0x00000000000000ec]
J 21062 c1 ui.views.waveform.b.a.gEf()V (142 bytes) @ 0x00000174985300b4 [0x000001749852ffa0+0x0000000000000114]
J 18977 c1 ui.views.waveform.w.cRi()V (38 bytes) @ 0x0000017497610aec [0x0000017497610380+0x000000000000076c]
J 17768 c1 ui.views.waveform.c.b.j(Lui/frmwork/b/i;)V (603 bytes) @ 0x00000174975441d4 [0x000001749753bc80+0x0000000000008554]
J 17767 c1 ui.views.waveform.w.a(Lui/frmwork/b/i;)V (17 bytes) @ 0x000001749668a894 [0x000001749668a7c0+0x00000000000000d4]
J 23896 c2 ui.frmwork.b.l.d(Lui/frmwork/b/i;)V (61 bytes) @ 0x000001749d588d6c [0x000001749d588b40+0x000000000000022c]
J 22831 c2 ui.frmwork.HTclEventBroker.i(JZ)V (471 bytes) @ 0x000001749e4fe9b8 [0x000001749e4fd3c0+0x00000000000015f8]
J 24385 c2 ui.frmwork.HTclEventBroker.fireTclEvent(J)I (113 bytes) @ 0x000001749e9f5b34 [0x000001749e9f5500+0x0000000000000634]
v  ~StubRoutines::call_stub
J 24277  ui.views.waveform.waveformi.WVExecutive_processModelEvent(JJ)V (0 bytes) @ 0x000001749e9c1424 [0x000001749e9c13e0+0x0000000000000044]
J 24445 c1 ui.views.waveform.c.b.eD(J)V (109 bytes) @ 0x0000017498d8b7c4 [0x0000017498d8b680+0x0000000000000144]
J 17768 c1 ui.views.waveform.c.b.j(Lui/frmwork/b/i;)V (603 bytes) @ 0x0000017497544e8c [0x000001749753bc80+0x000000000000920c]
J 17767 c1 ui.views.waveform.w.a(Lui/frmwork/b/i;)V (17 bytes) @ 0x000001749668a894 [0x000001749668a7c0+0x00000000000000d4]
J 23896 c2 ui.frmwork.b.l.d(Lui/frmwork/b/i;)V (61 bytes) @ 0x000001749d588d6c [0x000001749d588b40+0x000000000000022c]
J 22831 c2 ui.frmwork.HTclEventBroker.i(JZ)V (471 bytes) @ 0x000001749e4fe9b8 [0x000001749e4fd3c0+0x00000000000015f8]
J 24385 c2 ui.frmwork.HTclEventBroker.fireTclEvent(J)I (113 bytes) @ 0x000001749e9f5b34 [0x000001749e9f5500+0x0000000000000634]
v  ~StubRoutines::call_stub
J 24277  ui.views.waveform.waveformi.WVExecutive_processModelEvent(JJ)V (0 bytes) @ 0x000001749e9c1424 [0x000001749e9c13e0+0x0000000000000044]
J 24445 c1 ui.views.waveform.c.b.eD(J)V (109 bytes) @ 0x0000017498d8b7c4 [0x0000017498d8b680+0x0000000000000144]
j  ui.views.waveform.c.e.actionPerformed(Ljava/awt/event/ActionEvent;)V+8
J 17691 c2 javax.swing.Timer.fireActionPerformed(Ljava/awt/event/ActionEvent;)V java.desktop@9.0.4 (46 bytes) @ 0x000001749e2bd858 [0x000001749e2bd740+0x0000000000000118]
J 18012 c2 javax.swing.Timer$DoPostEvent.run()V java.desktop@9.0.4 (82 bytes) @ 0x000001749e36e86c [0x000001749e36e560+0x000000000000030c]
J 15730 c2 java.awt.EventQueue$3.run()Ljava/lang/Object; java.desktop@9.0.4 (5 bytes) @ 0x000001749d8e6984 [0x000001749d8e6880+0x0000000000000104]
v  ~StubRoutines::call_stub
J 4289  java.security.AccessController.doPrivileged(Ljava/security/PrivilegedAction;Ljava/security/AccessControlContext;)Ljava/lang/Object; java.base@9.0.4 (0 bytes) @ 0x000001749d5ae646 [0x000001749d5ae5e0+0x0000000000000066]
J 15656 c2 java.awt.EventQueue.dispatchEvent(Ljava/awt/AWTEvent;)V java.desktop@9.0.4 (80 bytes) @ 0x000001749d5d0618 [0x000001749d5d00c0+0x0000000000000558]
J 23980 c2 ui.frmwork.b.d.dispatchEvent(Ljava/awt/AWTEvent;)V (34 bytes) @ 0x000001749e70b2e8 [0x000001749e70b1e0+0x0000000000000108]
J 24074 c2 java.awt.EventDispatchThread.pumpOneEventForFilters(I)V java.desktop@9.0.4 (218 bytes) @ 0x000001749e51bb98 [0x000001749e51b880+0x0000000000000318]
J 24151 c2 java.awt.EventDispatchThread.pumpEventsForFilter(ILjava/awt/Conditional;Ljava/awt/EventFilter;)V java.desktop@9.0.4 (47 bytes) @ 0x000001749e544c48 [0x000001749e544a60+0x00000000000001e8]
j  java.awt.EventDispatchThread.pumpEventsForFilter(Ljava/awt/Conditional;Ljava/awt/EventFilter;)V+4 java.desktop@9.0.4
j  java.awt.WaitDispatchSupport$2.run()V+59 java.desktop@9.0.4
j  java.awt.WaitDispatchSupport$4.run()Ljava/lang/Void;+4 java.desktop@9.0.4
j  java.awt.WaitDispatchSupport$4.run()Ljava/lang/Object;+1 java.desktop@9.0.4
v  ~StubRoutines::call_stub
J 1031  java.security.AccessController.doPrivileged(Ljava/security/PrivilegedAction;)Ljava/lang/Object; java.base@9.0.4 (0 bytes) @ 0x000001749d3b99b2 [0x000001749d3b9960+0x0000000000000052]
j  java.awt.WaitDispatchSupport.enter()Z+260 java.desktop@9.0.4
j  java.awt.Dialog.show()V+225 java.desktop@9.0.4
J 6782 c1 java.awt.Component.setVisible(Z)V java.desktop@9.0.4 (6 bytes) @ 0x0000017496f620cc [0x0000017496f61ee0+0x00000000000001ec]
j  java.awt.Window.setVisible(Z)V+2 java.desktop@9.0.4
j  java.awt.Dialog.setVisible(Z)V+2 java.desktop@9.0.4
j  ui.b.c.g.setVisible(Z)V+2
j  ui.b.c.by.showDialog()V+64
j  ui.b.c.bF.actionPerformed(Ljava/awt/event/ActionEvent;)V+8
j  ui.b.c.by.cJI()V+396
j  ui.views.c.t.b.a.run()V+60
j  ui.frmwork.a.dWF()Z+66
j  ui.frmwork.V.dYl()V+42
j  ui.bk.actionPerformed(Ljava/awt/event/ActionEvent;)V+25
j  javax.swing.AbstractButton.fireActionPerformed(Ljava/awt/event/ActionEvent;)V+84 java.desktop@9.0.4
j  ui.utils.o.b.B.fireActionPerformed(Ljava/awt/event/ActionEvent;)V+7
j  javax.swing.AbstractButton$Handler.actionPerformed(Ljava/awt/event/ActionEvent;)V+5 java.desktop@9.0.4
j  javax.swing.DefaultButtonModel.fireActionPerformed(Ljava/awt/event/ActionEvent;)V+34 java.desktop@9.0.4
j  javax.swing.DefaultButtonModel.setPressed(Z)V+117 java.desktop@9.0.4
j  javax.swing.plaf.basic.BasicButtonListener.mouseReleased(Ljava/awt/event/MouseEvent;)V+35 java.desktop@9.0.4
j  com.jidesoft.plaf.basic.BasicJideButtonListener.mouseReleased(Ljava/awt/event/MouseEvent;)V+61
J 21317 c1 java.awt.AWTEventMulticaster.mouseReleased(Ljava/awt/event/MouseEvent;)V java.desktop@9.0.4 (27 bytes) @ 0x000001749642fe0c [0x000001749642fc00+0x000000000000020c]
J 21317 c1 java.awt.AWTEventMulticaster.mouseReleased(Ljava/awt/event/MouseEvent;)V java.desktop@9.0.4 (27 bytes) @ 0x000001749642fe0c [0x000001749642fc00+0x000000000000020c]
J 21317 c1 java.awt.AWTEventMulticaster.mouseReleased(Ljava/awt/event/MouseEvent;)V java.desktop@9.0.4 (27 bytes) @ 0x000001749642fe0c [0x000001749642fc00+0x000000000000020c]
J 24459 c2 javax.swing.JComponent.processMouseEvent(Ljava/awt/event/MouseEvent;)V java.desktop@9.0.4 (27 bytes) @ 0x000001749ea2868c [0x000001749ea284a0+0x00000000000001ec]
J 22496 c2 java.awt.Container.processEvent(Ljava/awt/AWTEvent;)V java.desktop@9.0.4 (22 bytes) @ 0x000001749d9b4e2c [0x000001749d9b4cc0+0x000000000000016c]
J 24180 c2 java.awt.Component.dispatchEventImpl(Ljava/awt/AWTEvent;)V java.desktop@9.0.4 (739 bytes) @ 0x000001749e9847d8 [0x000001749e983e40+0x0000000000000998]
J 20213 c2 java.awt.Container.dispatchEventImpl(Ljava/awt/AWTEvent;)V java.desktop@9.0.4 (129 bytes) @ 0x000001749e5cada0 [0x000001749e5cad40+0x0000000000000060]
J 15903 c2 java.awt.LightweightDispatcher.retargetMouseEvent(Ljava/awt/Component;ILjava/awt/event/MouseEvent;)V java.desktop@9.0.4 (350 bytes) @ 0x000001749e033e20 [0x000001749e033860+0x00000000000005c0]
J 20213 c2 java.awt.Container.dispatchEventImpl(Ljava/awt/AWTEvent;)V java.desktop@9.0.4 (129 bytes) @ 0x000001749e5cb628 [0x000001749e5cad40+0x00000000000008e8]
J 18113 c2 java.awt.Window.dispatchEventImpl(Ljava/awt/AWTEvent;)V java.desktop@9.0.4 (23 bytes) @ 0x000001749d4afb0c [0x000001749d4afac0+0x000000000000004c]
J 15730 c2 java.awt.EventQueue$3.run()Ljava/lang/Object; java.desktop@9.0.4 (5 bytes) @ 0x000001749d8e6a3c [0x000001749d8e6880+0x00000000000001bc]
v  ~StubRoutines::call_stub
J 4289  java.security.AccessController.doPrivileged(Ljava/security/PrivilegedAction;Ljava/security/AccessControlContext;)Ljava/lang/Object; java.base@9.0.4 (0 bytes) @ 0x000001749d5ae646 [0x000001749d5ae5e0+0x0000000000000066]
J 17935 c2 java.awt.EventQueue$4.run()Ljava/lang/Object; java.desktop@9.0.4 (5 bytes) @ 0x000001749e33c240 [0x000001749e33bfe0+0x0000000000000260]
v  ~StubRoutines::call_stub
J 4289  java.security.AccessController.doPrivileged(Ljava/security/PrivilegedAction;Ljava/security/AccessControlContext;)Ljava/lang/Object; java.base@9.0.4 (0 bytes) @ 0x000001749d5ae646 [0x000001749d5ae5e0+0x0000000000000066]
J 15656 c2 java.awt.EventQueue.dispatchEvent(Ljava/awt/AWTEvent;)V java.desktop@9.0.4 (80 bytes) @ 0x000001749d5d0440 [0x000001749d5d00c0+0x0000000000000380]
J 23980 c2 ui.frmwork.b.d.dispatchEvent(Ljava/awt/AWTEvent;)V (34 bytes) @ 0x000001749e70b2e8 [0x000001749e70b1e0+0x0000000000000108]
J 23984% c2 java.awt.EventDispatchThread.pumpEventsForFilter(ILjava/awt/Conditional;Ljava/awt/EventFilter;)V java.desktop@9.0.4 (47 bytes) @ 0x000001749db13214 [0x000001749db12e40+0x00000000000003d4]
j  java.awt.EventDispatchThread.pumpEventsForHierarchy(ILjava/awt/Conditional;Ljava/awt/Component;)V+11 java.desktop@9.0.4
j  java.awt.EventDispatchThread.pumpEvents(ILjava/awt/Conditional;)V+4 java.desktop@9.0.4
j  java.awt.EventDispatchThread.pumpEvents(Ljava/awt/Conditional;)V+3 java.desktop@9.0.4
j  java.awt.EventDispatchThread.run()V+9 java.desktop@9.0.4
v  ~StubRoutines::call_stub

siginfo: EXCEPTION_ACCESS_VIOLATION (0xc0000005), data execution prevention violation at address 0x00007ffc13ae3370


Register to memory mapping:

RIP=0x00007ffc13ae3370 librdi_wavedata.dll
RAX=0x00007ffc13a885e0 librdi_wavedata.dll
RBX=0x00000001087f4070 is pointing into the stack for thread: 0x000001748bd8e800
RCX=0x00000174c6a17de0 is an unknown value
RDX=0x00000174be52f4b0 is an unknown value
RSP=0x00000001087f3f08 is pointing into the stack for thread: 0x000001748bd8e800
RBP=0x00000001087f4030 is pointing into the stack for thread: 0x000001748bd8e800
RSI=0x00000174be52f4b0 is an unknown value
RDI=0x00000174c6a17de0 is an unknown value
R8 =0x00000001087f4030 is pointing into the stack for thread: 0x000001748bd8e800
R9 =0x00000001087f4070 is pointing into the stack for thread: 0x000001748bd8e800
R10=0x00000174be52f4c0 is an unknown value
R11=0x801086e8c0dca040 is an unknown value
R12=0x0000000000000000 is an unknown value
R13=0x0000000000000000 is an unknown value
R14=0x00000174be52f4b0 is an unknown value
R15=0x0000000000000001 is an unknown value


Registers:
RAX=0x00007ffc13a885e0, RBX=0x00000001087f4070, RCX=0x00000174c6a17de0, RDX=0x00000174be52f4b0
RSP=0x00000001087f3f08, RBP=0x00000001087f4030, RSI=0x00000174be52f4b0, RDI=0x00000174c6a17de0
R8 =0x00000001087f4030, R9 =0x00000001087f4070, R10=0x00000174be52f4c0, R11=0x801086e8c0dca040
R12=0x0000000000000000, R13=0x0000000000000000, R14=0x00000174be52f4b0, R15=0x0000000000000001
RIP=0x00007ffc13ae3370, EFLAGS=0x0000000000010206

Top of Stack: (sp=0x00000001087f3f08)
0x00000001087f3f08:   00007ffc137beedc 0000000700000000
0x00000001087f3f18:   0000017480513240 00000007c026d818
0x00000001087f3f28:   0000017480510000 00000174805102a4
0x00000001087f3f38:   00000001087f4070 00000001087f4030
0x00000001087f3f48:   00000174be52f4b0 fffffffffffffffe
0x00000001087f3f58:   0000000000000000 0000000000000000
0x00000001087f3f68:   0000000000000010 0000000000000008
0x00000001087f3f78:   0000000000000002 0000017480410000
0x00000001087f3f88:   00000001087f4049 0000000000000001
0x00000001087f3f98:   00007ffd1497b3c7 0000017480510000
0x00000001087f3fa8:   00007ffc00000000 0000000000000008
0x00000001087f3fb8:   00007ffc00000000 000074c1f7c65b99
0x00000001087f3fc8:   0000000000000078 00000002000024e8
0x00000001087f3fd8:   00000001087f4148 00000174bde255a0
0x00000001087f3fe8:   00000001087f4079 00000001087f4130
0x00000001087f3ff8:   00007ffc137b5fc7 000000000000004f 

Instructions: (pc=0x00007ffc13ae3370)
0x00007ffc13ae3350:   00 00 00 00 ff ff ff ff 00 00 00 00 40 00 00 00
0x00007ffc13ae3360:   20 33 45 00 00 00 00 00 00 00 00 00 00 00 00 00
0x00007ffc13ae3370:   01 00 00 00 00 00 00 00 00 00 00 00 10 8a 58 00
0x00007ffc13ae3380:   98 33 45 00 70 33 45 00 00 00 00 00 00 00 00 00 



---------------  P R O C E S S  ---------------

Java Threads: ( => current thread )
  0x00000174bb8c3800 JavaThread "Relaunch Simulation" [_thread_blocked, id=10036, stack(0x000000010c700000,0x000000010cc00000)]
  0x00000174bb8c6800 JavaThread "Swing-Shell" daemon [_thread_blocked, id=21576, stack(0x0000000107400000,0x0000000107900000)]
  0x000001748bd93800 JavaThread "Image Animator 0" daemon [_thread_blocked, id=4576, stack(0x000000010d100000,0x000000010d600000)]
  0x000001748bd97800 JavaThread "Monitor File Timestamp Swing Worker" [_thread_blocked, id=19752, stack(0x000000010bd00000,0x000000010c200000)]
  0x000001748bd96800 JavaThread "Timer-0" [_thread_blocked, id=22332, stack(0x000000010b800000,0x000000010bd00000)]
  0x000001748bd90000 JavaThread "SyntheticaAnimation 50" daemon [_thread_blocked, id=2132, stack(0x0000000108800000,0x0000000108d00000)]
  0x000001748bd90800 JavaThread "Update Runs Swing Worker" [_thread_blocked, id=16024, stack(0x000000010c200000,0x000000010c700000)]
  0x000001748bd95000 JavaThread "hw_ila_monitor" [_thread_blocked, id=18976, stack(0x000000010b300000,0x000000010b800000)]
  0x000001748bd94800 JavaThread "Refresh Filesets Swing Worker" [_thread_blocked, id=12496, stack(0x000000010ae00000,0x000000010b300000)]
  0x000001748bd96000 JavaThread "SyntheticaAnimation 70" daemon [_thread_blocked, id=7048, stack(0x000000010a900000,0x000000010ae00000)]
  0x000001748bd8c000 JavaThread "SyntheticaAnimation 25" daemon [_thread_blocked, id=16668, stack(0x0000000109f00000,0x000000010a400000)]
  0x000001748bd8d000 JavaThread "SyntheticaAnimation 50" daemon [_thread_blocked, id=3160, stack(0x0000000109a00000,0x0000000109f00000)]
  0x000001748bd8f000 JavaThread "Monitor HEventQueue" [_thread_blocked, id=6104, stack(0x0000000109500000,0x0000000109a00000)]
  0x000001748bd93000 JavaThread "SyntheticaCleanerThread" daemon [_thread_blocked, id=3916, stack(0x0000000108d00000,0x0000000109200000)]
  0x000001748bd8d800 JavaThread "Batik CleanerThread" daemon [_thread_blocked, id=22336, stack(0x0000000107900000,0x0000000107e00000)]
=>0x000001748bd8e800 JavaThread "AWT-EventQueue-1" [_thread_in_native, id=16468, stack(0x0000000108300000,0x0000000108800000)]
  0x000001748bd92000 JavaThread "Process Messages" [_thread_blocked, id=8064, stack(0x0000000107e00000,0x0000000108300000)]
  0x000001748bd8b800 JavaThread "Thread-1" [_thread_in_native, id=21464, stack(0x0000000100700000,0x0000000101b00000)]
  0x000001748a2e3800 JavaThread "TimerQueue" daemon [_thread_blocked, id=12600, stack(0x0000000106f00000,0x0000000107400000)]
  0x000001748a2e3000 JavaThread "AWT-Windows" daemon [_thread_in_native, id=8164, stack(0x0000000106a00000,0x0000000106f00000)]
  0x000001748a2de800 JavaThread "AWT-Shutdown" [_thread_blocked, id=16988, stack(0x0000000106500000,0x0000000106a00000)]
  0x000001748a2e0000 JavaThread "Java2D Disposer" daemon [_thread_blocked, id=10772, stack(0x0000000106000000,0x0000000106500000)]
  0x000001748a2df000 JavaThread "Service Thread" daemon [_thread_blocked, id=16740, stack(0x0000000105a00000,0x0000000105f00000)]
  0x000001748a2e0800 JavaThread "Common-Cleaner" daemon [_thread_blocked, id=11620, stack(0x0000000105500000,0x0000000105a00000)]
  0x000001748a2e1800 JavaThread "Sweeper thread" daemon [_thread_blocked, id=13776, stack(0x0000000105000000,0x0000000105500000)]
  0x0000017489282800 JavaThread "C1 CompilerThread3" daemon [_thread_blocked, id=15640, stack(0x0000000104f00000,0x0000000105000000)]
  0x0000017489612000 JavaThread "C2 CompilerThread2" daemon [_thread_blocked, id=13700, stack(0x0000000104e00000,0x0000000104f00000)]
  0x0000017489c77000 JavaThread "C2 CompilerThread1" daemon [_thread_blocked, id=18596, stack(0x0000000104d00000,0x0000000104e00000)]
  0x0000017489c76800 JavaThread "C2 CompilerThread0" daemon [_thread_blocked, id=17464, stack(0x0000000104c00000,0x0000000104d00000)]
  0x0000017484a3a800 JavaThread "Attach Listener" daemon [_thread_blocked, id=14580, stack(0x0000000104700000,0x0000000104c00000)]
  0x000001748df69800 JavaThread "Signal Dispatcher" daemon [_thread_blocked, id=6912, stack(0x0000000104200000,0x0000000104700000)]
  0x000001748a9fb800 JavaThread "Finalizer" daemon [_thread_blocked, id=18912, stack(0x0000000103d00000,0x0000000104200000)]
  0x000001748e34f800 JavaThread "Reference Handler" daemon [_thread_blocked, id=17744, stack(0x0000000103800000,0x0000000103d00000)]
  0x000001748e657800 JavaThread "main" [_thread_blocked, id=10944, stack(0x0000000100600000,0x0000000100700000)]

Other Threads:
  0x000001748a340800 VMThread "VM Thread" [stack: 0x0000000103700000,0x0000000103800000] [id=10876]
  0x0000017484ffc000 WatcherThread [stack: 0x0000000105f00000,0x0000000106000000] [id=21040]
  0x000001748ecee800 GCTaskThread "GC Thread#0" [stack: 0x0000000101e00000,0x0000000101f00000] [id=14628]
  0x000001748eceb000 GCTaskThread "GC Thread#1" [stack: 0x0000000101f00000,0x0000000102000000] [id=8356]
  0x000001748ecec000 GCTaskThread "GC Thread#2" [stack: 0x0000000102000000,0x0000000102100000] [id=4496]
  0x000001748eceb800 GCTaskThread "GC Thread#3" [stack: 0x0000000102100000,0x0000000102200000] [id=17796]
  0x000001748eced000 GCTaskThread "GC Thread#4" [stack: 0x0000000102200000,0x0000000102300000] [id=3248]
  0x000001748ecef800 GCTaskThread "GC Thread#5" [stack: 0x0000000102300000,0x0000000102400000] [id=13336]
  0x000001748ecf0000 GCTaskThread "GC Thread#6" [stack: 0x0000000102400000,0x0000000102500000] [id=10568]
  0x000001748ece9000 GCTaskThread "GC Thread#7" [stack: 0x0000000102500000,0x0000000102600000] [id=19912]
  0x000001748eced800 GCTaskThread "GC Thread#8" [stack: 0x0000000102600000,0x0000000102700000] [id=22376]
  0x000001748ecee000 GCTaskThread "GC Thread#9" [stack: 0x0000000102700000,0x0000000102800000] [id=16260]
  0x000001748b09e800 ConcurrentGCThread "G1 Main Marker" [stack: 0x0000000103300000,0x0000000103400000] [id=21188]
  0x000001748ece9800 ConcurrentGCThread "G1 Marker#0" [stack: 0x0000000103400000,0x0000000103500000] [id=2864]
  0x000001748ecea800 ConcurrentGCThread "G1 Marker#1" [stack: 0x0000000103500000,0x0000000103600000] [id=1080]
  0x0000017489af9800 ConcurrentGCThread "G1 Marker#2" [stack: 0x0000000103600000,0x0000000103700000] [id=15220]
  0x00000174892f3800 ConcurrentGCThread "G1 Refine#0" [stack: 0x0000000103100000,0x0000000103200000] [id=6636]
  0x00000174892f2800 ConcurrentGCThread "G1 Refine#1" [stack: 0x0000000103000000,0x0000000103100000] [id=13328]
  0x000001748e358800 ConcurrentGCThread "G1 Refine#2" [stack: 0x0000000102f00000,0x0000000103000000] [id=5836]
  0x000001748e358000 ConcurrentGCThread "G1 Refine#3" [stack: 0x0000000102e00000,0x0000000102f00000] [id=6808]
  0x000001748e357800 ConcurrentGCThread "G1 Refine#4" [stack: 0x0000000102d00000,0x0000000102e00000] [id=20116]
  0x000001748ed0a000 ConcurrentGCThread "G1 Refine#5" [stack: 0x0000000102c00000,0x0000000102d00000] [id=12832]
  0x000001748df5f000 ConcurrentGCThread "G1 Refine#6" [stack: 0x0000000102b00000,0x0000000102c00000] [id=4620]
  0x000001748df5e800 ConcurrentGCThread "G1 Refine#7" [stack: 0x0000000102a00000,0x0000000102b00000] [id=6412]
  0x000001748e757000 ConcurrentGCThread "G1 Refine#8" [stack: 0x0000000102900000,0x0000000102a00000] [id=3896]
  0x000001748e756800 ConcurrentGCThread "G1 Refine#9" [stack: 0x0000000102800000,0x0000000102900000] [id=15288]
  0x0000017487c62000 ConcurrentGCThread "G1 Young RemSet Sampling" [stack: 0x0000000103200000,0x0000000103300000] [id=7180]

Threads with active compile tasks:

VM state:not at safepoint (normal execution)

VM Mutex/Monitor currently owned by a thread: None

Heap address: 0x0000000700000000, size: 3072 MB, Compressed Oops mode: Zero based, Oop shift amount: 3
Narrow klass base: 0x0000000000000000, Narrow klass shift: 3
Compressed class space size: 1073741824 Address: 0x00000007c0000000

Heap:
 garbage-first heap   total 236544K, used 152097K [0x0000000700000000, 0x0000000700100738, 0x00000007c0000000)
  region size 1024K, 60 young (61440K), 1 survivors (1024K)
 Metaspace       used 89261K, capacity 95747K, committed 96028K, reserved 1132544K
  class space    used 12097K, capacity 13236K, committed 13340K, reserved 1048576K
Heap Regions: E=young(eden), S=young(survivor), O=old, HS=humongous(starts), HC=humongous(continues), CS=collection set, F=free, A=archive, TS=gc time stamp, AC=allocation context, TAMS=top-at-mark-start (previous, next)
|   0|0x0000000700000000, 0x00000007000ffff0, 0x0000000700100000| 99%| O|  |TS  0|AC  0|TAMS 0x0000000700000000, 0x0000000700000000|
|   1|0x0000000700100000, 0x0000000700200000, 0x0000000700200000|100%|HS|  |TS  0|AC  0|TAMS 0x0000000700100000, 0x0000000700100000|
|   2|0x0000000700200000, 0x0000000700300000, 0x0000000700300000|100%|HC|  |TS  0|AC  0|TAMS 0x0000000700200000, 0x0000000700200000|
|   3|0x0000000700300000, 0x0000000700400000, 0x0000000700400000|100%|HS|  |TS  0|AC  0|TAMS 0x0000000700300000, 0x0000000700300000|
|   4|0x0000000700400000, 0x00000007004fa5e0, 0x0000000700500000| 97%| O|  |TS  0|AC  0|TAMS 0x0000000700400000, 0x0000000700400000|
|   5|0x0000000700500000, 0x00000007005ffd00, 0x0000000700600000| 99%| O|  |TS  0|AC  0|TAMS 0x0000000700500000, 0x0000000700500000|
|   6|0x0000000700600000, 0x00000007006ffff0, 0x0000000700700000| 99%| O|  |TS  0|AC  0|TAMS 0x0000000700600000, 0x0000000700600000|
|   7|0x0000000700700000, 0x00000007007ffff0, 0x0000000700800000| 99%| O|  |TS  0|AC  0|TAMS 0x0000000700700000, 0x0000000700700000|
|   8|0x0000000700800000, 0x00000007008fffe8, 0x0000000700900000| 99%| O|  |TS  0|AC  0|TAMS 0x0000000700800000, 0x0000000700800000|
|   9|0x0000000700900000, 0x00000007009f93a0, 0x0000000700a00000| 97%| O|  |TS  0|AC  0|TAMS 0x0000000700900000, 0x0000000700900000|
|  10|0x0000000700a00000, 0x0000000700affff0, 0x0000000700b00000| 99%| O|  |TS  0|AC  0|TAMS 0x0000000700a00000, 0x0000000700a00000|
|  11|0x0000000700b00000, 0x0000000700bffff0, 0x0000000700c00000| 99%| O|  |TS  0|AC  0|TAMS 0x0000000700b00000, 0x0000000700b00000|
|  12|0x0000000700c00000, 0x0000000700cfffe8, 0x0000000700d00000| 99%| O|  |TS  0|AC  0|TAMS 0x0000000700c00000, 0x0000000700c00000|
|  13|0x0000000700d00000, 0x0000000700dfd078, 0x0000000700e00000| 98%| O|  |TS  0|AC  0|TAMS 0x0000000700d00000, 0x0000000700d00000|
|  14|0x0000000700e00000, 0x0000000700ef0418, 0x0000000700f00000| 93%| O|  |TS  0|AC  0|TAMS 0x0000000700e00000, 0x0000000700e00000|
|  15|0x0000000700f00000, 0x0000000700ff7698, 0x0000000701000000| 96%| O|  |TS  0|AC  0|TAMS 0x0000000700f00000, 0x0000000700f00000|
|  16|0x0000000701000000, 0x00000007010fcd88, 0x0000000701100000| 98%| O|  |TS  0|AC  0|TAMS 0x0000000701000000, 0x0000000701000000|
|  17|0x0000000701100000, 0x00000007011fffd8, 0x0000000701200000| 99%| O|  |TS  0|AC  0|TAMS 0x0000000701100000, 0x0000000701100000|
|  18|0x0000000701200000, 0x0000000701300000, 0x0000000701300000|100%| O|  |TS  0|AC  0|TAMS 0x0000000701200000, 0x0000000701200000|
|  19|0x0000000701300000, 0x00000007013ffff0, 0x0000000701400000| 99%| O|  |TS  0|AC  0|TAMS 0x0000000701300000, 0x0000000701300000|
|  20|0x0000000701400000, 0x00000007014fffe8, 0x0000000701500000| 99%| O|  |TS  0|AC  0|TAMS 0x0000000701400000, 0x0000000701400000|
|  21|0x0000000701500000, 0x00000007015dd830, 0x0000000701600000| 86%| O|  |TS  0|AC  0|TAMS 0x0000000701500000, 0x0000000701500000|
|  22|0x0000000701600000, 0x00000007016ffe98, 0x0000000701700000| 99%| O|  |TS  0|AC  0|TAMS 0x0000000701600000, 0x0000000701600000|
|  23|0x0000000701700000, 0x00000007017fffc0, 0x0000000701800000| 99%| O|  |TS  0|AC  0|TAMS 0x0000000701700000, 0x0000000701700000|
|  24|0x0000000701800000, 0x00000007018fffd8, 0x0000000701900000| 99%| O|  |TS  0|AC  0|TAMS 0x0000000701800000, 0x0000000701800000|
|  25|0x0000000701900000, 0x00000007019ffff8, 0x0000000701a00000| 99%| O|  |TS  0|AC  0|TAMS 0x0000000701900000, 0x0000000701900000|
|  26|0x0000000701a00000, 0x0000000701afffe8, 0x0000000701b00000| 99%| O|  |TS  0|AC  0|TAMS 0x0000000701a00000, 0x0000000701a00000|
|  27|0x0000000701b00000, 0x0000000701bffff8, 0x0000000701c00000| 99%| O|  |TS  0|AC  0|TAMS 0x0000000701b00000, 0x0000000701b00000|
|  28|0x0000000701c00000, 0x0000000701cfff30, 0x0000000701d00000| 99%| O|  |TS  0|AC  0|TAMS 0x0000000701c00000, 0x0000000701c00000|
|  29|0x0000000701d00000, 0x0000000701dfffe8, 0x0000000701e00000| 99%| O|  |TS  0|AC  0|TAMS 0x0000000701d00000, 0x0000000701d00000|
|  30|0x0000000701e00000, 0x0000000701f00000, 0x0000000701f00000|100%| O|  |TS  0|AC  0|TAMS 0x0000000701e00000, 0x0000000701e00000|
|  31|0x0000000701f00000, 0x0000000701fffff0, 0x0000000702000000| 99%| O|  |TS  0|AC  0|TAMS 0x0000000701f00000, 0x0000000701f00000|
|  32|0x0000000702000000, 0x00000007020ffed0, 0x0000000702100000| 99%| O|  |TS  0|AC  0|TAMS 0x0000000702000000, 0x0000000702000000|
|  33|0x0000000702100000, 0x00000007021ffff8, 0x0000000702200000| 99%| O|  |TS  0|AC  0|TAMS 0x0000000702100000, 0x0000000702100000|
|  34|0x0000000702200000, 0x00000007022fffe8, 0x0000000702300000| 99%| O|  |TS  0|AC  0|TAMS 0x0000000702200000, 0x0000000702200000|
|  35|0x0000000702300000, 0x00000007023ffff8, 0x0000000702400000| 99%| O|  |TS  0|AC  0|TAMS 0x0000000702300000, 0x0000000702300000|
|  36|0x0000000702400000, 0x00000007024ffff8, 0x0000000702500000| 99%| O|  |TS  0|AC  0|TAMS 0x0000000702400000, 0x0000000702400000|
|  37|0x0000000702500000, 0x00000007025fff50, 0x0000000702600000| 99%| O|  |TS  0|AC  0|TAMS 0x0000000702500000, 0x0000000702500000|
|  38|0x0000000702600000, 0x00000007026fbec0, 0x0000000702700000| 98%| O|  |TS  0|AC  0|TAMS 0x0000000702600000, 0x0000000702600000|
|  39|0x0000000702700000, 0x00000007027fffc0, 0x0000000702800000| 99%| O|  |TS  0|AC  0|TAMS 0x0000000702700000, 0x0000000702700000|
|  40|0x0000000702800000, 0x00000007028ef208, 0x0000000702900000| 93%| O|  |TS  0|AC  0|TAMS 0x0000000702800000, 0x0000000702800000|
|  41|0x0000000702900000, 0x00000007029ffc48, 0x0000000702a00000| 99%| O|  |TS  0|AC  0|TAMS 0x0000000702900000, 0x0000000702900000|
|  42|0x0000000702a00000, 0x0000000702afcfb8, 0x0000000702b00000| 98%| O|  |TS  0|AC  0|TAMS 0x0000000702a00000, 0x0000000702a00000|
|  43|0x0000000702b00000, 0x0000000702bfffe8, 0x0000000702c00000| 99%| O|  |TS  0|AC  0|TAMS 0x0000000702b00000, 0x0000000702b00000|
|  44|0x0000000702c00000, 0x0000000702cffff8, 0x0000000702d00000| 99%| O|  |TS  0|AC  0|TAMS 0x0000000702c00000, 0x0000000702c00000|
|  45|0x0000000702d00000, 0x0000000702dffff0, 0x0000000702e00000| 99%| O|  |TS  0|AC  0|TAMS 0x0000000702d00000, 0x0000000702d00000|
|  46|0x0000000702e00000, 0x0000000702efff78, 0x0000000702f00000| 99%| O|  |TS  0|AC  0|TAMS 0x0000000702e00000, 0x0000000702e00000|
|  47|0x0000000702f00000, 0x0000000702fffff8, 0x0000000703000000| 99%| O|  |TS  0|AC  0|TAMS 0x0000000702f00000, 0x0000000702f00000|
|  48|0x0000000703000000, 0x00000007030ffff0, 0x0000000703100000| 99%| O|  |TS  0|AC  0|TAMS 0x0000000703000000, 0x0000000703000000|
|  49|0x0000000703100000, 0x00000007031ffff0, 0x0000000703200000| 99%| O|  |TS  0|AC  0|TAMS 0x0000000703100000, 0x0000000703100000|
|  50|0x0000000703200000, 0x00000007032fe048, 0x0000000703300000| 99%| O|  |TS  0|AC  0|TAMS 0x0000000703200000, 0x0000000703200000|
|  51|0x0000000703300000, 0x00000007033ffff0, 0x0000000703400000| 99%| O|  |TS  0|AC  0|TAMS 0x0000000703300000, 0x0000000703300000|
|  52|0x0000000703400000, 0x00000007034ffff8, 0x0000000703500000| 99%| O|  |TS  0|AC  0|TAMS 0x0000000703400000, 0x0000000703400000|
|  53|0x0000000703500000, 0x00000007035ffe90, 0x0000000703600000| 99%| O|  |TS  0|AC  0|TAMS 0x0000000703500000, 0x0000000703500000|
|  54|0x0000000703600000, 0x00000007036ffff8, 0x0000000703700000| 99%| O|  |TS  0|AC  0|TAMS 0x0000000703600000, 0x0000000703600000|
|  55|0x0000000703700000, 0x00000007037fff40, 0x0000000703800000| 99%| O|  |TS  0|AC  0|TAMS 0x0000000703700000, 0x0000000703700000|
|  56|0x0000000703800000, 0x00000007038fffe8, 0x0000000703900000| 99%| O|  |TS  0|AC  0|TAMS 0x0000000703800000, 0x0000000703800000|
|  57|0x0000000703900000, 0x0000000703a00000, 0x0000000703a00000|100%|HS|  |TS  0|AC  0|TAMS 0x0000000703900000, 0x0000000703900000|
|  58|0x0000000703a00000, 0x0000000703affff0, 0x0000000703b00000| 99%| O|  |TS  0|AC  0|TAMS 0x0000000703a00000, 0x0000000703a00000|
|  59|0x0000000703b00000, 0x0000000703c00000, 0x0000000703c00000|100%| O|  |TS  0|AC  0|TAMS 0x0000000703b00000, 0x0000000703b00000|
|  60|0x0000000703c00000, 0x0000000703cfffe0, 0x0000000703d00000| 99%| O|  |TS  0|AC  0|TAMS 0x0000000703c00000, 0x0000000703c00000|
|  61|0x0000000703d00000, 0x0000000703dffff0, 0x0000000703e00000| 99%| O|  |TS  0|AC  0|TAMS 0x0000000703d00000, 0x0000000703d00000|
|  62|0x0000000703e00000, 0x0000000703effff8, 0x0000000703f00000| 99%| O|  |TS  0|AC  0|TAMS 0x0000000703e00000, 0x0000000703e00000|
|  63|0x0000000703f00000, 0x0000000703ffffc8, 0x0000000704000000| 99%| O|  |TS  0|AC  0|TAMS 0x0000000703f00000, 0x0000000703f00000|
|  64|0x0000000704000000, 0x00000007040ffff8, 0x0000000704100000| 99%| O|  |TS  0|AC  0|TAMS 0x0000000704000000, 0x0000000704000000|
|  65|0x0000000704100000, 0x00000007041fffe0, 0x0000000704200000| 99%| O|  |TS  0|AC  0|TAMS 0x0000000704100000, 0x0000000704100000|
|  66|0x0000000704200000, 0x000000070429cfe8, 0x0000000704300000| 61%| O|  |TS  0|AC  0|TAMS 0x0000000704200000, 0x0000000704200000|
|  67|0x0000000704300000, 0x00000007043ffaa8, 0x0000000704400000| 99%| O|  |TS  0|AC  0|TAMS 0x0000000704300000, 0x0000000704300000|
|  68|0x0000000704400000, 0x0000000704464348, 0x0000000704500000| 39%| O|  |TS  0|AC  0|TAMS 0x0000000704400000, 0x0000000704400000|
|  69|0x0000000704500000, 0x0000000704500000, 0x0000000704600000|  0%| F|  |TS  0|AC  0|TAMS 0x0000000704500000, 0x0000000704500000|
|  70|0x0000000704600000, 0x0000000704600000, 0x0000000704700000|  0%| F|  |TS  0|AC  0|TAMS 0x0000000704600000, 0x0000000704600000|
|  71|0x0000000704700000, 0x0000000704700000, 0x0000000704800000|  0%| F|  |TS  0|AC  0|TAMS 0x0000000704700000, 0x0000000704700000|
|  72|0x0000000704800000, 0x0000000704900000, 0x0000000704900000|100%|HS|  |TS  0|AC  0|TAMS 0x0000000704800000, 0x0000000704800000|
|  73|0x0000000704900000, 0x0000000704a00000, 0x0000000704a00000|100%|HC|  |TS  0|AC  0|TAMS 0x0000000704900000, 0x0000000704900000|
|  74|0x0000000704a00000, 0x0000000704b00000, 0x0000000704b00000|100%|HC|  |TS  0|AC  0|TAMS 0x0000000704a00000, 0x0000000704a00000|
|  75|0x0000000704b00000, 0x0000000704c00000, 0x0000000704c00000|100%|HC|  |TS  0|AC  0|TAMS 0x0000000704b00000, 0x0000000704b00000|
|  76|0x0000000704c00000, 0x0000000704d00000, 0x0000000704d00000|100%|HC|  |TS  0|AC  0|TAMS 0x0000000704c00000, 0x0000000704c00000|
|  77|0x0000000704d00000, 0x0000000704e00000, 0x0000000704e00000|100%|HC|  |TS  0|AC  0|TAMS 0x0000000704d00000, 0x0000000704d00000|
|  78|0x0000000704e00000, 0x0000000704f00000, 0x0000000704f00000|100%|HC|  |TS  0|AC  0|TAMS 0x0000000704e00000, 0x0000000704e00000|
|  79|0x0000000704f00000, 0x0000000705000000, 0x0000000705000000|100%|HC|  |TS  0|AC  0|TAMS 0x0000000704f00000, 0x0000000704f00000|
|  80|0x0000000705000000, 0x0000000705100000, 0x0000000705100000|100%|HC|  |TS  0|AC  0|TAMS 0x0000000705000000, 0x0000000705000000|
|  81|0x0000000705100000, 0x0000000705200000, 0x0000000705200000|100%|HC|  |TS  0|AC  0|TAMS 0x0000000705100000, 0x0000000705100000|
|  82|0x0000000705200000, 0x0000000705300000, 0x0000000705300000|100%|HC|  |TS  0|AC  0|TAMS 0x0000000705200000, 0x0000000705200000|
|  83|0x0000000705300000, 0x0000000705400000, 0x0000000705400000|100%|HC|  |TS  0|AC  0|TAMS 0x0000000705300000, 0x0000000705300000|
|  84|0x0000000705400000, 0x0000000705500000, 0x0000000705500000|100%|HC|  |TS  0|AC  0|TAMS 0x0000000705400000, 0x0000000705400000|
|  85|0x0000000705500000, 0x0000000705600000, 0x0000000705600000|100%|HS|  |TS  0|AC  0|TAMS 0x0000000705500000, 0x0000000705500000|
|  86|0x0000000705600000, 0x0000000705700000, 0x0000000705700000|100%|HC|  |TS  0|AC  0|TAMS 0x0000000705600000, 0x0000000705600000|
|  87|0x0000000705700000, 0x0000000705800000, 0x0000000705800000|100%|HC|  |TS  0|AC  0|TAMS 0x0000000705700000, 0x0000000705700000|
|  88|0x0000000705800000, 0x0000000705900000, 0x0000000705900000|100%|HC|  |TS  0|AC  0|TAMS 0x0000000705800000, 0x0000000705800000|
|  89|0x0000000705900000, 0x0000000705900000, 0x0000000705a00000|  0%| F|  |TS  0|AC  0|TAMS 0x0000000705900000, 0x0000000705900000|
|  90|0x0000000705a00000, 0x0000000705a00000, 0x0000000705b00000|  0%| F|  |TS  0|AC  0|TAMS 0x0000000705a00000, 0x0000000705a00000|
|  91|0x0000000705b00000, 0x0000000705b00000, 0x0000000705c00000|  0%| F|  |TS  0|AC  0|TAMS 0x0000000705b00000, 0x0000000705b00000|
|  92|0x0000000705c00000, 0x0000000705c00000, 0x0000000705d00000|  0%| F|  |TS  0|AC  0|TAMS 0x0000000705c00000, 0x0000000705c00000|
|  93|0x0000000705d00000, 0x0000000705d00000, 0x0000000705e00000|  0%| F|  |TS  0|AC  0|TAMS 0x0000000705d00000, 0x0000000705d00000|
|  94|0x0000000705e00000, 0x0000000705e00000, 0x0000000705f00000|  0%| F|  |TS  0|AC  0|TAMS 0x0000000705e00000, 0x0000000705e00000|
|  95|0x0000000705f00000, 0x0000000706000000, 0x0000000706000000|100%|HS|  |TS  0|AC  0|TAMS 0x0000000705f00000, 0x0000000705f00000|
|  96|0x0000000706000000, 0x0000000706100000, 0x0000000706100000|100%|HC|  |TS  0|AC  0|TAMS 0x0000000706000000, 0x0000000706000000|
|  97|0x0000000706100000, 0x0000000706200000, 0x0000000706200000|100%|HC|  |TS  0|AC  0|TAMS 0x0000000706100000, 0x0000000706100000|
|  98|0x0000000706200000, 0x0000000706300000, 0x0000000706300000|100%|HC|  |TS  0|AC  0|TAMS 0x0000000706200000, 0x0000000706200000|
|  99|0x0000000706300000, 0x0000000706400000, 0x0000000706400000|100%|HC|  |TS  0|AC  0|TAMS 0x0000000706300000, 0x0000000706300000|
| 100|0x0000000706400000, 0x0000000706400000, 0x0000000706500000|  0%| F|  |TS  0|AC  0|TAMS 0x0000000706400000, 0x0000000706400000|
| 101|0x0000000706500000, 0x0000000706500000, 0x0000000706600000|  0%| F|  |TS  0|AC  0|TAMS 0x0000000706500000, 0x0000000706500000|
| 102|0x0000000706600000, 0x0000000706600000, 0x0000000706700000|  0%| F|  |TS  0|AC  0|TAMS 0x0000000706600000, 0x0000000706600000|
| 103|0x0000000706700000, 0x0000000706700000, 0x0000000706800000|  0%| F|  |TS  0|AC  0|TAMS 0x0000000706700000, 0x0000000706700000|
| 104|0x0000000706800000, 0x0000000706800000, 0x0000000706900000|  0%| F|  |TS  0|AC  0|TAMS 0x0000000706800000, 0x0000000706800000|
| 105|0x0000000706900000, 0x0000000706900000, 0x0000000706a00000|  0%| F|  |TS  0|AC  0|TAMS 0x0000000706900000, 0x0000000706900000|
| 106|0x0000000706a00000, 0x0000000706a00000, 0x0000000706b00000|  0%| F|  |TS  0|AC  0|TAMS 0x0000000706a00000, 0x0000000706a00000|
| 107|0x0000000706b00000, 0x0000000706b00000, 0x0000000706c00000|  0%| F|  |TS  0|AC  0|TAMS 0x0000000706b00000, 0x0000000706b00000|
| 108|0x0000000706c00000, 0x0000000706c00000, 0x0000000706d00000|  0%| F|  |TS  0|AC  0|TAMS 0x0000000706c00000, 0x0000000706c00000|
| 109|0x0000000706d00000, 0x0000000706d00000, 0x0000000706e00000|  0%| F|  |TS  0|AC  0|TAMS 0x0000000706d00000, 0x0000000706d00000|
| 110|0x0000000706e00000, 0x0000000706e00000, 0x0000000706f00000|  0%| F|  |TS  0|AC  0|TAMS 0x0000000706e00000, 0x0000000706e00000|
| 111|0x0000000706f00000, 0x0000000706f00000, 0x0000000707000000|  0%| F|  |TS  0|AC  0|TAMS 0x0000000706f00000, 0x0000000706f00000|
| 112|0x0000000707000000, 0x0000000707000000, 0x0000000707100000|  0%| F|  |TS  0|AC  0|TAMS 0x0000000707000000, 0x0000000707000000|
| 113|0x0000000707100000, 0x0000000707100000, 0x0000000707200000|  0%| F|  |TS  0|AC  0|TAMS 0x0000000707100000, 0x0000000707100000|
| 114|0x0000000707200000, 0x0000000707200000, 0x0000000707300000|  0%| F|  |TS  0|AC  0|TAMS 0x0000000707200000, 0x0000000707200000|
| 115|0x0000000707300000, 0x0000000707300000, 0x0000000707400000|  0%| F|  |TS  0|AC  0|TAMS 0x0000000707300000, 0x0000000707300000|
| 116|0x0000000707400000, 0x0000000707400000, 0x0000000707500000|  0%| F|  |TS  0|AC  0|TAMS 0x0000000707400000, 0x0000000707400000|
| 117|0x0000000707500000, 0x0000000707500000, 0x0000000707600000|  0%| F|  |TS  0|AC  0|TAMS 0x0000000707500000, 0x0000000707500000|
| 118|0x0000000707600000, 0x0000000707600000, 0x0000000707700000|  0%| F|  |TS  0|AC  0|TAMS 0x0000000707600000, 0x0000000707600000|
| 119|0x0000000707700000, 0x0000000707700000, 0x0000000707800000|  0%| F|  |TS  0|AC  0|TAMS 0x0000000707700000, 0x0000000707700000|
| 120|0x0000000707800000, 0x0000000707800000, 0x0000000707900000|  0%| F|  |TS  0|AC  0|TAMS 0x0000000707800000, 0x0000000707800000|
| 121|0x0000000707900000, 0x0000000707900000, 0x0000000707a00000|  0%| F|  |TS  0|AC  0|TAMS 0x0000000707900000, 0x0000000707900000|
| 122|0x0000000707a00000, 0x0000000707a00000, 0x0000000707b00000|  0%| F|  |TS  0|AC  0|TAMS 0x0000000707a00000, 0x0000000707a00000|
| 123|0x0000000707b00000, 0x0000000707b00000, 0x0000000707c00000|  0%| F|  |TS  0|AC  0|TAMS 0x0000000707b00000, 0x0000000707b00000|
| 124|0x0000000707c00000, 0x0000000707c00000, 0x0000000707d00000|  0%| F|  |TS  0|AC  0|TAMS 0x0000000707c00000, 0x0000000707c00000|
| 125|0x0000000707d00000, 0x0000000707d00000, 0x0000000707e00000|  0%| F|  |TS  0|AC  0|TAMS 0x0000000707d00000, 0x0000000707d00000|
| 126|0x0000000707e00000, 0x0000000707e00000, 0x0000000707f00000|  0%| F|  |TS  0|AC  0|TAMS 0x0000000707e00000, 0x0000000707e00000|
| 127|0x0000000707f00000, 0x0000000707f00000, 0x0000000708000000|  0%| F|  |TS  0|AC  0|TAMS 0x0000000707f00000, 0x0000000707f00000|
| 128|0x0000000708000000, 0x0000000708000000, 0x0000000708100000|  0%| F|  |TS  0|AC  0|TAMS 0x0000000708000000, 0x0000000708000000|
| 129|0x0000000708100000, 0x0000000708100000, 0x0000000708200000|  0%| F|  |TS  0|AC  0|TAMS 0x0000000708100000, 0x0000000708100000|
| 130|0x0000000708200000, 0x0000000708200000, 0x0000000708300000|  0%| F|  |TS  0|AC  0|TAMS 0x0000000708200000, 0x0000000708200000|
| 131|0x0000000708300000, 0x0000000708300000, 0x0000000708400000|  0%| F|  |TS  0|AC  0|TAMS 0x0000000708300000, 0x0000000708300000|
| 132|0x0000000708400000, 0x0000000708400000, 0x0000000708500000|  0%| F|  |TS  0|AC  0|TAMS 0x0000000708400000, 0x0000000708400000|
| 133|0x0000000708500000, 0x0000000708500000, 0x0000000708600000|  0%| F|  |TS  0|AC  0|TAMS 0x0000000708500000, 0x0000000708500000|
| 134|0x0000000708600000, 0x0000000708600000, 0x0000000708700000|  0%| F|  |TS  0|AC  0|TAMS 0x0000000708600000, 0x0000000708600000|
| 135|0x0000000708700000, 0x0000000708700000, 0x0000000708800000|  0%| F|  |TS  0|AC  0|TAMS 0x0000000708700000, 0x0000000708700000|
| 136|0x0000000708800000, 0x0000000708800000, 0x0000000708900000|  0%| F|  |TS  0|AC  0|TAMS 0x0000000708800000, 0x0000000708800000|
| 137|0x0000000708900000, 0x0000000708900000, 0x0000000708a00000|  0%| F|  |TS  0|AC  0|TAMS 0x0000000708900000, 0x0000000708900000|
| 138|0x0000000708a00000, 0x0000000708a00000, 0x0000000708b00000|  0%| F|  |TS  0|AC  0|TAMS 0x0000000708a00000, 0x0000000708a00000|
| 139|0x0000000708b00000, 0x0000000708b00000, 0x0000000708c00000|  0%| F|  |TS  0|AC  0|TAMS 0x0000000708b00000, 0x0000000708b00000|
| 140|0x0000000708c00000, 0x0000000708c00000, 0x0000000708d00000|  0%| F|  |TS  0|AC  0|TAMS 0x0000000708c00000, 0x0000000708c00000|
| 141|0x0000000708d00000, 0x0000000708d00000, 0x0000000708e00000|  0%| F|  |TS  0|AC  0|TAMS 0x0000000708d00000, 0x0000000708d00000|
| 142|0x0000000708e00000, 0x0000000708e00000, 0x0000000708f00000|  0%| F|  |TS  0|AC  0|TAMS 0x0000000708e00000, 0x0000000708e00000|
| 143|0x0000000708f00000, 0x0000000708f00000, 0x0000000709000000|  0%| F|  |TS  0|AC  0|TAMS 0x0000000708f00000, 0x0000000708f00000|
| 144|0x0000000709000000, 0x0000000709000000, 0x0000000709100000|  0%| F|  |TS  0|AC  0|TAMS 0x0000000709000000, 0x0000000709000000|
| 145|0x0000000709100000, 0x0000000709100000, 0x0000000709200000|  0%| F|  |TS  0|AC  0|TAMS 0x0000000709100000, 0x0000000709100000|
| 146|0x0000000709200000, 0x0000000709200000, 0x0000000709300000|  0%| F|  |TS  0|AC  0|TAMS 0x0000000709200000, 0x0000000709200000|
| 147|0x0000000709300000, 0x0000000709300000, 0x0000000709400000|  0%| F|  |TS  0|AC  0|TAMS 0x0000000709300000, 0x0000000709300000|
| 148|0x0000000709400000, 0x0000000709400000, 0x0000000709500000|  0%| F|  |TS  0|AC  0|TAMS 0x0000000709400000, 0x0000000709400000|
| 149|0x0000000709500000, 0x0000000709500000, 0x0000000709600000|  0%| F|  |TS  0|AC  0|TAMS 0x0000000709500000, 0x0000000709500000|
| 150|0x0000000709600000, 0x0000000709600000, 0x0000000709700000|  0%| F|  |TS  0|AC  0|TAMS 0x0000000709600000, 0x0000000709600000|
| 151|0x0000000709700000, 0x0000000709700000, 0x0000000709800000|  0%| F|  |TS  0|AC  0|TAMS 0x0000000709700000, 0x0000000709700000|
| 152|0x0000000709800000, 0x0000000709800000, 0x0000000709900000|  0%| F|  |TS  0|AC  0|TAMS 0x0000000709800000, 0x0000000709800000|
| 153|0x0000000709900000, 0x0000000709900000, 0x0000000709a00000|  0%| F|  |TS  0|AC  0|TAMS 0x0000000709900000, 0x0000000709900000|
| 154|0x0000000709a00000, 0x0000000709a00000, 0x0000000709b00000|  0%| F|  |TS  0|AC  0|TAMS 0x0000000709a00000, 0x0000000709a00000|
| 155|0x0000000709b00000, 0x0000000709b00000, 0x0000000709c00000|  0%| F|  |TS  0|AC  0|TAMS 0x0000000709b00000, 0x0000000709b00000|
| 156|0x0000000709c00000, 0x0000000709c00000, 0x0000000709d00000|  0%| F|  |TS  0|AC  0|TAMS 0x0000000709c00000, 0x0000000709c00000|
| 157|0x0000000709d00000, 0x0000000709d00000, 0x0000000709e00000|  0%| F|  |TS  0|AC  0|TAMS 0x0000000709d00000, 0x0000000709d00000|
| 158|0x0000000709e00000, 0x0000000709e00000, 0x0000000709f00000|  0%| F|  |TS  0|AC  0|TAMS 0x0000000709e00000, 0x0000000709e00000|
| 159|0x0000000709f00000, 0x0000000709f00000, 0x000000070a000000|  0%| F|  |TS  0|AC  0|TAMS 0x0000000709f00000, 0x0000000709f00000|
| 160|0x000000070a000000, 0x000000070a000000, 0x000000070a100000|  0%| F|  |TS  0|AC  0|TAMS 0x000000070a000000, 0x000000070a000000|
| 161|0x000000070a100000, 0x000000070a100000, 0x000000070a200000|  0%| F|  |TS  0|AC  0|TAMS 0x000000070a100000, 0x000000070a100000|
| 162|0x000000070a200000, 0x000000070a200000, 0x000000070a300000|  0%| F|  |TS  0|AC  0|TAMS 0x000000070a200000, 0x000000070a200000|
| 163|0x000000070a300000, 0x000000070a300000, 0x000000070a400000|  0%| F|  |TS  0|AC  0|TAMS 0x000000070a300000, 0x000000070a300000|
| 164|0x000000070a400000, 0x000000070a400000, 0x000000070a500000|  0%| F|  |TS  0|AC  0|TAMS 0x000000070a400000, 0x000000070a400000|
| 165|0x000000070a500000, 0x000000070a500000, 0x000000070a600000|  0%| F|  |TS  0|AC  0|TAMS 0x000000070a500000, 0x000000070a500000|
| 166|0x000000070a600000, 0x000000070a600000, 0x000000070a700000|  0%| F|  |TS  0|AC  0|TAMS 0x000000070a600000, 0x000000070a600000|
| 167|0x000000070a700000, 0x000000070a700000, 0x000000070a800000|  0%| F|  |TS  0|AC  0|TAMS 0x000000070a700000, 0x000000070a700000|
| 168|0x000000070a800000, 0x000000070a800000, 0x000000070a900000|  0%| F|  |TS  0|AC  0|TAMS 0x000000070a800000, 0x000000070a800000|
| 169|0x000000070a900000, 0x000000070a900000, 0x000000070aa00000|  0%| F|  |TS  0|AC  0|TAMS 0x000000070a900000, 0x000000070a900000|
| 170|0x000000070aa00000, 0x000000070aa00000, 0x000000070ab00000|  0%| F|  |TS 15|AC  0|TAMS 0x000000070aa00000, 0x000000070aa00000|
| 171|0x000000070ab00000, 0x000000070abefdb0, 0x000000070ac00000| 93%| S|CS|TS 15|AC  0|TAMS 0x000000070ab00000, 0x000000070ab00000|
| 172|0x000000070ac00000, 0x000000070ac380a8, 0x000000070ad00000| 21%| E|  |TS 15|AC  0|TAMS 0x000000070ac00000, 0x000000070ac00000|
| 173|0x000000070ad00000, 0x000000070ae00000, 0x000000070ae00000|100%| E|CS|TS 15|AC  0|TAMS 0x000000070ad00000, 0x000000070ad00000|
| 174|0x000000070ae00000, 0x000000070af00000, 0x000000070af00000|100%| E|CS|TS 15|AC  0|TAMS 0x000000070ae00000, 0x000000070ae00000|
| 175|0x000000070af00000, 0x000000070b000000, 0x000000070b000000|100%| E|CS|TS 15|AC  0|TAMS 0x000000070af00000, 0x000000070af00000|
| 176|0x000000070b000000, 0x000000070b100000, 0x000000070b100000|100%| E|CS|TS 15|AC  0|TAMS 0x000000070b000000, 0x000000070b000000|
| 177|0x000000070b100000, 0x000000070b200000, 0x000000070b200000|100%| E|CS|TS 15|AC  0|TAMS 0x000000070b100000, 0x000000070b100000|
| 178|0x000000070b200000, 0x000000070b300000, 0x000000070b300000|100%| E|CS|TS 15|AC  0|TAMS 0x000000070b200000, 0x000000070b200000|
| 179|0x000000070b300000, 0x000000070b400000, 0x000000070b400000|100%| E|CS|TS 15|AC  0|TAMS 0x000000070b300000, 0x000000070b300000|
| 180|0x000000070b400000, 0x000000070b500000, 0x000000070b500000|100%| E|CS|TS 15|AC  0|TAMS 0x000000070b400000, 0x000000070b400000|
| 181|0x000000070b500000, 0x000000070b600000, 0x000000070b600000|100%| E|CS|TS 15|AC  0|TAMS 0x000000070b500000, 0x000000070b500000|
| 182|0x000000070b600000, 0x000000070b700000, 0x000000070b700000|100%| E|CS|TS 15|AC  0|TAMS 0x000000070b600000, 0x000000070b600000|
| 183|0x000000070b700000, 0x000000070b800000, 0x000000070b800000|100%| E|CS|TS 15|AC  0|TAMS 0x000000070b700000, 0x000000070b700000|
| 184|0x000000070b800000, 0x000000070b900000, 0x000000070b900000|100%| E|CS|TS 15|AC  0|TAMS 0x000000070b800000, 0x000000070b800000|
| 185|0x000000070b900000, 0x000000070ba00000, 0x000000070ba00000|100%| E|CS|TS 15|AC  0|TAMS 0x000000070b900000, 0x000000070b900000|
| 186|0x000000070ba00000, 0x000000070bb00000, 0x000000070bb00000|100%| E|CS|TS 15|AC  0|TAMS 0x000000070ba00000, 0x000000070ba00000|
| 187|0x000000070bb00000, 0x000000070bc00000, 0x000000070bc00000|100%| E|CS|TS 15|AC  0|TAMS 0x000000070bb00000, 0x000000070bb00000|
| 188|0x000000070bc00000, 0x000000070bd00000, 0x000000070bd00000|100%| E|CS|TS 15|AC  0|TAMS 0x000000070bc00000, 0x000000070bc00000|
| 189|0x000000070bd00000, 0x000000070be00000, 0x000000070be00000|100%| E|CS|TS 15|AC  0|TAMS 0x000000070bd00000, 0x000000070bd00000|
| 190|0x000000070be00000, 0x000000070bf00000, 0x000000070bf00000|100%| E|CS|TS 15|AC  0|TAMS 0x000000070be00000, 0x000000070be00000|
| 191|0x000000070bf00000, 0x000000070c000000, 0x000000070c000000|100%| E|CS|TS 15|AC  0|TAMS 0x000000070bf00000, 0x000000070bf00000|
| 192|0x000000070c000000, 0x000000070c100000, 0x000000070c100000|100%| E|CS|TS 15|AC  0|TAMS 0x000000070c000000, 0x000000070c000000|
| 193|0x000000070c100000, 0x000000070c200000, 0x000000070c200000|100%| E|CS|TS 15|AC  0|TAMS 0x000000070c100000, 0x000000070c100000|
| 194|0x000000070c200000, 0x000000070c300000, 0x000000070c300000|100%| E|CS|TS 15|AC  0|TAMS 0x000000070c200000, 0x000000070c200000|
| 195|0x000000070c300000, 0x000000070c400000, 0x000000070c400000|100%| E|CS|TS 15|AC  0|TAMS 0x000000070c300000, 0x000000070c300000|
| 196|0x000000070c400000, 0x000000070c500000, 0x000000070c500000|100%| E|CS|TS 15|AC  0|TAMS 0x000000070c400000, 0x000000070c400000|
| 197|0x000000070c500000, 0x000000070c600000, 0x000000070c600000|100%| E|CS|TS 15|AC  0|TAMS 0x000000070c500000, 0x000000070c500000|
| 198|0x000000070c600000, 0x000000070c700000, 0x000000070c700000|100%| E|CS|TS 15|AC  0|TAMS 0x000000070c600000, 0x000000070c600000|
| 199|0x000000070c700000, 0x000000070c800000, 0x000000070c800000|100%| E|CS|TS 15|AC  0|TAMS 0x000000070c700000, 0x000000070c700000|
| 200|0x000000070c800000, 0x000000070c900000, 0x000000070c900000|100%| E|CS|TS 15|AC  0|TAMS 0x000000070c800000, 0x000000070c800000|
| 201|0x000000070c900000, 0x000000070ca00000, 0x000000070ca00000|100%| E|CS|TS 15|AC  0|TAMS 0x000000070c900000, 0x000000070c900000|
| 202|0x000000070ca00000, 0x000000070cb00000, 0x000000070cb00000|100%| E|CS|TS 15|AC  0|TAMS 0x000000070ca00000, 0x000000070ca00000|
| 203|0x000000070cb00000, 0x000000070cc00000, 0x000000070cc00000|100%| E|CS|TS 15|AC  0|TAMS 0x000000070cb00000, 0x000000070cb00000|
| 204|0x000000070cc00000, 0x000000070cd00000, 0x000000070cd00000|100%| E|CS|TS 15|AC  0|TAMS 0x000000070cc00000, 0x000000070cc00000|
| 205|0x000000070cd00000, 0x000000070ce00000, 0x000000070ce00000|100%| E|CS|TS 15|AC  0|TAMS 0x000000070cd00000, 0x000000070cd00000|
| 206|0x000000070ce00000, 0x000000070cf00000, 0x000000070cf00000|100%| E|CS|TS 15|AC  0|TAMS 0x000000070ce00000, 0x000000070ce00000|
| 207|0x000000070cf00000, 0x000000070d000000, 0x000000070d000000|100%| E|CS|TS 15|AC  0|TAMS 0x000000070cf00000, 0x000000070cf00000|
| 208|0x000000070d000000, 0x000000070d100000, 0x000000070d100000|100%| E|CS|TS 15|AC  0|TAMS 0x000000070d000000, 0x000000070d000000|
| 209|0x000000070d100000, 0x000000070d200000, 0x000000070d200000|100%| E|CS|TS 15|AC  0|TAMS 0x000000070d100000, 0x000000070d100000|
| 210|0x000000070d200000, 0x000000070d300000, 0x000000070d300000|100%| E|CS|TS 15|AC  0|TAMS 0x000000070d200000, 0x000000070d200000|
| 211|0x000000070d300000, 0x000000070d400000, 0x000000070d400000|100%| E|CS|TS 15|AC  0|TAMS 0x000000070d300000, 0x000000070d300000|
| 212|0x000000070d400000, 0x000000070d500000, 0x000000070d500000|100%| E|CS|TS 15|AC  0|TAMS 0x000000070d400000, 0x000000070d400000|
| 213|0x000000070d500000, 0x000000070d600000, 0x000000070d600000|100%| E|CS|TS 15|AC  0|TAMS 0x000000070d500000, 0x000000070d500000|
| 214|0x000000070d600000, 0x000000070d700000, 0x000000070d700000|100%| E|CS|TS 15|AC  0|TAMS 0x000000070d600000, 0x000000070d600000|
| 215|0x000000070d700000, 0x000000070d800000, 0x000000070d800000|100%| E|CS|TS 15|AC  0|TAMS 0x000000070d700000, 0x000000070d700000|
| 216|0x000000070d800000, 0x000000070d900000, 0x000000070d900000|100%| E|CS|TS 15|AC  0|TAMS 0x000000070d800000, 0x000000070d800000|
| 217|0x000000070d900000, 0x000000070da00000, 0x000000070da00000|100%| E|CS|TS 15|AC  0|TAMS 0x000000070d900000, 0x000000070d900000|
| 218|0x000000070da00000, 0x000000070db00000, 0x000000070db00000|100%| E|CS|TS 15|AC  0|TAMS 0x000000070da00000, 0x000000070da00000|
| 219|0x000000070db00000, 0x000000070dc00000, 0x000000070dc00000|100%| E|CS|TS 15|AC  0|TAMS 0x000000070db00000, 0x000000070db00000|
| 220|0x000000070dc00000, 0x000000070dd00000, 0x000000070dd00000|100%| E|CS|TS 15|AC  0|TAMS 0x000000070dc00000, 0x000000070dc00000|
| 221|0x000000070dd00000, 0x000000070de00000, 0x000000070de00000|100%| E|CS|TS 15|AC  0|TAMS 0x000000070dd00000, 0x000000070dd00000|
| 222|0x000000070de00000, 0x000000070df00000, 0x000000070df00000|100%| E|CS|TS 15|AC  0|TAMS 0x000000070de00000, 0x000000070de00000|
| 223|0x000000070df00000, 0x000000070e000000, 0x000000070e000000|100%| E|CS|TS 15|AC  0|TAMS 0x000000070df00000, 0x000000070df00000|
| 224|0x000000070e000000, 0x000000070e100000, 0x000000070e100000|100%| E|CS|TS 15|AC  0|TAMS 0x000000070e000000, 0x000000070e000000|
| 225|0x000000070e100000, 0x000000070e200000, 0x000000070e200000|100%| E|CS|TS 15|AC  0|TAMS 0x000000070e100000, 0x000000070e100000|
| 226|0x000000070e200000, 0x000000070e300000, 0x000000070e300000|100%| E|CS|TS 15|AC  0|TAMS 0x000000070e200000, 0x000000070e200000|
| 227|0x000000070e300000, 0x000000070e400000, 0x000000070e400000|100%| E|CS|TS 15|AC  0|TAMS 0x000000070e300000, 0x000000070e300000|
| 228|0x000000070e400000, 0x000000070e500000, 0x000000070e500000|100%| E|CS|TS 15|AC  0|TAMS 0x000000070e400000, 0x000000070e400000|
| 229|0x000000070e500000, 0x000000070e600000, 0x000000070e600000|100%| E|CS|TS 15|AC  0|TAMS 0x000000070e500000, 0x000000070e500000|
| 230|0x000000070e600000, 0x000000070e700000, 0x000000070e700000|100%| E|CS|TS 15|AC  0|TAMS 0x000000070e600000, 0x000000070e600000|

Card table byte_map: [0x000001748cc70000,0x000001748d270000] byte_map_base: 0x0000017489470000

Marking Bits (Prev, Next): (CMBitMap*) 0x00000174895eb8d0, (CMBitMap*) 0x00000174895eb908
 Prev Bits: [0x00000174a4880000, 0x00000174a7880000)
 Next Bits: [0x00000174a7880000, 0x00000174aa880000)

Polling page: 0x0000017481f30000

CodeHeap 'non-profiled nmethods': size=120000Kb used=23635Kb max_used=23635Kb free=96364Kb
 bounds [0x000001749d350000, 0x000001749ea70000, 0x00000174a4880000]
CodeHeap 'profiled nmethods': size=120000Kb used=48573Kb max_used=48573Kb free=71426Kb
 bounds [0x0000017495e20000, 0x0000017498de0000, 0x000001749d350000]
CodeHeap 'non-nmethods': size=5760Kb used=1809Kb max_used=1875Kb free=3950Kb
 bounds [0x0000017495880000, 0x0000017495af0000, 0x0000017495e20000]
 total_blobs=36148 nmethods=19228 adapters=1154
 compilation: enabled

Compilation events (10 events):
Event: 2218.728 Thread 0x0000017489282800 24569       3       ui.views.dj::rs (22 bytes)
Event: 2218.728 Thread 0x0000017489282800 nmethod 24569 0x0000017498dd4690 code [0x0000017498dd4860, 0x0000017498dd4c18]
Event: 2218.776 Thread 0x0000017489282800 24570       1       ui.views.dt::canRedo (2 bytes)
Event: 2218.776 Thread 0x0000017489282800 nmethod 24570 0x000001749ea67b90 code [0x000001749ea67d40, 0x000001749ea67e58]
Event: 2218.776 Thread 0x0000017489282800 24571       1       ui.views.dt::canUndo (2 bytes)
Event: 2218.776 Thread 0x0000017489282800 nmethod 24571 0x000001749ea67f10 code [0x000001749ea680c0, 0x000001749ea681d8]
Event: 2219.128 Thread 0x0000017489282800 24572       1       java.awt.event.MouseMotionAdapter::mouseMoved (1 bytes)
Event: 2219.128 Thread 0x0000017489282800 nmethod 24572 0x000001749ea68290 code [0x000001749ea68440, 0x000001749ea68558]
Event: 2219.547 Thread 0x0000017489282800 24573       3       sun.awt.TimedWindowEvent::<init> (18 bytes)
Event: 2219.547 Thread 0x0000017489282800 nmethod 24573 0x0000017498dd4d10 code [0x0000017498dd4ee0, 0x0000017498dd51f0]

GC Heap History (10 events):
Event: 2207.212 GC heap before
{Heap before GC invocations=440 (full 140):
 garbage-first heap   total 236544K, used 148585K [0x0000000700000000, 0x0000000700100738, 0x00000007c0000000)
  region size 1024K, 60 young (61440K), 1 survivors (1024K)
 Metaspace       used 89245K, capacity 95747K, committed 96028K, reserved 1132544K
  class space    used 12097K, capacity 13236K, committed 13340K, reserved 1048576K
}
Event: 2207.213 GC heap after
{Heap after GC invocations=441 (full 140):
 garbage-first heap   total 236544K, used 87993K [0x0000000700000000, 0x0000000700100738, 0x00000007c0000000)
  region size 1024K, 1 young (1024K), 1 survivors (1024K)
 Metaspace       used 89245K, capacity 95747K, committed 96028K, reserved 1132544K
  class space    used 12097K, capacity 13236K, committed 13340K, reserved 1048576K
}
Event: 2209.690 GC heap before
{Heap before GC invocations=441 (full 140):
 garbage-first heap   total 236544K, used 148409K [0x0000000700000000, 0x0000000700100738, 0x00000007c0000000)
  region size 1024K, 60 young (61440K), 1 survivors (1024K)
 Metaspace       used 89247K, capacity 95747K, committed 96028K, reserved 1132544K
  class space    used 12097K, capacity 13236K, committed 13340K, reserved 1048576K
}
Event: 2209.692 GC heap after
{Heap after GC invocations=442 (full 140):
 garbage-first heap   total 236544K, used 88160K [0x0000000700000000, 0x0000000700100738, 0x00000007c0000000)
  region size 1024K, 1 young (1024K), 1 survivors (1024K)
 Metaspace       used 89247K, capacity 95747K, committed 96028K, reserved 1132544K
  class space    used 12097K, capacity 13236K, committed 13340K, reserved 1048576K
}
Event: 2212.660 GC heap before
{Heap before GC invocations=442 (full 140):
 garbage-first heap   total 236544K, used 148576K [0x0000000700000000, 0x0000000700100738, 0x00000007c0000000)
  region size 1024K, 60 young (61440K), 1 survivors (1024K)
 Metaspace       used 89252K, capacity 95747K, committed 96028K, reserved 1132544K
  class space    used 12097K, capacity 13236K, committed 13340K, reserved 1048576K
}
Event: 2212.661 GC heap after
{Heap after GC invocations=443 (full 140):
 garbage-first heap   total 236544K, used 88103K [0x0000000700000000, 0x0000000700100738, 0x00000007c0000000)
  region size 1024K, 1 young (1024K), 1 survivors (1024K)
 Metaspace       used 89252K, capacity 95747K, committed 96028K, reserved 1132544K
  class space    used 12097K, capacity 13236K, committed 13340K, reserved 1048576K
}
Event: 2215.073 GC heap before
{Heap before GC invocations=443 (full 140):
 garbage-first heap   total 236544K, used 148519K [0x0000000700000000, 0x0000000700100738, 0x00000007c0000000)
  region size 1024K, 60 young (61440K), 1 survivors (1024K)
 Metaspace       used 89257K, capacity 95747K, committed 96028K, reserved 1132544K
  class space    used 12097K, capacity 13236K, committed 13340K, reserved 1048576K
}
Event: 2215.075 GC heap after
{Heap after GC invocations=444 (full 140):
 garbage-first heap   total 236544K, used 88067K [0x0000000700000000, 0x0000000700100738, 0x00000007c0000000)
  region size 1024K, 1 young (1024K), 1 survivors (1024K)
 Metaspace       used 89257K, capacity 95747K, committed 96028K, reserved 1132544K
  class space    used 12097K, capacity 13236K, committed 13340K, reserved 1048576K
}
Event: 2218.418 GC heap before
{Heap before GC invocations=444 (full 140):
 garbage-first heap   total 236544K, used 152579K [0x0000000700000000, 0x0000000700100738, 0x00000007c0000000)
  region size 1024K, 60 young (61440K), 1 survivors (1024K)
 Metaspace       used 89258K, capacity 95747K, committed 96028K, reserved 1132544K
  class space    used 12097K, capacity 13236K, committed 13340K, reserved 1048576K
}
Event: 2218.420 GC heap after
{Heap after GC invocations=445 (full 140):
 garbage-first heap   total 236544K, used 92705K [0x0000000700000000, 0x0000000700100738, 0x00000007c0000000)
  region size 1024K, 1 young (1024K), 1 survivors (1024K)
 Metaspace       used 89258K, capacity 95747K, committed 96028K, reserved 1132544K
  class space    used 12097K, capacity 13236K, committed 13340K, reserved 1048576K
}

Deoptimization events (10 events):
Event: 1747.938 Thread 0x000001748bd8e800 Uncommon trap: reason=unstable_if action=reinterpret pc=0x000001749e33d1f4 method=sun.java2d.pipe.Region.clipBoxToBounds([I)V @ 7 c2
Event: 1747.938 Thread 0x000001748bd8e800 Uncommon trap: reason=unstable_if action=reinterpret pc=0x000001749e338bd0 method=sun.java2d.pipe.Region.clipBoxToBounds([I)V @ 7 c2
Event: 1747.985 Thread 0x000001748bd8e800 Uncommon trap: reason=class_check action=maybe_recompile pc=0x000001749e30daec method=sun.java2d.SunGraphics2D.drawBytes([BIIII)V @ 141 c2
Event: 1749.328 Thread 0x000001748bd8e800 Uncommon trap: reason=unstable_if action=reinterpret pc=0x000001749df49dc4 method=sun.java2d.pipe.Region.clipBoxToBounds([I)V @ 7 c2
Event: 1780.989 Thread 0x000001748bd8e800 Uncommon trap: reason=unstable_if action=reinterpret pc=0x000001749e510710 method=sun.java2d.SunGraphics2D.drawImage(Ljava/awt/Image;IIIILjava/awt/Color;Ljava/awt/image/ImageObserver;)Z @ 75 c2
Event: 1780.989 Thread 0x000001748bd8e800 Uncommon trap: reason=unstable_if action=reinterpret pc=0x000001749dfaf9cc method=sun.java2d.pipe.DrawImage.scaleSurfaceData(Lsun/java2d/SunGraphics2D;Lsun/java2d/pipe/Region;Lsun/java2d/SurfaceData;Lsun/java2d/SurfaceData;Lsun/java2d/loops/SurfaceType;Ls
Event: 1890.092 Thread 0x000001748a2e3800 Uncommon trap: reason=unstable_if action=reinterpret pc=0x000001749e196de4 method=java.util.concurrent.locks.AbstractQueuedSynchronizer.acquireQueued(Ljava/util/concurrent/locks/AbstractQueuedSynchronizer$Node;I)Z @ 14 c2
Event: 1916.539 Thread 0x000001748a2e3800 Uncommon trap: reason=unstable_if action=reinterpret pc=0x000001749dbf0f28 method=java.util.concurrent.locks.ReentrantLock$Sync.nonfairTryAcquire(I)Z @ 19 c2
Event: 1944.659 Thread 0x000001748bd8e800 Uncommon trap: reason=speculate_class_check action=maybe_recompile pc=0x000001749e73d100 method=javax.swing.JTree.setExpandedState(Ljavax/swing/tree/TreePath;Z)V @ 311 c2
Event: 2184.082 Thread 0x000001748a2e3800 Uncommon trap: reason=unstable_if action=reinterpret pc=0x000001749e194480 method=javax.swing.TimerQueue$DelayedTimer.compareTo(Ljava/util/concurrent/Delayed;)I @ 40 c2

Classes redefined (0 events):
No events

Internal exceptions (10 events):
Event: 2219.561 Thread 0x000001748bd8e800 Exception <a 'java/lang/ClassCastException'{0x000000070af75a40}> (0x000000070af75a40) thrown at [t:/workspace/hotspot/src/share/vm/runtime/sharedRuntime.cpp, line 606]
Event: 2219.561 Thread 0x000001748bd8e800 Exception <a 'java/lang/ClassCastException'{0x000000070af762a0}> (0x000000070af762a0) thrown at [t:/workspace/hotspot/src/share/vm/runtime/sharedRuntime.cpp, line 606]
Event: 2219.561 Thread 0x000001748bd8e800 Exception <a 'java/lang/ClassCastException'{0x000000070af76b00}> (0x000000070af76b00) thrown at [t:/workspace/hotspot/src/share/vm/runtime/sharedRuntime.cpp, line 606]
Event: 2219.561 Thread 0x000001748bd8e800 Exception <a 'java/lang/ClassCastException'{0x000000070af77360}> (0x000000070af77360) thrown at [t:/workspace/hotspot/src/share/vm/runtime/sharedRuntime.cpp, line 606]
Event: 2219.561 Thread 0x000001748bd8e800 Exception <a 'java/lang/ClassCastException'{0x000000070af77bc0}> (0x000000070af77bc0) thrown at [t:/workspace/hotspot/src/share/vm/runtime/sharedRuntime.cpp, line 606]
Event: 2219.561 Thread 0x000001748bd8e800 Exception <a 'java/lang/ClassCastException'{0x000000070af78420}> (0x000000070af78420) thrown at [t:/workspace/hotspot/src/share/vm/runtime/sharedRuntime.cpp, line 606]
Event: 2219.561 Thread 0x000001748bd8e800 Exception <a 'java/lang/ClassCastException'{0x000000070af78c80}> (0x000000070af78c80) thrown at [t:/workspace/hotspot/src/share/vm/runtime/sharedRuntime.cpp, line 606]
Event: 2219.561 Thread 0x000001748bd8e800 Exception <a 'java/lang/ClassCastException'{0x000000070af794e0}> (0x000000070af794e0) thrown at [t:/workspace/hotspot/src/share/vm/runtime/sharedRuntime.cpp, line 606]
Event: 2219.561 Thread 0x000001748bd8e800 Exception <a 'java/lang/ClassCastException'{0x000000070af79d40}> (0x000000070af79d40) thrown at [t:/workspace/hotspot/src/share/vm/runtime/sharedRuntime.cpp, line 606]
Event: 2219.561 Thread 0x000001748bd8e800 Exception <a 'java/lang/ClassCastException'{0x000000070af7a5a0}> (0x000000070af7a5a0) thrown at [t:/workspace/hotspot/src/share/vm/runtime/sharedRuntime.cpp, line 606]

Events (10 events):
Event: 2218.728 Executing VM operation: RevokeBias done
Event: 2218.776 Thread 0x00000174bb8c5000 Thread added: 0x00000174bb8c5000
Event: 2218.779 Thread 0x00000174bb8c5000 Thread exited: 0x00000174bb8c5000
Event: 2219.537 Thread 0x00000174bb8c3800 Thread added: 0x00000174bb8c3800
Event: 2219.538 Executing VM operation: RevokeBias
Event: 2219.541 Executing VM operation: RevokeBias done
Event: 2219.542 Executing VM operation: BulkRevokeBias
Event: 2219.542 Executing VM operation: BulkRevokeBias done
Event: 2219.748 Thread 0x00000174bb8c9800 Thread added: 0x00000174bb8c9800
Event: 2219.751 Thread 0x00000174bb8c9800 Thread exited: 0x00000174bb8c9800


Dynamic libraries:
0x00007ff712f40000 - 0x00007ff712f70000 	C:\Xilinx\Vivado\2019.1\bin\unwrapped\win64.o\vivado.exe
0x00007ffd14950000 - 0x00007ffd14b48000 	C:\WINDOWS\SYSTEM32\ntdll.dll
0x00007ffd13250000 - 0x00007ffd13312000 	C:\WINDOWS\System32\KERNEL32.DLL
0x00007ffd12180000 - 0x00007ffd1247e000 	C:\WINDOWS\System32\KERNELBASE.dll
0x00007ffd126b0000 - 0x00007ffd127b0000 	C:\WINDOWS\System32\ucrtbase.dll
0x00007ffcd02c0000 - 0x00007ffcd034d000 	C:\WINDOWS\SYSTEM32\MSVCP140.dll
0x00007ffd0a300000 - 0x00007ffd0a314000 	C:\Xilinx\Vivado\2019.1\lib\win64.o\libboost_signals.dll
0x00007ffd0a2e0000 - 0x00007ffd0a2f4000 	C:\Xilinx\Vivado\2019.1\lib\win64.o\librdi_commonmain.dll
0x00007ffc98740000 - 0x00007ffc99622000 	C:\Xilinx\Vivado\2019.1\lib\win64.o\librdi_common.dll
0x00007ffd0a400000 - 0x00007ffd0a41d000 	C:\WINDOWS\SYSTEM32\VCRUNTIME140.dll
0x00007ffd0be40000 - 0x00007ffd0be4c000 	C:\WINDOWS\SYSTEM32\VCRUNTIME140_1.dll
0x00007ffd13ae0000 - 0x00007ffd13c7d000 	C:\WINDOWS\System32\USER32.dll
0x00007ffd127b0000 - 0x00007ffd127d2000 	C:\WINDOWS\System32\win32u.dll
0x00007ffd12970000 - 0x00007ffd1299b000 	C:\WINDOWS\System32\GDI32.dll
0x00007ffcfa3c0000 - 0x00007ffcfa3e6000 	C:\Xilinx\Vivado\2019.1\lib\win64.o\libboost_filesystem.dll
0x00007ffd12480000 - 0x00007ffd12597000 	C:\WINDOWS\System32\gdi32full.dll
0x00007ffd13ce0000 - 0x00007ffd13d92000 	C:\WINDOWS\System32\ADVAPI32.dll
0x00007ffd0b3b0000 - 0x00007ffd0b3ba000 	C:\Xilinx\Vivado\2019.1\lib\win64.o\librdi_commonversion.dll
0x00007ffd12610000 - 0x00007ffd126ad000 	C:\WINDOWS\System32\msvcp_win.dll
0x00007ffd12d00000 - 0x00007ffd12d9e000 	C:\WINDOWS\System32\msvcrt.dll
0x00007ffcce630000 - 0x00007ffcce751000 	C:\Xilinx\Vivado\2019.1\lib\win64.o\librdi_commonxillic.dll
0x00007ffd13320000 - 0x00007ffd133c0000 	C:\WINDOWS\System32\sechost.dll
0x00007ffd141a0000 - 0x00007ffd1490f000 	C:\WINDOWS\System32\SHELL32.dll
0x00007ffd13470000 - 0x00007ffd13593000 	C:\WINDOWS\System32\RPCRT4.dll
0x000000005f9b0000 - 0x000000005fadb000 	C:\Xilinx\Vivado\2019.1\lib\win64.o\tcl85t.dll
0x00007ffd13a70000 - 0x00007ffd13adb000 	C:\WINDOWS\System32\WS2_32.dll
0x00007ffd127e0000 - 0x00007ffd12807000 	C:\WINDOWS\System32\bcrypt.dll
0x00007ffccd5d0000 - 0x00007ffccd93e000 	C:\Xilinx\Vivado\2019.1\lib\win64.o\libCOIN-all.dll
0x00007ffd07150000 - 0x00007ffd07164000 	C:\Xilinx\Vivado\2019.1\lib\win64.o\libboost_date_time.dll
0x00007ffcd0240000 - 0x00007ffcd02bf000 	C:\Xilinx\Vivado\2019.1\lib\win64.o\libboost_program_options.dll
0x00007ffd0a3f0000 - 0x00007ffd0a3fb000 	C:\Xilinx\Vivado\2019.1\lib\win64.o\libboost_system.dll
0x00007ffcce510000 - 0x00007ffcce624000 	C:\Xilinx\Vivado\2019.1\lib\win64.o\libboost_regex.dll
0x00007ffcfa390000 - 0x00007ffcfa3b1000 	C:\Xilinx\Vivado\2019.1\lib\win64.o\libboost_thread.dll
0x00007ffd0a3c0000 - 0x00007ffd0a3cf000 	C:\Xilinx\Vivado\2019.1\lib\win64.o\libboost_xilinx.dll
0x00007ffcce480000 - 0x00007ffcce502000 	C:\Xilinx\Vivado\2019.1\lib\win64.o\libhdlpsolve.dll
0x00007ffccdbf0000 - 0x00007ffccdc95000 	C:\Xilinx\Vivado\2019.1\lib\win64.o\libhdxml.dll
0x00007ffcf8f30000 - 0x00007ffcf8f5e000 	C:\Xilinx\Vivado\2019.1\lib\win64.o\libisl_sysinfo.dll
0x00007ffccdb80000 - 0x00007ffccdbe5000 	C:\Xilinx\Vivado\2019.1\lib\win64.o\liblmx6.0.dll
0x00007ffcff4b0000 - 0x00007ffcff4ca000 	C:\Xilinx\Vivado\2019.1\lib\win64.o\pthreadVC2.dll
0x00007ffcf8f00000 - 0x00007ffcf8f21000 	C:\Xilinx\Vivado\2019.1\lib\win64.o\librdizlib.dll
0x00007ffcfd040000 - 0x00007ffcfd05c000 	C:\Xilinx\Vivado\2019.1\lib\win64.o\librdiconfig.dll
0x0000000012000000 - 0x0000000012270000 	C:\Xilinx\Vivado\2019.1\lib\win64.o\xerces-c_3_1.dll
0x00007ffd073c0000 - 0x00007ffd073d9000 	C:\WINDOWS\SYSTEM32\NETAPI32.dll
0x00007ffd07d50000 - 0x00007ffd08228000 	C:\WINDOWS\SYSTEM32\WININET.dll
0x00007ffd0d1b0000 - 0x00007ffd0d2bd000 	C:\WINDOWS\SYSTEM32\WINHTTP.dll
0x00007ffd07410000 - 0x00007ffd075fc000 	C:\WINDOWS\SYSTEM32\urlmon.dll
0x00007ffc978b0000 - 0x00007ffc97b88000 	C:\Xilinx\Vivado\2019.1\lib\win64.o\libXil_lmgr11.dll
0x00007ffc97b90000 - 0x00007ffc9873f400 	C:\Xilinx\Vivado\2019.1\lib\win64.o\libisl_iostreams.dll
0x00007ffd13da0000 - 0x00007ffd13e7a000 	C:\WINDOWS\System32\COMDLG32.dll
0x00007ffd129a0000 - 0x00007ffd12cf3000 	C:\WINDOWS\System32\combase.dll
0x00007ffccda30000 - 0x00007ffccda39000 	C:\WINDOWS\SYSTEM32\WSOCK32.dll
0x00007ffcf8bc0000 - 0x00007ffcf8bf2000 	C:\WINDOWS\SYSTEM32\VCOMP140.DLL
0x00007ffd14030000 - 0x00007ffd140dd000 	C:\WINDOWS\System32\shcore.dll
0x00007ffc96a10000 - 0x00007ffc978a1000 	C:\Xilinx\Vivado\2019.1\lib\win64.o\gurobi65.dll
0x00007ffd13fd0000 - 0x00007ffd14025000 	C:\WINDOWS\System32\SHLWAPI.dll
0x00007ffd13100000 - 0x00007ffd131cd000 	C:\WINDOWS\System32\OLEAUT32.dll
0x00007ffd12fd0000 - 0x00007ffd130fb000 	C:\WINDOWS\System32\ole32.dll
0x00007ffd125a0000 - 0x00007ffd12609000 	C:\WINDOWS\System32\WINTRUST.dll
0x00007ffd0a350000 - 0x00007ffd0a35d000 	C:\Xilinx\Vivado\2019.1\lib\win64.o\libboost_chrono.dll
0x00007ffd06da0000 - 0x00007ffd0705e000 	C:\WINDOWS\SYSTEM32\iertutil.dll
0x00007ffd07080000 - 0x00007ffd070a8000 	C:\WINDOWS\SYSTEM32\srvcli.dll
0x00007ffd12810000 - 0x00007ffd1296c000 	C:\WINDOWS\System32\CRYPT32.dll
0x00007ffd114a0000 - 0x00007ffd114ac000 	C:\WINDOWS\SYSTEM32\netutils.dll
0x00007ffcfbd00000 - 0x00007ffcfbd1b000 	C:\Xilinx\Vivado\2019.1\lib\win64.o\libboost_iostreams.dll
0x00007ffcf73c0000 - 0x00007ffcf73e5000 	C:\Xilinx\Vivado\2019.1\lib\win64.o\libisl_iosutils.dll
0x00007ffcfdc20000 - 0x00007ffcfdcd0000 	C:\WINDOWS\WinSxS\amd64_microsoft.windows.common-controls_6595b64144ccf1df_5.82.19041.4355_none_792ecafd2442822f\COMCTL32.dll
0x00007ffd0cef0000 - 0x00007ffd0cf0d000 	C:\WINDOWS\SYSTEM32\dhcpcsvc.DLL
0x00007ffd13e80000 - 0x00007ffd13eaf000 	C:\WINDOWS\System32\IMM32.DLL
0x00007ffd11ae0000 - 0x00007ffd11af2000 	C:\WINDOWS\SYSTEM32\MSASN1.dll
0x00007ffd0fe90000 - 0x00007ffd0fea2000 	C:\WINDOWS\SYSTEM32\kernel.appcore.dll
0x00007ffc33e00000 - 0x00007ffc34317000 	C:\Xilinx\Vivado\2019.1\lib\win64.o\librdi_commontasks.dll
0x00007ffd084e0000 - 0x00007ffd084ea000 	C:\WINDOWS\SYSTEM32\VERSION.dll
0x000000005e6c0000 - 0x000000005f0e5000 	C:\Xilinx\Vivado\2019.1\tps\win64\jre9.0.4\bin\server\jvm.dll
0x00007ffd14190000 - 0x00007ffd14198000 	C:\WINDOWS\System32\PSAPI.DLL
0x00007ffc39f50000 - 0x00007ffc3a1d6000 	C:\Xilinx\Vivado\2019.1\lib\win64.o\librdi_sio.dll
0x00007ffd08ae0000 - 0x00007ffd08b07000 	C:\WINDOWS\SYSTEM32\WINMM.dll
0x00007ffd11390000 - 0x00007ffd113cb000 	C:\WINDOWS\SYSTEM32\IPHLPAPI.DLL
0x00007ffccd4e0000 - 0x00007ffccd5cf000 	C:\Xilinx\Vivado\2019.1\tps\win64\jre9.0.4\bin\MSVCR120.dll
0x00007ffd116b0000 - 0x00007ffd1171a000 	C:\WINDOWS\SYSTEM32\MSWSOCK.DLL
0x00007ffd10090000 - 0x00007ffd10834000 	C:\WINDOWS\SYSTEM32\windows.storage.dll
0x00007ffd11950000 - 0x00007ffd1197e000 	C:\WINDOWS\SYSTEM32\Wldp.dll
0x00007ffc31940000 - 0x00007ffc33dfc000 	C:\Xilinx\Vivado\2019.1\lib\win64.o\librdi_tcltasks.dll
0x00007ffc96870000 - 0x00007ffc96a01000 	C:\Xilinx\Vivado\2019.1\lib\win64.o\librdi_board.dll
0x00007ffccd9a0000 - 0x00007ffccda18000 	C:\Xilinx\Vivado\2019.1\lib\win64.o\librdi_boarddep.dll
0x00007ffc7ed90000 - 0x00007ffc7ee7b000 	C:\Xilinx\Vivado\2019.1\lib\win64.o\librdi_chipscope.dll
0x00007ffc30fe0000 - 0x00007ffc313e8000 	C:\Xilinx\Vivado\2019.1\lib\win64.o\librdi_bitstream.dll
0x00007ffc39c00000 - 0x00007ffc39dbd000 	C:\Xilinx\Vivado\2019.1\lib\win64.o\librdi_chipscopeimpl.dll
0x00007ffc397c0000 - 0x00007ffc39916000 	C:\Xilinx\Vivado\2019.1\lib\win64.o\librdi_containers.dll
0x00007ffc2d050000 - 0x00007ffc2d72a000 	C:\Xilinx\Vivado\2019.1\lib\win64.o\librdi_coregenipxact.dll
0x00007ffc2f5f0000 - 0x00007ffc30fda000 	C:\Xilinx\Vivado\2019.1\lib\win64.o\librdi_constraints.dll
0x00007ffc29000000 - 0x00007ffc2d043000 	C:\Xilinx\Vivado\2019.1\lib\win64.o\librdi_designutils.dll
0x00007ffc2d730000 - 0x00007ffc2f5e1000 	C:\Xilinx\Vivado\2019.1\lib\win64.o\librdi_coregen.dll
0x00007ffc28ce0000 - 0x00007ffc28ffe000 	C:\Xilinx\Vivado\2019.1\lib\win64.o\librdi_dlyest.dll
0x00007ffccd410000 - 0x00007ffccd4d4000 	C:\Xilinx\Vivado\2019.1\lib\win64.o\librdi_dsp.dll
0x00007ffc28740000 - 0x00007ffc28cda000 	C:\Xilinx\Vivado\2019.1\lib\win64.o\librdi_drc.dll
0x00007ffc280f0000 - 0x00007ffc2873d000 	C:\Xilinx\Vivado\2019.1\lib\win64.o\librdi_filemgmt.dll
0x00007ffcc2ff0000 - 0x00007ffcc3055000 	C:\Xilinx\Vivado\2019.1\lib\win64.o\librdi_hdf.dll
0x00007ffc27e00000 - 0x00007ffc280e3000 	C:\Xilinx\Vivado\2019.1\lib\win64.o\librdi_guitools.dll
0x00007ffbc64d0000 - 0x00007ffbd88fc000 	C:\Xilinx\Vivado\2019.1\lib\win64.o\librdi_device.dll
0x00007ffcc23f0000 - 0x00007ffcc2463000 	C:\Xilinx\Vivado\2019.1\lib\win64.o\librdi_memoryarray.dll
0x00007ffc26220000 - 0x00007ffc26835000 	C:\Xilinx\Vivado\2019.1\lib\win64.o\librdi_memdata.dll
0x00007ffce88d0000 - 0x00007ffce891b000 	C:\Xilinx\Vivado\2019.1\lib\win64.o\librdi_pfi.dll
0x00007ffc26840000 - 0x00007ffc27e00000 	C:\Xilinx\Vivado\2019.1\lib\win64.o\librdi_implflow.dll
0x00007ffc25b70000 - 0x00007ffc26212000 	C:\Xilinx\Vivado\2019.1\lib\win64.o\librdi_netlist.dll
0x00007ffc204f0000 - 0x00007ffc207ff000 	C:\Xilinx\Vivado\2019.1\lib\win64.o\librdi_platform.dll
0x00007ffc1fda0000 - 0x00007ffc204ea000 	C:\Xilinx\Vivado\2019.1\lib\win64.o\librdi_power.dll
0x00007ffc1f820000 - 0x00007ffc1fd9f000 	C:\Xilinx\Vivado\2019.1\lib\win64.o\librdi_project.dll
0x00007ffc1f110000 - 0x00007ffc1f819000 	C:\Xilinx\Vivado\2019.1\lib\win64.o\librdi_psta.dll
0x00007ffc20800000 - 0x00007ffc22e76000 	C:\Xilinx\Vivado\2019.1\lib\win64.o\librdi_place.dll
0x00007ffc1ea00000 - 0x00007ffc1f106000 	C:\Xilinx\Vivado\2019.1\lib\win64.o\librdi_rsb.dll
0x00007ffc1e600000 - 0x00007ffc1e9f1000 	C:\Xilinx\Vivado\2019.1\lib\win64.o\librdi_runs.dll
0x00007ffc7ec90000 - 0x00007ffc7ed8a000 	C:\Xilinx\Vivado\2019.1\lib\win64.o\librdi_runsbase.dll
0x00007ffc1e3a0000 - 0x00007ffc1e5f6000 	C:\Xilinx\Vivado\2019.1\lib\win64.o\librdi_simdata.dll
0x00007ffc1d400000 - 0x00007ffc1d572000 	C:\Xilinx\Vivado\2019.1\lib\win64.o\librdi_advchipscopeimpl.dll
0x00007ffc1d580000 - 0x00007ffc1e391000 	C:\Xilinx\Vivado\2019.1\lib\win64.o\librdi_timing.dll
0x00007ffcd01f0000 - 0x00007ffcd023c000 	C:\Xilinx\Vivado\2019.1\lib\win64.o\libboost_serialization.dll
0x00007ffc1d260000 - 0x00007ffc1d3ff000 	C:\Xilinx\Vivado\2019.1\lib\win64.o\librdi_hip_devdesign.dll
0x00007ffc22e80000 - 0x00007ffc25b66000 	C:\Xilinx\Vivado\2019.1\lib\win64.o\librdi_mig.dll
0x00007ffc967a0000 - 0x00007ffc96862000 	C:\Xilinx\Vivado\2019.1\lib\win64.o\librdi_ipconfig_readwrite.dll
0x00007ffccdb30000 - 0x00007ffccdb73000 	C:\Xilinx\Vivado\2019.1\lib\win64.o\librdi_noc_frameworks.dll
0x00007ffc1ce70000 - 0x00007ffc1d255000 	C:\Xilinx\Vivado\2019.1\lib\win64.o\librdi_hip_config.dll
0x00007ffc13c90000 - 0x00007ffc147d7000 	C:\Xilinx\Vivado\2019.1\lib\win64.o\libverific.dll
0x00007ffc1a470000 - 0x00007ffc1a9be000 	C:\Xilinx\Vivado\2019.1\lib\win64.o\librdi_xdm.dll
0x00007ffc80480000 - 0x00007ffc8051e000 	C:\Xilinx\Vivado\2019.1\lib\win64.o\libise.dll
0x00007ffcec6f0000 - 0x00007ffcec730000 	C:\Xilinx\Vivado\2019.1\lib\win64.o\librdi_wavedata_SimpleApi.dll
0x00007ffc13690000 - 0x00007ffc13c8c000 	C:\Xilinx\Vivado\2019.1\lib\win64.o\librdi_wavedata.dll
0x00007ffc1a210000 - 0x00007ffc1a469000 	C:\Xilinx\Vivado\2019.1\lib\win64.o\librdi_hsm.dll
0x00007ffce6870000 - 0x00007ffce68af000 	C:\Xilinx\Vivado\2019.1\lib\win64.o\librdi_schedmon.dll

VM Arguments:
jvm_args: -Dsun.java2d.pmoffscreen=false -Dsun.java2d.xrender=false -Dsun.java2d.d3d=false -Dsun.awt.nopixfmt=true -Dsun.java2d.dpiaware=true -Dsun.java2d.uiScale.enabled=false -Xverify:none -Dswing.aatext=true -XX:-UsePerfData -Djdk.map.althashing.threshold=512 -XX:StringTableSize=4072 --add-opens=java.base/java.nio=ALL-UNNAMED --add-opens=java.desktop/sun.swing=ALL-UNNAMED --add-opens=java.desktop/javax.swing=ALL-UNNAMED --add-opens=java.desktop/javax.swing.tree=ALL-UNNAMED --add-opens=java.desktop/javax.swing.plaf.basic=ALL-UNNAMED --add-opens=java.desktop/javax.swing.plaf.synth=ALL-UNNAMED --add-opens=java.desktop/com.sun.awt=ALL-UNNAMED -XX:NewSize=60m -XX:MaxNewSize=60m -Xms128m -Xmx3072m -Xss5m 
java_command: <unknown>
java_class_path (initial): C:/Xilinx/Vivado/2019.1\lib\classes\alloy.jar;C:/Xilinx/Vivado/2019.1\lib\classes\autopilot.scelaborator.jar;C:/Xilinx/Vivado/2019.1\lib\classes\autopilot.sourceprocessor.jar;C:/Xilinx/Vivado/2019.1\lib\classes\autopilot.tbprocessor.jar;C:/Xilinx/Vivado/2019.1\lib\classes\batik-anim.jar;C:/Xilinx/Vivado/2019.1\lib\classes\batik-awt-util.jar;C:/Xilinx/Vivado/2019.1\lib\classes\batik-bridge.jar;C:/Xilinx/Vivado/2019.1\lib\classes\batik-codec.jar;C:/Xilinx/Vivado/2019.1\lib\classes\batik-css.jar;C:/Xilinx/Vivado/2019.1\lib\classes\batik-dom.jar;C:/Xilinx/Vivado/2019.1\lib\classes\batik-ext.jar;C:/Xilinx/Vivado/2019.1\lib\classes\batik-gui-util.jar;C:/Xilinx/Vivado/2019.1\lib\classes\batik-gvt.jar;C:/Xilinx/Vivado/2019.1\lib\classes\batik-parser.jar;C:/Xilinx/Vivado/2019.1\lib\classes\batik-script.jar;C:/Xilinx/Vivado/2019.1\lib\classes\batik-svg-dom.jar;C:/Xilinx/Vivado/2019.1\lib\classes\batik-swing.jar;C:/Xilinx/Vivado/2019.1\lib\classes\batik-transcoder.jar;C:/Xilinx/Vivado/2019.1\lib\classes\batik-util.jar;C:/Xilinx/Vivado/2019.1\lib\classes\batik-xml.jar;C:/Xilinx/Vivado/2019.1\lib\classes\com.google.gson_2.7.0.v20170129-0911.jar;C:/Xilinx/Vivado/2019.1\lib\classes\com.google.guava_21.0.0.v20170206-1425.jar;C:/Xilinx/Vivado/2019.1\lib\classes\com.google.inject_3.0.0.v201605172100.jar;C:/Xilinx/Vivado/2019.1\lib\classes\com.ibm.icu_4.4.2.v20110208.jar;C:/Xilinx/Vivado/2019.1\lib\classes\com.sigasi.hdt.annotations.runtime_4.3.0.201903071210.jar;C:/Xilinx/Vivado/2019.1\lib\classes\com.sigasi.hdt.blockdiagram.model_4.3.0.201903071210.jar;C:/Xilinx/Vivado/2019.1\lib\classes\com.sigasi.hdt.connection_4.3.0.201903071210.jar;C:/Xilinx/Vivado/2019.1\lib\classes\com.sigasi.hdt.dependencies.model_4.3.0.201903071210.jar;C:/Xilinx/Vivado/2019.1\lib\classes\com.sigasi.hdt.epl_4.3.0.201903071210.jar;C:/Xilinx/Vivado/2019.1\lib\classes\com.sigasi.hdt.graphics.model_4.3.0.201903071210.jar;C:/Xilinx/Vivado/2019.1\lib\classes\com.sigasi.hdt.project_4.3.0
Launcher Type: generic

Logging:
Log output configuration:
#0: stdout all=warning uptime,level,tags
#1: stderr all=off uptime,level,tags

Environment Variables:
PATH=C:/Xilinx/Vivado/2019.1/bin;C:/Xilinx/Vivado/2019.1/lib/win64.o;C:/Xilinx/Vivado/2019.1/tps/win64/jre9.0.4/bin/server;C:/Xilinx/Vivado/2019.1/tps/win64/jre9.0.4/bin;C:/Xilinx/SDK/2019.1/bin;C:/Xilinx/Vivado/2019.1/ids_lite/ISE/bin/nt64;C:/Xilinx/Vivado/2019.1/ids_lite/ISE/lib/nt64;C:\WINDOWS\system32;C:\WINDOWS;C:\WINDOWS\System32\Wbem;C:\WINDOWS\System32\WindowsPowerShell\v1.0\;C:\WINDOWS\System32\OpenSSH\;C:\Program Files\Git\cmd;C:\Users\sjh00\AppData\Local\Programs\Python\Python39;C:\Users\sjh00\AppData\Local\Programs\Python\Python39\Scripts;C:\Program Files\MATLAB\R2024b\bin;C:\Users\sjh00\AppData\Local\Microsoft\WindowsApps;D:\Microsoft VS Code\bin;;C:/Xilinx/Vivado/2019.1\tps\mingw\6.2.0\win64.o\nt\bin;C:/Xilinx/Vivado/2019.1\tps\mingw\6.2.0\win64.o\nt\libexec\gcc\x86_64-w64-mingw32\6.2.0;C:/Xilinx/Vivado/2019.1\tps\win64\python-2.7.5;C:/Xilinx/Vivado/2019.1\tps\win64\python-2.7.5\lib;C:/Xilinx/Vivado/2019.1\tps\win64\python-2.7.5\Lib\lib-tk;C:/Xilinx/Vivado/2019.1\tps\win64\python-2.7.5\lib\site-packages
USERNAME=sjh00
OS=Windows_NT
PROCESSOR_IDENTIFIER=AMD64 Family 25 Model 33 Stepping 0, AuthenticAMD



---------------  S Y S T E M  ---------------

OS: Windows 10 , 64 bit Build 19041 (10.0.19041.4957)

CPU:total 12 (initial active 12) (12 cores per cpu, 1 threads per core) family 25 model 33 stepping 0, cmov, cx8, fxsr, mmx, sse, sse2, sse3, ssse3, sse4.1, sse4.2, popcnt, avx, avx2, aes, clmul, erms, mmxext, 3dnowpref, lzcnt, sse4a, tsc, tscinvbit, tscinv, bmi1

Memory: 4k page, physical 16702292k(7433584k free), swap 22289288k(5382764k free)

vm_info: Java HotSpot(TM) 64-Bit Server VM (9.0.4+11) for windows-amd64 JRE (9.0.4+11), built on Dec 20 2017 02:18:54 by "mach5one" with MS VC++ 12.0 (VS2013)

END.
