Vivado Simulator 2019.1
Time resolution is 1 ps
Done signal activated, starting read sequence.
Done signal activated, starting read sequence.
Done signal activated, starting read sequence.
Done signal activated, starting read sequence.
Done signal activated, starting read sequence.
Done signal activated, starting read sequence.
Done signal activated, starting read sequence.
Done signal activated, starting read sequence.
Done signal activated, starting read sequence.
Done signal activated, starting read sequence.
Done signal activated, starting read sequence.
Done signal activated, starting read sequence.
Done signal activated, starting read sequence.
Done signal activated, starting read sequence.
Done signal activated, starting read sequence.
Done signal activated, starting read sequence.
Done signal activated, starting read sequence.
Done signal activated, starting read sequence.
Done signal activated, starting read sequence.
Done signal activated, starting read sequence.
Done signal activated, starting read sequence.
Done signal activated, starting read sequence.
Done signal activated, starting read sequence.
Done signal activated, starting read sequence.
Done signal activated, starting read sequence.
Done signal activated, starting read sequence.
Done signal activated, starting read sequence.
Done signal activated, starting read sequence.
Done signal activated, starting read sequence.
Done signal activated, starting read sequence.
Done signal activated, starting read sequence.
Done signal activated, starting read sequence.
Done signal activated, starting read sequence.
Done signal activated, starting read sequence.
Done signal activated, starting read sequence.
Done signal activated, starting read sequence.
Done signal activated, starting read sequence.
Done signal activated, starting read sequence.
Done signal activated, starting read sequence.
Done signal activated, starting read sequence.
Done signal activated, starting read sequence.
Done signal activated, starting read sequence.
Done signal activated, starting read sequence.
Done signal activated, starting read sequence.
Done signal activated, starting read sequence.
Done signal activated, starting read sequence.
Done signal activated, starting read sequence.
Done signal activated, starting read sequence.
Done signal activated, starting read sequence.
Done signal activated, starting read sequence.
Done signal activated, starting read sequence.
Done signal activated, starting read sequence.
Done signal activated, starting read sequence.
Done signal activated, starting read sequence.
Done signal activated, starting read sequence.
Done signal activated, starting read sequence.
Done signal activated, starting read sequence.
Done signal activated, starting read sequence.
Done signal activated, starting read sequence.
Done signal activated, starting read sequence.
Done signal activated, starting read sequence.
Done signal activated, starting read sequence.
Done signal activated, starting read sequence.
Done signal activated, starting read sequence.
Reading sequence completed.
Done signal activated, starting read sequence.
$finish called at time : 1735 ns : File "E:/CCDC/KNU_Git/foodbug/KNU_CCDC/KNU_CNN.srcs/sim_1/new/tb_acc.sv" Line 113
