#-----------------------------------------------------------
# Vivado v2019.1 (64-bit)
# SW Build 2552052 on Fri May 24 14:49:42 MDT 2019
# IP Build 2548770 on Fri May 24 18:01:18 MDT 2019
# Start of session at: Sat Oct 19 10:57:32 2024
# Process ID: 4428
# Current directory: E:/CCDC/KNU_Git/foodbug/KNU_CCDC_v
# Command line: vivado.exe -gui_launcher_event rodinguilauncherevent21120 E:\CCDC\KNU_Git\foodbug\KNU_CCDC_v\KNU_CCDC_v.xpr
# Log file: E:/CCDC/KNU_Git/foodbug/KNU_CCDC_v/vivado.log
# Journal file: E:/CCDC/KNU_Git/foodbug/KNU_CCDC_v\vivado.jou
#-----------------------------------------------------------
start_gui
open_project E:/CCDC/KNU_Git/foodbug/KNU_CCDC_v/KNU_CCDC_v.xpr
Scanning sources...
Finished scanning sources
INFO: [IP_Flow 19-234] Refreshing IP repositories
INFO: [IP_Flow 19-1704] No user IP repositories specified
INFO: [IP_Flow 19-2313] Loaded Vivado IP repository 'C:/Xilinx/Vivado/2019.1/data/ip'.
update_compile_order -fileset sources_1
exit
INFO: [Common 17-206] Exiting Vivado at Sat Oct 19 12:11:24 2024...
