Copyright 1986-2019 Xilinx, Inc. All Rights Reserved.
-----------------------------------------------------------------------------------------------------------------------------------------------
| Tool Version : Vivado v.2019.1 (win64) Build 2552052 Fri May 24 14:49:42 MDT 2019
| Date         : Sat Oct 19 13:11:01 2024
| Host         : DESKTOP-LUJNASU running 64-bit major release  (build 9200)
| Command      : report_methodology -file top_methodology_drc_routed.rpt -pb top_methodology_drc_routed.pb -rpx top_methodology_drc_routed.rpx
| Design       : top
| Device       : xc7z020clg400-1
| Speed File   : -1
| Design State : Fully Routed
-----------------------------------------------------------------------------------------------------------------------------------------------

Report Methodology

Table of Contents
-----------------
1. REPORT SUMMARY
2. REPORT DETAILS

1. REPORT SUMMARY
-----------------
            Netlist: netlist
          Floorplan: design_1
      Design limits: <entire design considered>
             Max violations: <unlimited>
             Violations found: 53
+-----------+------------------+-----------------------------+------------+
| Rule      | Severity         | Description                 | Violations |
+-----------+------------------+-----------------------------+------------+
| TIMING-17 | Critical Warning | Non-clocked sequential cell | 26         |
| TIMING-20 | Warning          | Non-clocked latch           | 27         |
+-----------+------------------+-----------------------------+------------+

2. REPORT DETAILS
-----------------
TIMING-17#1 Critical Warning
Non-clocked sequential cell  
The clock pin controller/FSM_onehot_current_state_reg[0]/C is not reached by a timing clock
Related violations: <none>

TIMING-17#2 Critical Warning
Non-clocked sequential cell  
The clock pin controller/FSM_onehot_current_state_reg[10]/C is not reached by a timing clock
Related violations: <none>

TIMING-17#3 Critical Warning
Non-clocked sequential cell  
The clock pin controller/FSM_onehot_current_state_reg[11]/C is not reached by a timing clock
Related violations: <none>

TIMING-17#4 Critical Warning
Non-clocked sequential cell  
The clock pin controller/FSM_onehot_current_state_reg[12]/C is not reached by a timing clock
Related violations: <none>

TIMING-17#5 Critical Warning
Non-clocked sequential cell  
The clock pin controller/FSM_onehot_current_state_reg[13]/C is not reached by a timing clock
Related violations: <none>

TIMING-17#6 Critical Warning
Non-clocked sequential cell  
The clock pin controller/FSM_onehot_current_state_reg[1]/C is not reached by a timing clock
Related violations: <none>

TIMING-17#7 Critical Warning
Non-clocked sequential cell  
The clock pin controller/FSM_onehot_current_state_reg[2]/C is not reached by a timing clock
Related violations: <none>

TIMING-17#8 Critical Warning
Non-clocked sequential cell  
The clock pin controller/FSM_onehot_current_state_reg[3]/C is not reached by a timing clock
Related violations: <none>

TIMING-17#9 Critical Warning
Non-clocked sequential cell  
The clock pin controller/FSM_onehot_current_state_reg[4]/C is not reached by a timing clock
Related violations: <none>

TIMING-17#10 Critical Warning
Non-clocked sequential cell  
The clock pin controller/FSM_onehot_current_state_reg[5]/C is not reached by a timing clock
Related violations: <none>

TIMING-17#11 Critical Warning
Non-clocked sequential cell  
The clock pin controller/FSM_onehot_current_state_reg[6]/C is not reached by a timing clock
Related violations: <none>

TIMING-17#12 Critical Warning
Non-clocked sequential cell  
The clock pin controller/FSM_onehot_current_state_reg[7]/C is not reached by a timing clock
Related violations: <none>

TIMING-17#13 Critical Warning
Non-clocked sequential cell  
The clock pin controller/FSM_onehot_current_state_reg[8]/C is not reached by a timing clock
Related violations: <none>

TIMING-17#14 Critical Warning
Non-clocked sequential cell  
The clock pin controller/FSM_onehot_current_state_reg[9]/C is not reached by a timing clock
Related violations: <none>

TIMING-17#15 Critical Warning
Non-clocked sequential cell  
The clock pin controller/obuf_rd_mod_reg[0]/C is not reached by a timing clock
Related violations: <none>

TIMING-17#16 Critical Warning
Non-clocked sequential cell  
The clock pin controller/obuf_rd_mod_reg[1]/C is not reached by a timing clock
Related violations: <none>

TIMING-17#17 Critical Warning
Non-clocked sequential cell  
The clock pin controller/oimage_idx_reg[0]/C is not reached by a timing clock
Related violations: <none>

TIMING-17#18 Critical Warning
Non-clocked sequential cell  
The clock pin controller/oimage_idx_reg[1]/C is not reached by a timing clock
Related violations: <none>

TIMING-17#19 Critical Warning
Non-clocked sequential cell  
The clock pin controller/oimage_idx_reg[2]/C is not reached by a timing clock
Related violations: <none>

TIMING-17#20 Critical Warning
Non-clocked sequential cell  
The clock pin controller/oimage_idx_reg[3]/C is not reached by a timing clock
Related violations: <none>

TIMING-17#21 Critical Warning
Non-clocked sequential cell  
The clock pin controller/oimage_idx_reg[4]/C is not reached by a timing clock
Related violations: <none>

TIMING-17#22 Critical Warning
Non-clocked sequential cell  
The clock pin controller/oimage_idx_reg[5]/C is not reached by a timing clock
Related violations: <none>

TIMING-17#23 Critical Warning
Non-clocked sequential cell  
The clock pin controller/oimage_idx_reg[6]/C is not reached by a timing clock
Related violations: <none>

TIMING-17#24 Critical Warning
Non-clocked sequential cell  
The clock pin controller/oimage_idx_reg[7]/C is not reached by a timing clock
Related violations: <none>

TIMING-17#25 Critical Warning
Non-clocked sequential cell  
The clock pin controller/oimage_idx_reg[8]/C is not reached by a timing clock
Related violations: <none>

TIMING-17#26 Critical Warning
Non-clocked sequential cell  
The clock pin controller/oimage_idx_reg[9]/C is not reached by a timing clock
Related violations: <none>

TIMING-20#1 Warning
Non-clocked latch  
The latch controller/FSM_onehot_next_state_reg[0] cannot be properly analyzed as its control pin controller/FSM_onehot_next_state_reg[0]/G is not reached by a timing clock
Related violations: <none>

TIMING-20#2 Warning
Non-clocked latch  
The latch controller/FSM_onehot_next_state_reg[10] cannot be properly analyzed as its control pin controller/FSM_onehot_next_state_reg[10]/G is not reached by a timing clock
Related violations: <none>

TIMING-20#3 Warning
Non-clocked latch  
The latch controller/FSM_onehot_next_state_reg[11] cannot be properly analyzed as its control pin controller/FSM_onehot_next_state_reg[11]/G is not reached by a timing clock
Related violations: <none>

TIMING-20#4 Warning
Non-clocked latch  
The latch controller/FSM_onehot_next_state_reg[12] cannot be properly analyzed as its control pin controller/FSM_onehot_next_state_reg[12]/G is not reached by a timing clock
Related violations: <none>

TIMING-20#5 Warning
Non-clocked latch  
The latch controller/FSM_onehot_next_state_reg[13] cannot be properly analyzed as its control pin controller/FSM_onehot_next_state_reg[13]/G is not reached by a timing clock
Related violations: <none>

TIMING-20#6 Warning
Non-clocked latch  
The latch controller/FSM_onehot_next_state_reg[1] cannot be properly analyzed as its control pin controller/FSM_onehot_next_state_reg[1]/G is not reached by a timing clock
Related violations: <none>

TIMING-20#7 Warning
Non-clocked latch  
The latch controller/FSM_onehot_next_state_reg[2] cannot be properly analyzed as its control pin controller/FSM_onehot_next_state_reg[2]/G is not reached by a timing clock
Related violations: <none>

TIMING-20#8 Warning
Non-clocked latch  
The latch controller/FSM_onehot_next_state_reg[3] cannot be properly analyzed as its control pin controller/FSM_onehot_next_state_reg[3]/G is not reached by a timing clock
Related violations: <none>

TIMING-20#9 Warning
Non-clocked latch  
The latch controller/FSM_onehot_next_state_reg[4] cannot be properly analyzed as its control pin controller/FSM_onehot_next_state_reg[4]/G is not reached by a timing clock
Related violations: <none>

TIMING-20#10 Warning
Non-clocked latch  
The latch controller/FSM_onehot_next_state_reg[5] cannot be properly analyzed as its control pin controller/FSM_onehot_next_state_reg[5]/G is not reached by a timing clock
Related violations: <none>

TIMING-20#11 Warning
Non-clocked latch  
The latch controller/FSM_onehot_next_state_reg[6] cannot be properly analyzed as its control pin controller/FSM_onehot_next_state_reg[6]/G is not reached by a timing clock
Related violations: <none>

TIMING-20#12 Warning
Non-clocked latch  
The latch controller/FSM_onehot_next_state_reg[7] cannot be properly analyzed as its control pin controller/FSM_onehot_next_state_reg[7]/G is not reached by a timing clock
Related violations: <none>

TIMING-20#13 Warning
Non-clocked latch  
The latch controller/FSM_onehot_next_state_reg[8] cannot be properly analyzed as its control pin controller/FSM_onehot_next_state_reg[8]/G is not reached by a timing clock
Related violations: <none>

TIMING-20#14 Warning
Non-clocked latch  
The latch controller/FSM_onehot_next_state_reg[9] cannot be properly analyzed as its control pin controller/FSM_onehot_next_state_reg[9]/G is not reached by a timing clock
Related violations: <none>

TIMING-20#15 Warning
Non-clocked latch  
The latch controller/bias_sel_reg[1] cannot be properly analyzed as its control pin controller/bias_sel_reg[1]/G is not reached by a timing clock
Related violations: <none>

TIMING-20#16 Warning
Non-clocked latch  
The latch controller/buf_rd_mod_up_reg cannot be properly analyzed as its control pin controller/buf_rd_mod_up_reg/G is not reached by a timing clock
Related violations: <none>

TIMING-20#17 Warning
Non-clocked latch  
The latch controller/idx_clear_d1_reg cannot be properly analyzed as its control pin controller/idx_clear_d1_reg/G is not reached by a timing clock
Related violations: <none>

TIMING-20#18 Warning
Non-clocked latch  
The latch controller/idx_en_reg cannot be properly analyzed as its control pin controller/idx_en_reg/G is not reached by a timing clock
Related violations: <none>

TIMING-20#19 Warning
Non-clocked latch  
The latch controller/ocycle_reg[0] cannot be properly analyzed as its control pin controller/ocycle_reg[0]/G is not reached by a timing clock
Related violations: <none>

TIMING-20#20 Warning
Non-clocked latch  
The latch controller/ocycle_reg[1] cannot be properly analyzed as its control pin controller/ocycle_reg[1]/G is not reached by a timing clock
Related violations: <none>

TIMING-20#21 Warning
Non-clocked latch  
The latch controller/ocycle_reg[2] cannot be properly analyzed as its control pin controller/ocycle_reg[2]/G is not reached by a timing clock
Related violations: <none>

TIMING-20#22 Warning
Non-clocked latch  
The latch controller/ocycle_reg[3] cannot be properly analyzed as its control pin controller/ocycle_reg[3]/G is not reached by a timing clock
Related violations: <none>

TIMING-20#23 Warning
Non-clocked latch  
The latch controller/ocycle_reg[4] cannot be properly analyzed as its control pin controller/ocycle_reg[4]/G is not reached by a timing clock
Related violations: <none>

TIMING-20#24 Warning
Non-clocked latch  
The latch controller/ocycle_reg[5] cannot be properly analyzed as its control pin controller/ocycle_reg[5]/G is not reached by a timing clock
Related violations: <none>

TIMING-20#25 Warning
Non-clocked latch  
The latch controller/oimage_rom_en_reg cannot be properly analyzed as its control pin controller/oimage_rom_en_reg/G is not reached by a timing clock
Related violations: <none>

TIMING-20#26 Warning
Non-clocked latch  
The latch controller/weight_sel_reg[0] cannot be properly analyzed as its control pin controller/weight_sel_reg[0]/G is not reached by a timing clock
Related violations: <none>

TIMING-20#27 Warning
Non-clocked latch  
The latch controller/weight_sel_reg[1] cannot be properly analyzed as its control pin controller/weight_sel_reg[1]/G is not reached by a timing clock
Related violations: <none>


