Vivado Simulator 2019.1
Copyright 1986-1999, 2001-2019 Xilinx, Inc. All Rights Reserved.
Running: C:/Xilinx/Vivado/2019.1/bin/unwrapped/win64.o/xelab.exe -wto f56de015da3246728a8e513befab3aea --incr --debug typical --relax --mt 2 -L xil_defaultlib -L unisims_ver -L unimacro_ver -L secureip --snapshot tb_top_behav xil_defaultlib.tb_top xil_defaultlib.glbl -log elaborate.log 
Using 2 slave threads.
Starting static elaboration
WARNING: [VRFC 10-2861] module 'Accumulator' does not have a parameter named BIAS [E:/02_CCDC/KNU_Git/foodbug/KNU_CNN_verilog/KNU_CNN_verilog.srcs/source_1/PE_Array.v:116]
WARNING: [VRFC 10-2861] module 'Accumulator' does not have a parameter named BIAS [E:/02_CCDC/KNU_Git/foodbug/KNU_CNN_verilog/KNU_CNN_verilog.srcs/source_1/PE_Array.v:126]
WARNING: [VRFC 10-3091] actual bit length 6 differs from formal bit length 4 for port 'bias_idx' [E:/02_CCDC/KNU_Git/foodbug/KNU_CNN_verilog/KNU_CNN_verilog.srcs/sim_1/tb_top.v:113]
Completed static elaboration
Starting simulation data flow analysis
WARNING: [XSIM 43-4100] "E:/02_CCDC/KNU_Git/foodbug/KNU_CNN_verilog/KNU_CNN_verilog.sim/sim_1/behav/xsim/glbl.v" Line 6. Module glbl has a timescale but at least one module in design doesn't have timescale.
Completed simulation data flow analysis
Time Resolution for simulation is 1ps
Compiling module xil_defaultlib.global_controller
Compiling module xil_defaultlib.conv2d_pe
Compiling module xil_defaultlib.Accumulator
Compiling module xil_defaultlib.PE_Array_default
Compiling module xil_defaultlib.comparator
Compiling module xil_defaultlib.FIFO
Compiling module xil_defaultlib.Max_Pooling_ReLU
Compiling module xil_defaultlib.buffer1
Compiling module xil_defaultlib.shiftBuffer
Compiling module xil_defaultlib.MAC
Compiling module xil_defaultlib.matmul_default
Compiling module xil_defaultlib.max_finder
Compiling module xil_defaultlib.FC_layer
Compiling module xil_defaultlib.FC_controller
Compiling module xil_defaultlib.top
Compiling module xil_defaultlib.fc_weight_ROM(WEIGHT_FILE="E:/cn...
Compiling module xil_defaultlib.fc_bias_ROM(BIAS_FILE="E:/cnn_ve...
Compiling module xil_defaultlib.ROM_Weight(WEIGHT_FILE_conv1_1="...
Compiling module xil_defaultlib.ROM_Bias(WEIGHT_FILE_bias_1="E:/...
Compiling module xil_defaultlib.tb_top
Compiling module xil_defaultlib.glbl
Built simulation snapshot tb_top_behav
