Vivado Simulator 2019.1
Time resolution is 1 ps
Image 0: Success, Prediction = 0, True Label = 0
Image 1: Success, Prediction = 1, True Label = 1
Image 2: Success, Prediction = 2, True Label = 2
Image 3: Success, Prediction = 3, True Label = 3
Image 4: Success, Prediction = 4, True Label = 4
Image 5: Fail, Prediction = 8, True Label = 5
Image 6: Success, Prediction = 6, True Label = 6
Image 7: Success, Prediction = 7, True Label = 7
Image 8: Success, Prediction = 8, True Label = 8
Image 9: Success, Prediction = 9, True Label = 9
Image 10: Success, Prediction = 0, True Label = 0
Image 11: Success, Prediction = 1, True Label = 1
Image 12: Success, Prediction = 2, True Label = 2
Image 13: Success, Prediction = 3, True Label = 3
Image 14: Success, Prediction = 4, True Label = 4
Image 15: Success, Prediction = 5, True Label = 5
Image 16: Success, Prediction = 6, True Label = 6
Image 17: Success, Prediction = 7, True Label = 7
Image 18: Success, Prediction = 8, True Label = 8
Image 19: Success, Prediction = 9, True Label = 9
Image 20: Success, Prediction = 0, True Label = 0
Image 21: Success, Prediction = 1, True Label = 1
Image 22: Success, Prediction = 2, True Label = 2
Image 23: Success, Prediction = 3, True Label = 3
Image 24: Success, Prediction = 4, True Label = 4
Image 25: Success, Prediction = 5, True Label = 5
Image 26: Success, Prediction = 6, True Label = 6
Image 27: Success, Prediction = 7, True Label = 7
Image 28: Success, Prediction = 8, True Label = 8
Image 29: Success, Prediction = 9, True Label = 9
Image 30: Success, Prediction = 0, True Label = 0
Image 31: Success, Prediction = 1, True Label = 1
Image 32: Success, Prediction = 2, True Label = 2
Image 33: Success, Prediction = 3, True Label = 3
Image 34: Success, Prediction = 4, True Label = 4
Image 35: Success, Prediction = 5, True Label = 5
Image 36: Success, Prediction = 6, True Label = 6
Image 37: Success, Prediction = 7, True Label = 7
Image 38: Success, Prediction = 8, True Label = 8
Image 39: Success, Prediction = 9, True Label = 9
Image 40: Success, Prediction = 0, True Label = 0
Image 41: Success, Prediction = 1, True Label = 1
Image 42: Success, Prediction = 2, True Label = 2
Image 43: Success, Prediction = 3, True Label = 3
Image 44: Success, Prediction = 4, True Label = 4
Image 45: Success, Prediction = 5, True Label = 5
Image 46: Success, Prediction = 6, True Label = 6
Image 47: Success, Prediction = 7, True Label = 7
Image 48: Success, Prediction = 8, True Label = 8
Image 49: Success, Prediction = 9, True Label = 9
Image 50: Success, Prediction = 0, True Label = 0
Image 51: Success, Prediction = 1, True Label = 1
Image 52: Success, Prediction = 2, True Label = 2
Image 53: Success, Prediction = 3, True Label = 3
Image 54: Success, Prediction = 4, True Label = 4
Image 55: Success, Prediction = 5, True Label = 5
Image 56: Success, Prediction = 6, True Label = 6
Image 57: Success, Prediction = 7, True Label = 7
Image 58: Success, Prediction = 8, True Label = 8
Image 59: Success, Prediction = 9, True Label = 9
Image 60: Success, Prediction = 0, True Label = 0
Image 61: Success, Prediction = 1, True Label = 1
Image 62: Fail, Prediction = 1, True Label = 2
Image 63: Success, Prediction = 3, True Label = 3
Image 64: Success, Prediction = 4, True Label = 4
Image 65: Success, Prediction = 5, True Label = 5
Image 66: Success, Prediction = 6, True Label = 6
Image 67: Success, Prediction = 7, True Label = 7
Image 68: Success, Prediction = 8, True Label = 8
Image 69: Success, Prediction = 9, True Label = 9
Image 70: Success, Prediction = 0, True Label = 0
Image 71: Success, Prediction = 1, True Label = 1
Image 72: Success, Prediction = 2, True Label = 2
Image 73: Success, Prediction = 3, True Label = 3
Image 74: Success, Prediction = 4, True Label = 4
Image 75: Success, Prediction = 5, True Label = 5
Image 76: Success, Prediction = 6, True Label = 6
Image 77: Success, Prediction = 7, True Label = 7
Image 78: Success, Prediction = 8, True Label = 8
Image 79: Success, Prediction = 9, True Label = 9
Image 80: Success, Prediction = 0, True Label = 0
Image 81: Success, Prediction = 1, True Label = 1
Image 82: Success, Prediction = 2, True Label = 2
Image 83: Success, Prediction = 3, True Label = 3
Image 84: Success, Prediction = 4, True Label = 4
Image 85: Success, Prediction = 5, True Label = 5
Image 86: Success, Prediction = 6, True Label = 6
Image 87: Success, Prediction = 7, True Label = 7
Image 88: Success, Prediction = 8, True Label = 8
Image 89: Success, Prediction = 9, True Label = 9
Image 90: Success, Prediction = 0, True Label = 0
Image 91: Success, Prediction = 1, True Label = 1
Image 92: Success, Prediction = 2, True Label = 2
Image 93: Success, Prediction = 3, True Label = 3
Image 94: Success, Prediction = 4, True Label = 4
Image 95: Success, Prediction = 5, True Label = 5
Image 96: Success, Prediction = 6, True Label = 6
Image 97: Success, Prediction = 7, True Label = 7
Image 98: Success, Prediction = 8, True Label = 8
Image 99: Success, Prediction = 9, True Label = 9
Image 100: Success, Prediction = 0, True Label = 0
Image 101: Success, Prediction = 1, True Label = 1
Image 102: Success, Prediction = 2, True Label = 2
Image 103: Success, Prediction = 3, True Label = 3
Image 104: Success, Prediction = 4, True Label = 4
Image 105: Fail, Prediction = 8, True Label = 5
Image 106: Success, Prediction = 6, True Label = 6
Image 107: Success, Prediction = 7, True Label = 7
Image 108: Success, Prediction = 8, True Label = 8
Image 109: Success, Prediction = 9, True Label = 9
Image 110: Success, Prediction = 0, True Label = 0
Image 111: Success, Prediction = 1, True Label = 1
Image 112: Success, Prediction = 2, True Label = 2
Image 113: Success, Prediction = 3, True Label = 3
Image 114: Success, Prediction = 4, True Label = 4
Image 115: Success, Prediction = 5, True Label = 5
Image 116: Success, Prediction = 6, True Label = 6
Image 117: Success, Prediction = 7, True Label = 7
Image 118: Success, Prediction = 8, True Label = 8
Image 119: Success, Prediction = 9, True Label = 9
Image 120: Success, Prediction = 0, True Label = 0
Image 121: Success, Prediction = 1, True Label = 1
Image 122: Success, Prediction = 2, True Label = 2
Image 123: Success, Prediction = 3, True Label = 3
Image 124: Success, Prediction = 4, True Label = 4
Image 125: Success, Prediction = 5, True Label = 5
Image 126: Success, Prediction = 6, True Label = 6
Image 127: Success, Prediction = 7, True Label = 7
Image 128: Success, Prediction = 8, True Label = 8
Image 129: Success, Prediction = 9, True Label = 9
Image 130: Success, Prediction = 0, True Label = 0
Image 131: Success, Prediction = 1, True Label = 1
Image 132: Success, Prediction = 2, True Label = 2
Image 133: Success, Prediction = 3, True Label = 3
Image 134: Success, Prediction = 4, True Label = 4
Image 135: Success, Prediction = 5, True Label = 5
Image 136: Success, Prediction = 6, True Label = 6
Image 137: Success, Prediction = 7, True Label = 7
Image 138: Success, Prediction = 8, True Label = 8
Image 139: Success, Prediction = 9, True Label = 9
Image 140: Success, Prediction = 0, True Label = 0
Image 141: Success, Prediction = 1, True Label = 1
Image 142: Success, Prediction = 2, True Label = 2
Image 143: Success, Prediction = 3, True Label = 3
Image 144: Success, Prediction = 4, True Label = 4
Image 145: Success, Prediction = 5, True Label = 5
Image 146: Success, Prediction = 6, True Label = 6
Image 147: Success, Prediction = 7, True Label = 7
Image 148: Success, Prediction = 8, True Label = 8
Image 149: Success, Prediction = 9, True Label = 9
Image 150: Success, Prediction = 0, True Label = 0
Image 151: Success, Prediction = 1, True Label = 1
Image 152: Success, Prediction = 2, True Label = 2
Image 153: Success, Prediction = 3, True Label = 3
Image 154: Success, Prediction = 4, True Label = 4
Image 155: Success, Prediction = 5, True Label = 5
Image 156: Success, Prediction = 6, True Label = 6
Image 157: Success, Prediction = 7, True Label = 7
Image 158: Success, Prediction = 8, True Label = 8
Image 159: Success, Prediction = 9, True Label = 9
Image 160: Success, Prediction = 0, True Label = 0
Image 161: Success, Prediction = 1, True Label = 1
Image 162: Fail, Prediction = 1, True Label = 2
Image 163: Success, Prediction = 3, True Label = 3
Image 164: Success, Prediction = 4, True Label = 4
Image 165: Success, Prediction = 5, True Label = 5
Image 166: Success, Prediction = 6, True Label = 6
Image 167: Success, Prediction = 7, True Label = 7
Image 168: Success, Prediction = 8, True Label = 8
Image 169: Success, Prediction = 9, True Label = 9
Image 170: Success, Prediction = 0, True Label = 0
Image 171: Success, Prediction = 1, True Label = 1
Image 172: Success, Prediction = 2, True Label = 2
Image 173: Success, Prediction = 3, True Label = 3
Image 174: Success, Prediction = 4, True Label = 4
Image 175: Success, Prediction = 5, True Label = 5
Image 176: Success, Prediction = 6, True Label = 6
Image 177: Success, Prediction = 7, True Label = 7
Image 178: Success, Prediction = 8, True Label = 8
Image 179: Success, Prediction = 9, True Label = 9
Image 180: Success, Prediction = 0, True Label = 0
Image 181: Success, Prediction = 1, True Label = 1
Image 182: Success, Prediction = 2, True Label = 2
Image 183: Success, Prediction = 3, True Label = 3
Image 184: Success, Prediction = 4, True Label = 4
Image 185: Success, Prediction = 5, True Label = 5
Image 186: Success, Prediction = 6, True Label = 6
Image 187: Success, Prediction = 7, True Label = 7
Image 188: Success, Prediction = 8, True Label = 8
Image 189: Success, Prediction = 9, True Label = 9
Image 190: Success, Prediction = 0, True Label = 0
Image 191: Success, Prediction = 1, True Label = 1
Image 192: Success, Prediction = 2, True Label = 2
Image 193: Success, Prediction = 3, True Label = 3
Image 194: Success, Prediction = 4, True Label = 4
Image 195: Success, Prediction = 5, True Label = 5
Image 196: Success, Prediction = 6, True Label = 6
Image 197: Success, Prediction = 7, True Label = 7
Image 198: Success, Prediction = 8, True Label = 8
Image 199: Success, Prediction = 9, True Label = 9
Image 200: Success, Prediction = 0, True Label = 0
Image 201: Success, Prediction = 1, True Label = 1
Image 202: Success, Prediction = 2, True Label = 2
Image 203: Success, Prediction = 3, True Label = 3
Image 204: Success, Prediction = 4, True Label = 4
Image 205: Fail, Prediction = 8, True Label = 5
Image 206: Success, Prediction = 6, True Label = 6
Image 207: Success, Prediction = 7, True Label = 7
Image 208: Success, Prediction = 8, True Label = 8
Image 209: Success, Prediction = 9, True Label = 9
Image 210: Success, Prediction = 0, True Label = 0
Image 211: Success, Prediction = 1, True Label = 1
Image 212: Success, Prediction = 2, True Label = 2
Image 213: Success, Prediction = 3, True Label = 3
Image 214: Success, Prediction = 4, True Label = 4
Image 215: Success, Prediction = 5, True Label = 5
Image 216: Success, Prediction = 6, True Label = 6
Image 217: Success, Prediction = 7, True Label = 7
Image 218: Success, Prediction = 8, True Label = 8
Image 219: Success, Prediction = 9, True Label = 9
Image 220: Success, Prediction = 0, True Label = 0
Image 221: Success, Prediction = 1, True Label = 1
Image 222: Success, Prediction = 2, True Label = 2
Image 223: Success, Prediction = 3, True Label = 3
Image 224: Success, Prediction = 4, True Label = 4
Image 225: Success, Prediction = 5, True Label = 5
Image 226: Success, Prediction = 6, True Label = 6
Image 227: Success, Prediction = 7, True Label = 7
Image 228: Success, Prediction = 8, True Label = 8
Image 229: Success, Prediction = 9, True Label = 9
Image 230: Success, Prediction = 0, True Label = 0
Image 231: Success, Prediction = 1, True Label = 1
Image 232: Success, Prediction = 2, True Label = 2
Image 233: Success, Prediction = 3, True Label = 3
Image 234: Success, Prediction = 4, True Label = 4
Image 235: Success, Prediction = 5, True Label = 5
Image 236: Success, Prediction = 6, True Label = 6
Image 237: Success, Prediction = 7, True Label = 7
Image 238: Success, Prediction = 8, True Label = 8
Image 239: Success, Prediction = 9, True Label = 9
Image 240: Success, Prediction = 0, True Label = 0
Image 241: Success, Prediction = 1, True Label = 1
Image 242: Success, Prediction = 2, True Label = 2
Image 243: Success, Prediction = 3, True Label = 3
Image 244: Success, Prediction = 4, True Label = 4
Image 245: Success, Prediction = 5, True Label = 5
Image 246: Success, Prediction = 6, True Label = 6
Image 247: Success, Prediction = 7, True Label = 7
Image 248: Success, Prediction = 8, True Label = 8
Image 249: Success, Prediction = 9, True Label = 9
Image 250: Success, Prediction = 0, True Label = 0
Image 251: Success, Prediction = 1, True Label = 1
Image 252: Success, Prediction = 2, True Label = 2
Image 253: Success, Prediction = 3, True Label = 3
Image 254: Success, Prediction = 4, True Label = 4
Image 255: Success, Prediction = 5, True Label = 5
Image 256: Success, Prediction = 6, True Label = 6
Image 257: Success, Prediction = 7, True Label = 7
Image 258: Success, Prediction = 8, True Label = 8
Image 259: Success, Prediction = 9, True Label = 9
Image 260: Success, Prediction = 0, True Label = 0
Image 261: Success, Prediction = 1, True Label = 1
Image 262: Fail, Prediction = 1, True Label = 2
Image 263: Success, Prediction = 3, True Label = 3
Image 264: Success, Prediction = 4, True Label = 4
Image 265: Success, Prediction = 5, True Label = 5
Image 266: Success, Prediction = 6, True Label = 6
Image 267: Success, Prediction = 7, True Label = 7
Image 268: Success, Prediction = 8, True Label = 8
Image 269: Success, Prediction = 9, True Label = 9
Image 270: Success, Prediction = 0, True Label = 0
Image 271: Success, Prediction = 1, True Label = 1
Image 272: Success, Prediction = 2, True Label = 2
Image 273: Success, Prediction = 3, True Label = 3
Image 274: Success, Prediction = 4, True Label = 4
Image 275: Success, Prediction = 5, True Label = 5
Image 276: Success, Prediction = 6, True Label = 6
Image 277: Success, Prediction = 7, True Label = 7
Image 278: Success, Prediction = 8, True Label = 8
Image 279: Success, Prediction = 9, True Label = 9
Image 280: Success, Prediction = 0, True Label = 0
Image 281: Success, Prediction = 1, True Label = 1
Image 282: Success, Prediction = 2, True Label = 2
Image 283: Success, Prediction = 3, True Label = 3
Image 284: Success, Prediction = 4, True Label = 4
Image 285: Success, Prediction = 5, True Label = 5
Image 286: Success, Prediction = 6, True Label = 6
Image 287: Success, Prediction = 7, True Label = 7
Image 288: Success, Prediction = 8, True Label = 8
Image 289: Success, Prediction = 9, True Label = 9
Image 290: Success, Prediction = 0, True Label = 0
Image 291: Success, Prediction = 1, True Label = 1
Image 292: Success, Prediction = 2, True Label = 2
Image 293: Success, Prediction = 3, True Label = 3
Image 294: Success, Prediction = 4, True Label = 4
Image 295: Success, Prediction = 5, True Label = 5
Image 296: Success, Prediction = 6, True Label = 6
Image 297: Success, Prediction = 7, True Label = 7
Image 298: Success, Prediction = 8, True Label = 8
Image 299: Success, Prediction = 9, True Label = 9
Image 300: Success, Prediction = 0, True Label = 0
Image 301: Success, Prediction = 1, True Label = 1
Image 302: Success, Prediction = 2, True Label = 2
Image 303: Success, Prediction = 3, True Label = 3
Image 304: Success, Prediction = 4, True Label = 4
Image 305: Fail, Prediction = 8, True Label = 5
Image 306: Success, Prediction = 6, True Label = 6
Image 307: Success, Prediction = 7, True Label = 7
Image 308: Success, Prediction = 8, True Label = 8
Image 309: Success, Prediction = 9, True Label = 9
Image 310: Success, Prediction = 0, True Label = 0
Image 311: Success, Prediction = 1, True Label = 1
Image 312: Success, Prediction = 2, True Label = 2
Image 313: Success, Prediction = 3, True Label = 3
Image 314: Success, Prediction = 4, True Label = 4
Image 315: Success, Prediction = 5, True Label = 5
Image 316: Success, Prediction = 6, True Label = 6
Image 317: Success, Prediction = 7, True Label = 7
Image 318: Success, Prediction = 8, True Label = 8
Image 319: Success, Prediction = 9, True Label = 9
Image 320: Success, Prediction = 0, True Label = 0
Image 321: Success, Prediction = 1, True Label = 1
Image 322: Success, Prediction = 2, True Label = 2
Image 323: Success, Prediction = 3, True Label = 3
Image 324: Success, Prediction = 4, True Label = 4
Image 325: Success, Prediction = 5, True Label = 5
Image 326: Success, Prediction = 6, True Label = 6
Image 327: Success, Prediction = 7, True Label = 7
Image 328: Success, Prediction = 8, True Label = 8
Image 329: Success, Prediction = 9, True Label = 9
Image 330: Success, Prediction = 0, True Label = 0
Image 331: Success, Prediction = 1, True Label = 1
Image 332: Success, Prediction = 2, True Label = 2
Image 333: Success, Prediction = 3, True Label = 3
Image 334: Success, Prediction = 4, True Label = 4
Image 335: Success, Prediction = 5, True Label = 5
Image 336: Success, Prediction = 6, True Label = 6
Image 337: Success, Prediction = 7, True Label = 7
Image 338: Success, Prediction = 8, True Label = 8
Image 339: Success, Prediction = 9, True Label = 9
Image 340: Success, Prediction = 0, True Label = 0
Image 341: Success, Prediction = 1, True Label = 1
Image 342: Success, Prediction = 2, True Label = 2
Image 343: Success, Prediction = 3, True Label = 3
Image 344: Success, Prediction = 4, True Label = 4
Image 345: Success, Prediction = 5, True Label = 5
Image 346: Success, Prediction = 6, True Label = 6
Image 347: Success, Prediction = 7, True Label = 7
Image 348: Success, Prediction = 8, True Label = 8
Image 349: Success, Prediction = 9, True Label = 9
Image 350: Success, Prediction = 0, True Label = 0
Image 351: Success, Prediction = 1, True Label = 1
Image 352: Success, Prediction = 2, True Label = 2
Image 353: Success, Prediction = 3, True Label = 3
Image 354: Success, Prediction = 4, True Label = 4
Image 355: Success, Prediction = 5, True Label = 5
Image 356: Success, Prediction = 6, True Label = 6
Image 357: Success, Prediction = 7, True Label = 7
Image 358: Success, Prediction = 8, True Label = 8
Image 359: Success, Prediction = 9, True Label = 9
Image 360: Success, Prediction = 0, True Label = 0
Image 361: Success, Prediction = 1, True Label = 1
Image 362: Fail, Prediction = 1, True Label = 2
Image 363: Success, Prediction = 3, True Label = 3
Image 364: Success, Prediction = 4, True Label = 4
Image 365: Success, Prediction = 5, True Label = 5
Image 366: Success, Prediction = 6, True Label = 6
Image 367: Success, Prediction = 7, True Label = 7
Image 368: Success, Prediction = 8, True Label = 8
Image 369: Success, Prediction = 9, True Label = 9
Image 370: Success, Prediction = 0, True Label = 0
Image 371: Success, Prediction = 1, True Label = 1
Image 372: Success, Prediction = 2, True Label = 2
Image 373: Success, Prediction = 3, True Label = 3
Image 374: Success, Prediction = 4, True Label = 4
Image 375: Success, Prediction = 5, True Label = 5
Image 376: Success, Prediction = 6, True Label = 6
Image 377: Success, Prediction = 7, True Label = 7
Image 378: Success, Prediction = 8, True Label = 8
Image 379: Success, Prediction = 9, True Label = 9
Image 380: Success, Prediction = 0, True Label = 0
Image 381: Success, Prediction = 1, True Label = 1
Image 382: Success, Prediction = 2, True Label = 2
Image 383: Success, Prediction = 3, True Label = 3
Image 384: Success, Prediction = 4, True Label = 4
Image 385: Success, Prediction = 5, True Label = 5
Image 386: Success, Prediction = 6, True Label = 6
Image 387: Success, Prediction = 7, True Label = 7
Image 388: Success, Prediction = 8, True Label = 8
Image 389: Success, Prediction = 9, True Label = 9
Image 390: Success, Prediction = 0, True Label = 0
Image 391: Success, Prediction = 1, True Label = 1
Image 392: Success, Prediction = 2, True Label = 2
Image 393: Success, Prediction = 3, True Label = 3
Image 394: Success, Prediction = 4, True Label = 4
Image 395: Success, Prediction = 5, True Label = 5
Image 396: Success, Prediction = 6, True Label = 6
Image 397: Success, Prediction = 7, True Label = 7
Image 398: Success, Prediction = 8, True Label = 8
Image 399: Success, Prediction = 9, True Label = 9
Image 400: Success, Prediction = 0, True Label = 0
Image 401: Success, Prediction = 1, True Label = 1
Image 402: Success, Prediction = 2, True Label = 2
Image 403: Success, Prediction = 3, True Label = 3
Image 404: Success, Prediction = 4, True Label = 4
Image 405: Fail, Prediction = 8, True Label = 5
Image 406: Success, Prediction = 6, True Label = 6
Image 407: Success, Prediction = 7, True Label = 7
Image 408: Success, Prediction = 8, True Label = 8
Image 409: Success, Prediction = 9, True Label = 9
Image 410: Success, Prediction = 0, True Label = 0
Image 411: Success, Prediction = 1, True Label = 1
Image 412: Success, Prediction = 2, True Label = 2
Image 413: Success, Prediction = 3, True Label = 3
Image 414: Success, Prediction = 4, True Label = 4
Image 415: Success, Prediction = 5, True Label = 5
Image 416: Success, Prediction = 6, True Label = 6
Image 417: Success, Prediction = 7, True Label = 7
Image 418: Success, Prediction = 8, True Label = 8
Image 419: Success, Prediction = 9, True Label = 9
Image 420: Success, Prediction = 0, True Label = 0
Image 421: Success, Prediction = 1, True Label = 1
Image 422: Success, Prediction = 2, True Label = 2
Image 423: Success, Prediction = 3, True Label = 3
Image 424: Success, Prediction = 4, True Label = 4
Image 425: Success, Prediction = 5, True Label = 5
Image 426: Success, Prediction = 6, True Label = 6
Image 427: Success, Prediction = 7, True Label = 7
Image 428: Success, Prediction = 8, True Label = 8
Image 429: Success, Prediction = 9, True Label = 9
Image 430: Success, Prediction = 0, True Label = 0
Image 431: Success, Prediction = 1, True Label = 1
Image 432: Success, Prediction = 2, True Label = 2
Image 433: Success, Prediction = 3, True Label = 3
Image 434: Success, Prediction = 4, True Label = 4
Image 435: Success, Prediction = 5, True Label = 5
Image 436: Success, Prediction = 6, True Label = 6
Image 437: Success, Prediction = 7, True Label = 7
Image 438: Success, Prediction = 8, True Label = 8
Image 439: Success, Prediction = 9, True Label = 9
Image 440: Success, Prediction = 0, True Label = 0
Image 441: Success, Prediction = 1, True Label = 1
Image 442: Success, Prediction = 2, True Label = 2
Image 443: Success, Prediction = 3, True Label = 3
Image 444: Success, Prediction = 4, True Label = 4
Image 445: Success, Prediction = 5, True Label = 5
Image 446: Success, Prediction = 6, True Label = 6
Image 447: Success, Prediction = 7, True Label = 7
Image 448: Success, Prediction = 8, True Label = 8
Image 449: Success, Prediction = 9, True Label = 9
Image 450: Success, Prediction = 0, True Label = 0
Image 451: Success, Prediction = 1, True Label = 1
Image 452: Success, Prediction = 2, True Label = 2
Image 453: Success, Prediction = 3, True Label = 3
Image 454: Success, Prediction = 4, True Label = 4
Image 455: Success, Prediction = 5, True Label = 5
Image 456: Success, Prediction = 6, True Label = 6
Image 457: Success, Prediction = 7, True Label = 7
Image 458: Success, Prediction = 8, True Label = 8
Image 459: Success, Prediction = 9, True Label = 9
Image 460: Success, Prediction = 0, True Label = 0
Image 461: Success, Prediction = 1, True Label = 1
Image 462: Fail, Prediction = 1, True Label = 2
Image 463: Success, Prediction = 3, True Label = 3
Image 464: Success, Prediction = 4, True Label = 4
Image 465: Success, Prediction = 5, True Label = 5
Image 466: Success, Prediction = 6, True Label = 6
Image 467: Success, Prediction = 7, True Label = 7
Image 468: Success, Prediction = 8, True Label = 8
Image 469: Success, Prediction = 9, True Label = 9
Image 470: Success, Prediction = 0, True Label = 0
Image 471: Success, Prediction = 1, True Label = 1
Image 472: Success, Prediction = 2, True Label = 2
Image 473: Success, Prediction = 3, True Label = 3
Image 474: Success, Prediction = 4, True Label = 4
Image 475: Success, Prediction = 5, True Label = 5
Image 476: Success, Prediction = 6, True Label = 6
Image 477: Success, Prediction = 7, True Label = 7
Image 478: Success, Prediction = 8, True Label = 8
Image 479: Success, Prediction = 9, True Label = 9
Image 480: Success, Prediction = 0, True Label = 0
Image 481: Success, Prediction = 1, True Label = 1
Image 482: Success, Prediction = 2, True Label = 2
Image 483: Success, Prediction = 3, True Label = 3
Image 484: Success, Prediction = 4, True Label = 4
Image 485: Success, Prediction = 5, True Label = 5
Image 486: Success, Prediction = 6, True Label = 6
Image 487: Success, Prediction = 7, True Label = 7
Image 488: Success, Prediction = 8, True Label = 8
Image 489: Success, Prediction = 9, True Label = 9
Image 490: Success, Prediction = 0, True Label = 0
Image 491: Success, Prediction = 1, True Label = 1
Image 492: Success, Prediction = 2, True Label = 2
Image 493: Success, Prediction = 3, True Label = 3
Image 494: Success, Prediction = 4, True Label = 4
Image 495: Success, Prediction = 5, True Label = 5
Image 496: Success, Prediction = 6, True Label = 6
Image 497: Success, Prediction = 7, True Label = 7
Image 498: Success, Prediction = 8, True Label = 8
Image 499: Success, Prediction = 9, True Label = 9
Image 500: Success, Prediction = 0, True Label = 0
Image 501: Success, Prediction = 1, True Label = 1
Image 502: Success, Prediction = 2, True Label = 2
Image 503: Success, Prediction = 3, True Label = 3
Image 504: Success, Prediction = 4, True Label = 4
Image 505: Fail, Prediction = 8, True Label = 5
Image 506: Success, Prediction = 6, True Label = 6
Image 507: Success, Prediction = 7, True Label = 7
Image 508: Success, Prediction = 8, True Label = 8
Image 509: Success, Prediction = 9, True Label = 9
Image 510: Success, Prediction = 0, True Label = 0
Image 511: Success, Prediction = 1, True Label = 1
Image 512: Success, Prediction = 2, True Label = 2
Image 513: Success, Prediction = 3, True Label = 3
Image 514: Success, Prediction = 4, True Label = 4
Image 515: Success, Prediction = 5, True Label = 5
Image 516: Success, Prediction = 6, True Label = 6
Image 517: Success, Prediction = 7, True Label = 7
Image 518: Success, Prediction = 8, True Label = 8
Image 519: Success, Prediction = 9, True Label = 9
Image 520: Success, Prediction = 0, True Label = 0
Image 521: Success, Prediction = 1, True Label = 1
Image 522: Success, Prediction = 2, True Label = 2
Image 523: Success, Prediction = 3, True Label = 3
Image 524: Success, Prediction = 4, True Label = 4
Image 525: Success, Prediction = 5, True Label = 5
Image 526: Success, Prediction = 6, True Label = 6
Image 527: Success, Prediction = 7, True Label = 7
Image 528: Success, Prediction = 8, True Label = 8
Image 529: Success, Prediction = 9, True Label = 9
Image 530: Success, Prediction = 0, True Label = 0
Image 531: Success, Prediction = 1, True Label = 1
Image 532: Success, Prediction = 2, True Label = 2
Image 533: Success, Prediction = 3, True Label = 3
Image 534: Success, Prediction = 4, True Label = 4
Image 535: Success, Prediction = 5, True Label = 5
Image 536: Success, Prediction = 6, True Label = 6
Image 537: Success, Prediction = 7, True Label = 7
Image 538: Success, Prediction = 8, True Label = 8
Image 539: Success, Prediction = 9, True Label = 9
Image 540: Success, Prediction = 0, True Label = 0
Image 541: Success, Prediction = 1, True Label = 1
Image 542: Success, Prediction = 2, True Label = 2
Image 543: Success, Prediction = 3, True Label = 3
Image 544: Success, Prediction = 4, True Label = 4
Image 545: Success, Prediction = 5, True Label = 5
Image 546: Success, Prediction = 6, True Label = 6
Image 547: Success, Prediction = 7, True Label = 7
Image 548: Success, Prediction = 8, True Label = 8
Image 549: Success, Prediction = 9, True Label = 9
Image 550: Success, Prediction = 0, True Label = 0
Image 551: Success, Prediction = 1, True Label = 1
Image 552: Success, Prediction = 2, True Label = 2
Image 553: Success, Prediction = 3, True Label = 3
Image 554: Success, Prediction = 4, True Label = 4
Image 555: Success, Prediction = 5, True Label = 5
Image 556: Success, Prediction = 6, True Label = 6
Image 557: Success, Prediction = 7, True Label = 7
Image 558: Success, Prediction = 8, True Label = 8
Image 559: Success, Prediction = 9, True Label = 9
Image 560: Success, Prediction = 0, True Label = 0
Image 561: Success, Prediction = 1, True Label = 1
Image 562: Fail, Prediction = 1, True Label = 2
Image 563: Success, Prediction = 3, True Label = 3
Image 564: Success, Prediction = 4, True Label = 4
Image 565: Success, Prediction = 5, True Label = 5
Image 566: Success, Prediction = 6, True Label = 6
Image 567: Success, Prediction = 7, True Label = 7
Image 568: Success, Prediction = 8, True Label = 8
Image 569: Success, Prediction = 9, True Label = 9
Image 570: Success, Prediction = 0, True Label = 0
Image 571: Success, Prediction = 1, True Label = 1
Image 572: Success, Prediction = 2, True Label = 2
Image 573: Success, Prediction = 3, True Label = 3
Image 574: Success, Prediction = 4, True Label = 4
Image 575: Success, Prediction = 5, True Label = 5
Image 576: Success, Prediction = 6, True Label = 6
Image 577: Success, Prediction = 7, True Label = 7
Image 578: Success, Prediction = 8, True Label = 8
Image 579: Success, Prediction = 9, True Label = 9
Image 580: Success, Prediction = 0, True Label = 0
Image 581: Success, Prediction = 1, True Label = 1
Image 582: Success, Prediction = 2, True Label = 2
Image 583: Success, Prediction = 3, True Label = 3
Image 584: Success, Prediction = 4, True Label = 4
Image 585: Success, Prediction = 5, True Label = 5
Image 586: Success, Prediction = 6, True Label = 6
Image 587: Success, Prediction = 7, True Label = 7
Image 588: Success, Prediction = 8, True Label = 8
Image 589: Success, Prediction = 9, True Label = 9
Image 590: Success, Prediction = 0, True Label = 0
Image 591: Success, Prediction = 1, True Label = 1
Image 592: Success, Prediction = 2, True Label = 2
Image 593: Success, Prediction = 3, True Label = 3
Image 594: Success, Prediction = 4, True Label = 4
Image 595: Success, Prediction = 5, True Label = 5
Image 596: Success, Prediction = 6, True Label = 6
Image 597: Success, Prediction = 7, True Label = 7
Image 598: Success, Prediction = 8, True Label = 8
Image 599: Success, Prediction = 9, True Label = 9
Image 600: Success, Prediction = 0, True Label = 0
Image 601: Success, Prediction = 1, True Label = 1
Image 602: Success, Prediction = 2, True Label = 2
Image 603: Success, Prediction = 3, True Label = 3
Image 604: Success, Prediction = 4, True Label = 4
Image 605: Fail, Prediction = 8, True Label = 5
Image 606: Success, Prediction = 6, True Label = 6
Image 607: Success, Prediction = 7, True Label = 7
Image 608: Success, Prediction = 8, True Label = 8
Image 609: Success, Prediction = 9, True Label = 9
Image 610: Success, Prediction = 0, True Label = 0
Image 611: Success, Prediction = 1, True Label = 1
Image 612: Success, Prediction = 2, True Label = 2
Image 613: Success, Prediction = 3, True Label = 3
Image 614: Success, Prediction = 4, True Label = 4
Image 615: Success, Prediction = 5, True Label = 5
Image 616: Success, Prediction = 6, True Label = 6
Image 617: Success, Prediction = 7, True Label = 7
Image 618: Success, Prediction = 8, True Label = 8
Image 619: Success, Prediction = 9, True Label = 9
Image 620: Success, Prediction = 0, True Label = 0
Image 621: Success, Prediction = 1, True Label = 1
Image 622: Success, Prediction = 2, True Label = 2
Image 623: Success, Prediction = 3, True Label = 3
Image 624: Success, Prediction = 4, True Label = 4
Image 625: Success, Prediction = 5, True Label = 5
Image 626: Success, Prediction = 6, True Label = 6
Image 627: Success, Prediction = 7, True Label = 7
Image 628: Success, Prediction = 8, True Label = 8
Image 629: Success, Prediction = 9, True Label = 9
Image 630: Success, Prediction = 0, True Label = 0
Image 631: Success, Prediction = 1, True Label = 1
Image 632: Success, Prediction = 2, True Label = 2
Image 633: Success, Prediction = 3, True Label = 3
Image 634: Success, Prediction = 4, True Label = 4
Image 635: Success, Prediction = 5, True Label = 5
Image 636: Success, Prediction = 6, True Label = 6
Image 637: Success, Prediction = 7, True Label = 7
Image 638: Success, Prediction = 8, True Label = 8
Image 639: Success, Prediction = 9, True Label = 9
Image 640: Success, Prediction = 0, True Label = 0
Image 641: Success, Prediction = 1, True Label = 1
Image 642: Success, Prediction = 2, True Label = 2
Image 643: Success, Prediction = 3, True Label = 3
Image 644: Success, Prediction = 4, True Label = 4
Image 645: Success, Prediction = 5, True Label = 5
Image 646: Success, Prediction = 6, True Label = 6
Image 647: Success, Prediction = 7, True Label = 7
Image 648: Success, Prediction = 8, True Label = 8
Image 649: Success, Prediction = 9, True Label = 9
Image 650: Success, Prediction = 0, True Label = 0
Image 651: Success, Prediction = 1, True Label = 1
Image 652: Success, Prediction = 2, True Label = 2
Image 653: Success, Prediction = 3, True Label = 3
Image 654: Success, Prediction = 4, True Label = 4
Image 655: Success, Prediction = 5, True Label = 5
Image 656: Success, Prediction = 6, True Label = 6
Image 657: Success, Prediction = 7, True Label = 7
Image 658: Success, Prediction = 8, True Label = 8
Image 659: Success, Prediction = 9, True Label = 9
Image 660: Success, Prediction = 0, True Label = 0
Image 661: Success, Prediction = 1, True Label = 1
Image 662: Fail, Prediction = 1, True Label = 2
Image 663: Success, Prediction = 3, True Label = 3
Image 664: Success, Prediction = 4, True Label = 4
Image 665: Success, Prediction = 5, True Label = 5
Image 666: Success, Prediction = 6, True Label = 6
Image 667: Success, Prediction = 7, True Label = 7
Image 668: Success, Prediction = 8, True Label = 8
Image 669: Success, Prediction = 9, True Label = 9
Image 670: Success, Prediction = 0, True Label = 0
Image 671: Success, Prediction = 1, True Label = 1
Image 672: Success, Prediction = 2, True Label = 2
Image 673: Success, Prediction = 3, True Label = 3
Image 674: Success, Prediction = 4, True Label = 4
Image 675: Success, Prediction = 5, True Label = 5
Image 676: Success, Prediction = 6, True Label = 6
Image 677: Success, Prediction = 7, True Label = 7
Image 678: Success, Prediction = 8, True Label = 8
Image 679: Success, Prediction = 9, True Label = 9
Image 680: Success, Prediction = 0, True Label = 0
Image 681: Success, Prediction = 1, True Label = 1
Image 682: Success, Prediction = 2, True Label = 2
Image 683: Success, Prediction = 3, True Label = 3
Image 684: Success, Prediction = 4, True Label = 4
Image 685: Success, Prediction = 5, True Label = 5
Image 686: Success, Prediction = 6, True Label = 6
Image 687: Success, Prediction = 7, True Label = 7
Image 688: Success, Prediction = 8, True Label = 8
Image 689: Success, Prediction = 9, True Label = 9
Image 690: Success, Prediction = 0, True Label = 0
Image 691: Success, Prediction = 1, True Label = 1
Image 692: Success, Prediction = 2, True Label = 2
Image 693: Success, Prediction = 3, True Label = 3
Image 694: Success, Prediction = 4, True Label = 4
Image 695: Success, Prediction = 5, True Label = 5
Image 696: Success, Prediction = 6, True Label = 6
Image 697: Success, Prediction = 7, True Label = 7
Image 698: Success, Prediction = 8, True Label = 8
Image 699: Success, Prediction = 9, True Label = 9
Image 700: Success, Prediction = 0, True Label = 0
Image 701: Success, Prediction = 1, True Label = 1
Image 702: Success, Prediction = 2, True Label = 2
Image 703: Success, Prediction = 3, True Label = 3
Image 704: Success, Prediction = 4, True Label = 4
Image 705: Fail, Prediction = 8, True Label = 5
Image 706: Success, Prediction = 6, True Label = 6
Image 707: Success, Prediction = 7, True Label = 7
Image 708: Success, Prediction = 8, True Label = 8
Image 709: Success, Prediction = 9, True Label = 9
Image 710: Success, Prediction = 0, True Label = 0
Image 711: Success, Prediction = 1, True Label = 1
Image 712: Success, Prediction = 2, True Label = 2
Image 713: Success, Prediction = 3, True Label = 3
Image 714: Success, Prediction = 4, True Label = 4
Image 715: Success, Prediction = 5, True Label = 5
Image 716: Success, Prediction = 6, True Label = 6
Image 717: Success, Prediction = 7, True Label = 7
Image 718: Success, Prediction = 8, True Label = 8
Image 719: Success, Prediction = 9, True Label = 9
Image 720: Success, Prediction = 0, True Label = 0
Image 721: Success, Prediction = 1, True Label = 1
Image 722: Success, Prediction = 2, True Label = 2
Image 723: Success, Prediction = 3, True Label = 3
Image 724: Success, Prediction = 4, True Label = 4
Image 725: Success, Prediction = 5, True Label = 5
Image 726: Success, Prediction = 6, True Label = 6
Image 727: Success, Prediction = 7, True Label = 7
Image 728: Success, Prediction = 8, True Label = 8
Image 729: Success, Prediction = 9, True Label = 9
Image 730: Success, Prediction = 0, True Label = 0
Image 731: Success, Prediction = 1, True Label = 1
Image 732: Success, Prediction = 2, True Label = 2
Image 733: Success, Prediction = 3, True Label = 3
Image 734: Success, Prediction = 4, True Label = 4
Image 735: Success, Prediction = 5, True Label = 5
Image 736: Success, Prediction = 6, True Label = 6
Image 737: Success, Prediction = 7, True Label = 7
Image 738: Success, Prediction = 8, True Label = 8
Image 739: Success, Prediction = 9, True Label = 9
Image 740: Success, Prediction = 0, True Label = 0
Image 741: Success, Prediction = 1, True Label = 1
Image 742: Success, Prediction = 2, True Label = 2
Image 743: Success, Prediction = 3, True Label = 3
Image 744: Success, Prediction = 4, True Label = 4
Image 745: Success, Prediction = 5, True Label = 5
Image 746: Success, Prediction = 6, True Label = 6
Image 747: Success, Prediction = 7, True Label = 7
Image 748: Success, Prediction = 8, True Label = 8
Image 749: Success, Prediction = 9, True Label = 9
Image 750: Success, Prediction = 0, True Label = 0
Image 751: Success, Prediction = 1, True Label = 1
Image 752: Success, Prediction = 2, True Label = 2
Image 753: Success, Prediction = 3, True Label = 3
Image 754: Success, Prediction = 4, True Label = 4
Image 755: Success, Prediction = 5, True Label = 5
Image 756: Success, Prediction = 6, True Label = 6
Image 757: Success, Prediction = 7, True Label = 7
Image 758: Success, Prediction = 8, True Label = 8
Image 759: Success, Prediction = 9, True Label = 9
Image 760: Success, Prediction = 0, True Label = 0
Image 761: Success, Prediction = 1, True Label = 1
Image 762: Fail, Prediction = 1, True Label = 2
Image 763: Success, Prediction = 3, True Label = 3
Image 764: Success, Prediction = 4, True Label = 4
Image 765: Success, Prediction = 5, True Label = 5
Image 766: Success, Prediction = 6, True Label = 6
Image 767: Success, Prediction = 7, True Label = 7
Image 768: Success, Prediction = 8, True Label = 8
Image 769: Success, Prediction = 9, True Label = 9
Image 770: Success, Prediction = 0, True Label = 0
Image 771: Success, Prediction = 1, True Label = 1
Image 772: Success, Prediction = 2, True Label = 2
Image 773: Success, Prediction = 3, True Label = 3
Image 774: Success, Prediction = 4, True Label = 4
Image 775: Success, Prediction = 5, True Label = 5
Image 776: Success, Prediction = 6, True Label = 6
Image 777: Success, Prediction = 7, True Label = 7
Image 778: Success, Prediction = 8, True Label = 8
Image 779: Success, Prediction = 9, True Label = 9
Image 780: Success, Prediction = 0, True Label = 0
Image 781: Success, Prediction = 1, True Label = 1
Image 782: Success, Prediction = 2, True Label = 2
Image 783: Success, Prediction = 3, True Label = 3
Image 784: Success, Prediction = 4, True Label = 4
Image 785: Success, Prediction = 5, True Label = 5
Image 786: Success, Prediction = 6, True Label = 6
Image 787: Success, Prediction = 7, True Label = 7
Image 788: Success, Prediction = 8, True Label = 8
Image 789: Success, Prediction = 9, True Label = 9
Image 790: Success, Prediction = 0, True Label = 0
Image 791: Success, Prediction = 1, True Label = 1
Image 792: Success, Prediction = 2, True Label = 2
Image 793: Success, Prediction = 3, True Label = 3
Image 794: Success, Prediction = 4, True Label = 4
Image 795: Success, Prediction = 5, True Label = 5
Image 796: Success, Prediction = 6, True Label = 6
Image 797: Success, Prediction = 7, True Label = 7
Image 798: Success, Prediction = 8, True Label = 8
Image 799: Success, Prediction = 9, True Label = 9
Image 800: Success, Prediction = 0, True Label = 0
Image 801: Success, Prediction = 1, True Label = 1
Image 802: Success, Prediction = 2, True Label = 2
Image 803: Success, Prediction = 3, True Label = 3
Image 804: Success, Prediction = 4, True Label = 4
Image 805: Fail, Prediction = 8, True Label = 5
Image 806: Success, Prediction = 6, True Label = 6
Image 807: Success, Prediction = 7, True Label = 7
Image 808: Success, Prediction = 8, True Label = 8
Image 809: Success, Prediction = 9, True Label = 9
Image 810: Success, Prediction = 0, True Label = 0
Image 811: Success, Prediction = 1, True Label = 1
Image 812: Success, Prediction = 2, True Label = 2
Image 813: Success, Prediction = 3, True Label = 3
Image 814: Success, Prediction = 4, True Label = 4
Image 815: Success, Prediction = 5, True Label = 5
Image 816: Success, Prediction = 6, True Label = 6
Image 817: Success, Prediction = 7, True Label = 7
Image 818: Success, Prediction = 8, True Label = 8
Image 819: Success, Prediction = 9, True Label = 9
Image 820: Success, Prediction = 0, True Label = 0
Image 821: Success, Prediction = 1, True Label = 1
Image 822: Success, Prediction = 2, True Label = 2
Image 823: Success, Prediction = 3, True Label = 3
Image 824: Success, Prediction = 4, True Label = 4
Image 825: Success, Prediction = 5, True Label = 5
Image 826: Success, Prediction = 6, True Label = 6
Image 827: Success, Prediction = 7, True Label = 7
Image 828: Success, Prediction = 8, True Label = 8
Image 829: Success, Prediction = 9, True Label = 9
Image 830: Success, Prediction = 0, True Label = 0
Image 831: Success, Prediction = 1, True Label = 1
Image 832: Success, Prediction = 2, True Label = 2
Image 833: Success, Prediction = 3, True Label = 3
Image 834: Success, Prediction = 4, True Label = 4
Image 835: Success, Prediction = 5, True Label = 5
Image 836: Success, Prediction = 6, True Label = 6
Image 837: Success, Prediction = 7, True Label = 7
Image 838: Success, Prediction = 8, True Label = 8
Image 839: Success, Prediction = 9, True Label = 9
Image 840: Success, Prediction = 0, True Label = 0
Image 841: Success, Prediction = 1, True Label = 1
Image 842: Success, Prediction = 2, True Label = 2
Image 843: Success, Prediction = 3, True Label = 3
Image 844: Success, Prediction = 4, True Label = 4
Image 845: Success, Prediction = 5, True Label = 5
Image 846: Success, Prediction = 6, True Label = 6
Image 847: Success, Prediction = 7, True Label = 7
Image 848: Success, Prediction = 8, True Label = 8
Image 849: Success, Prediction = 9, True Label = 9
Image 850: Success, Prediction = 0, True Label = 0
Image 851: Success, Prediction = 1, True Label = 1
Image 852: Success, Prediction = 2, True Label = 2
Image 853: Success, Prediction = 3, True Label = 3
Image 854: Success, Prediction = 4, True Label = 4
Image 855: Success, Prediction = 5, True Label = 5
Image 856: Success, Prediction = 6, True Label = 6
Image 857: Success, Prediction = 7, True Label = 7
Image 858: Success, Prediction = 8, True Label = 8
Image 859: Success, Prediction = 9, True Label = 9
Image 860: Success, Prediction = 0, True Label = 0
Image 861: Success, Prediction = 1, True Label = 1
Image 862: Fail, Prediction = 1, True Label = 2
Image 863: Success, Prediction = 3, True Label = 3
Image 864: Success, Prediction = 4, True Label = 4
Image 865: Success, Prediction = 5, True Label = 5
Image 866: Success, Prediction = 6, True Label = 6
Image 867: Success, Prediction = 7, True Label = 7
Image 868: Success, Prediction = 8, True Label = 8
Image 869: Success, Prediction = 9, True Label = 9
Image 870: Success, Prediction = 0, True Label = 0
Image 871: Success, Prediction = 1, True Label = 1
Image 872: Success, Prediction = 2, True Label = 2
Image 873: Success, Prediction = 3, True Label = 3
Image 874: Success, Prediction = 4, True Label = 4
Image 875: Success, Prediction = 5, True Label = 5
Image 876: Success, Prediction = 6, True Label = 6
Image 877: Success, Prediction = 7, True Label = 7
Image 878: Success, Prediction = 8, True Label = 8
Image 879: Success, Prediction = 9, True Label = 9
Image 880: Success, Prediction = 0, True Label = 0
Image 881: Success, Prediction = 1, True Label = 1
Image 882: Success, Prediction = 2, True Label = 2
Image 883: Success, Prediction = 3, True Label = 3
Image 884: Success, Prediction = 4, True Label = 4
Image 885: Success, Prediction = 5, True Label = 5
Image 886: Success, Prediction = 6, True Label = 6
Image 887: Success, Prediction = 7, True Label = 7
Image 888: Success, Prediction = 8, True Label = 8
Image 889: Success, Prediction = 9, True Label = 9
Image 890: Success, Prediction = 0, True Label = 0
Image 891: Success, Prediction = 1, True Label = 1
Image 892: Success, Prediction = 2, True Label = 2
Image 893: Success, Prediction = 3, True Label = 3
Image 894: Success, Prediction = 4, True Label = 4
Image 895: Success, Prediction = 5, True Label = 5
Image 896: Success, Prediction = 6, True Label = 6
Image 897: Success, Prediction = 7, True Label = 7
Image 898: Success, Prediction = 8, True Label = 8
Image 899: Success, Prediction = 9, True Label = 9
Image 900: Success, Prediction = 0, True Label = 0
Image 901: Success, Prediction = 1, True Label = 1
Image 902: Success, Prediction = 2, True Label = 2
Image 903: Success, Prediction = 3, True Label = 3
Image 904: Success, Prediction = 4, True Label = 4
Image 905: Fail, Prediction = 8, True Label = 5
Image 906: Success, Prediction = 6, True Label = 6
Image 907: Success, Prediction = 7, True Label = 7
Image 908: Success, Prediction = 8, True Label = 8
Image 909: Success, Prediction = 9, True Label = 9
Image 910: Success, Prediction = 0, True Label = 0
Image 911: Success, Prediction = 1, True Label = 1
Image 912: Success, Prediction = 2, True Label = 2
Image 913: Success, Prediction = 3, True Label = 3
Image 914: Success, Prediction = 4, True Label = 4
Image 915: Success, Prediction = 5, True Label = 5
Image 916: Success, Prediction = 6, True Label = 6
Image 917: Success, Prediction = 7, True Label = 7
Image 918: Success, Prediction = 8, True Label = 8
Image 919: Success, Prediction = 9, True Label = 9
Image 920: Success, Prediction = 0, True Label = 0
Image 921: Success, Prediction = 1, True Label = 1
Image 922: Success, Prediction = 2, True Label = 2
Image 923: Success, Prediction = 3, True Label = 3
Image 924: Success, Prediction = 4, True Label = 4
Image 925: Success, Prediction = 5, True Label = 5
Image 926: Success, Prediction = 6, True Label = 6
Image 927: Success, Prediction = 7, True Label = 7
Image 928: Success, Prediction = 8, True Label = 8
Image 929: Success, Prediction = 9, True Label = 9
Image 930: Success, Prediction = 0, True Label = 0
Image 931: Success, Prediction = 1, True Label = 1
Image 932: Success, Prediction = 2, True Label = 2
Image 933: Success, Prediction = 3, True Label = 3
Image 934: Success, Prediction = 4, True Label = 4
Image 935: Success, Prediction = 5, True Label = 5
Image 936: Success, Prediction = 6, True Label = 6
Image 937: Success, Prediction = 7, True Label = 7
Image 938: Success, Prediction = 8, True Label = 8
Image 939: Success, Prediction = 9, True Label = 9
Image 940: Success, Prediction = 0, True Label = 0
Image 941: Success, Prediction = 1, True Label = 1
Image 942: Success, Prediction = 2, True Label = 2
Image 943: Success, Prediction = 3, True Label = 3
Image 944: Success, Prediction = 4, True Label = 4
Image 945: Success, Prediction = 5, True Label = 5
Image 946: Success, Prediction = 6, True Label = 6
Image 947: Success, Prediction = 7, True Label = 7
Image 948: Success, Prediction = 8, True Label = 8
Image 949: Success, Prediction = 9, True Label = 9
Image 950: Success, Prediction = 0, True Label = 0
Image 951: Success, Prediction = 1, True Label = 1
Image 952: Success, Prediction = 2, True Label = 2
Image 953: Success, Prediction = 3, True Label = 3
Image 954: Success, Prediction = 4, True Label = 4
Image 955: Success, Prediction = 5, True Label = 5
Image 956: Success, Prediction = 6, True Label = 6
Image 957: Success, Prediction = 7, True Label = 7
Image 958: Success, Prediction = 8, True Label = 8
Image 959: Success, Prediction = 9, True Label = 9
Image 960: Success, Prediction = 0, True Label = 0
Image 961: Success, Prediction = 1, True Label = 1
Image 962: Fail, Prediction = 1, True Label = 2
Image 963: Success, Prediction = 3, True Label = 3
Image 964: Success, Prediction = 4, True Label = 4
Image 965: Success, Prediction = 5, True Label = 5
Image 966: Success, Prediction = 6, True Label = 6
Image 967: Success, Prediction = 7, True Label = 7
Image 968: Success, Prediction = 8, True Label = 8
Image 969: Success, Prediction = 9, True Label = 9
Image 970: Success, Prediction = 0, True Label = 0
Image 971: Success, Prediction = 1, True Label = 1
Image 972: Success, Prediction = 2, True Label = 2
Image 973: Success, Prediction = 3, True Label = 3
Image 974: Success, Prediction = 4, True Label = 4
Image 975: Success, Prediction = 5, True Label = 5
Image 976: Success, Prediction = 6, True Label = 6
Image 977: Success, Prediction = 7, True Label = 7
Image 978: Success, Prediction = 8, True Label = 8
Image 979: Success, Prediction = 9, True Label = 9
Image 980: Success, Prediction = 0, True Label = 0
Image 981: Success, Prediction = 1, True Label = 1
Image 982: Success, Prediction = 2, True Label = 2
Image 983: Success, Prediction = 3, True Label = 3
Image 984: Success, Prediction = 4, True Label = 4
Image 985: Success, Prediction = 5, True Label = 5
Image 986: Success, Prediction = 6, True Label = 6
Image 987: Success, Prediction = 7, True Label = 7
Image 988: Success, Prediction = 8, True Label = 8
Image 989: Success, Prediction = 9, True Label = 9
Image 990: Success, Prediction = 0, True Label = 0
Image 991: Success, Prediction = 1, True Label = 1
Image 992: Success, Prediction = 2, True Label = 2
Image 993: Success, Prediction = 3, True Label = 3
Image 994: Success, Prediction = 4, True Label = 4
Image 995: Success, Prediction = 5, True Label = 5
Image 996: Success, Prediction = 6, True Label = 6
Image 997: Success, Prediction = 7, True Label = 7
Image 998: Success, Prediction = 8, True Label = 8
Image 999: Success, Prediction = 9, True Label = 9


------ Final Accuracy for 1000 Input Image ------
Accuracy :  98%
$stop called at time : 6450005 ns : File "E:/02_CCDC/KNU_Git/foodbug/KNU_CNN_verilog/KNU_CNN_verilog.srcs/sim_1/tb_top_1000.v" Line 113
