INFO: [VRFC 10-2263] Analyzing Verilog file "E:/02_CCDC/KNU_Git/foodbug/KNU_CNN_verilog/KNU_CNN_verilog.srcs/source_1/Accumulator.v" into library xil_defaultlib
INFO: [VRFC 10-311] analyzing module Accumulator
INFO: [VRFC 10-2263] Analyzing Verilog file "E:/02_CCDC/KNU_Git/foodbug/KNU_CNN_verilog/KNU_CNN_verilog.srcs/source_1/FC_controller.v" into library xil_defaultlib
INFO: [VRFC 10-311] analyzing module FC_controller
INFO: [VRFC 10-2263] Analyzing Verilog file "E:/02_CCDC/KNU_Git/foodbug/KNU_CNN_verilog/KNU_CNN_verilog.srcs/source_1/FC_layer.v" into library xil_defaultlib
INFO: [VRFC 10-311] analyzing module FC_layer
INFO: [VRFC 10-2263] Analyzing Verilog file "E:/02_CCDC/KNU_Git/foodbug/KNU_CNN_verilog/KNU_CNN_verilog.srcs/source_1/FIFO.v" into library xil_defaultlib
INFO: [VRFC 10-311] analyzing module FIFO
INFO: [VRFC 10-2263] Analyzing Verilog file "E:/02_CCDC/KNU_Git/foodbug/KNU_CNN_verilog/KNU_CNN_verilog.srcs/source_1/MAC.v" into library xil_defaultlib
INFO: [VRFC 10-311] analyzing module MAC
INFO: [VRFC 10-2263] Analyzing Verilog file "E:/02_CCDC/KNU_Git/foodbug/KNU_CNN_verilog/KNU_CNN_verilog.srcs/source_1/Max_Pooling_ReLU.v" into library xil_defaultlib
INFO: [VRFC 10-311] analyzing module Max_Pooling_ReLU
INFO: [VRFC 10-2263] Analyzing Verilog file "E:/02_CCDC/KNU_Git/foodbug/KNU_CNN_verilog/KNU_CNN_verilog.srcs/source_1/PE_Array.v" into library xil_defaultlib
INFO: [VRFC 10-311] analyzing module PE_Array
INFO: [VRFC 10-2263] Analyzing Verilog file "E:/02_CCDC/KNU_Git/foodbug/KNU_CNN_verilog/KNU_CNN_verilog.srcs/source_1/ROM_Bias.v" into library xil_defaultlib
INFO: [VRFC 10-311] analyzing module ROM_Bias
INFO: [VRFC 10-2263] Analyzing Verilog file "E:/02_CCDC/KNU_Git/foodbug/KNU_CNN_verilog/KNU_CNN_verilog.srcs/source_1/ROM_Weight.v" into library xil_defaultlib
INFO: [VRFC 10-311] analyzing module ROM_Weight
INFO: [VRFC 10-2263] Analyzing Verilog file "E:/02_CCDC/KNU_Git/foodbug/KNU_CNN_verilog/KNU_CNN_verilog.srcs/source_1/buffer1.v" into library xil_defaultlib
INFO: [VRFC 10-311] analyzing module buffer1
INFO: [VRFC 10-2263] Analyzing Verilog file "E:/02_CCDC/KNU_Git/foodbug/KNU_CNN_verilog/KNU_CNN_verilog.srcs/source_1/comparator.v" into library xil_defaultlib
INFO: [VRFC 10-311] analyzing module comparator
INFO: [VRFC 10-2263] Analyzing Verilog file "E:/02_CCDC/KNU_Git/foodbug/KNU_CNN_verilog/KNU_CNN_verilog.srcs/source_1/conv2d_pe.v" into library xil_defaultlib
INFO: [VRFC 10-311] analyzing module conv2d_pe
INFO: [VRFC 10-2263] Analyzing Verilog file "E:/02_CCDC/KNU_Git/foodbug/KNU_CNN_verilog/KNU_CNN_verilog.srcs/source_1/fc_bias_ROM.v" into library xil_defaultlib
INFO: [VRFC 10-311] analyzing module fc_bias_ROM
INFO: [VRFC 10-2263] Analyzing Verilog file "E:/02_CCDC/KNU_Git/foodbug/KNU_CNN_verilog/KNU_CNN_verilog.srcs/source_1/fc_weight_ROM.v" into library xil_defaultlib
INFO: [VRFC 10-311] analyzing module fc_weight_ROM
INFO: [VRFC 10-2263] Analyzing Verilog file "E:/02_CCDC/KNU_Git/foodbug/KNU_CNN_verilog/KNU_CNN_verilog.srcs/source_1/global_controller.v" into library xil_defaultlib
INFO: [VRFC 10-311] analyzing module global_controller
INFO: [VRFC 10-2263] Analyzing Verilog file "E:/02_CCDC/KNU_Git/foodbug/KNU_CNN_verilog/KNU_CNN_verilog.srcs/source_1/matmul.v" into library xil_defaultlib
INFO: [VRFC 10-311] analyzing module matmul
INFO: [VRFC 10-2263] Analyzing Verilog file "E:/02_CCDC/KNU_Git/foodbug/KNU_CNN_verilog/KNU_CNN_verilog.srcs/source_1/max_finder.v" into library xil_defaultlib
INFO: [VRFC 10-311] analyzing module max_finder
INFO: [VRFC 10-2263] Analyzing Verilog file "E:/02_CCDC/KNU_Git/foodbug/KNU_CNN_verilog/KNU_CNN_verilog.srcs/source_1/shiftBuffer.v" into library xil_defaultlib
INFO: [VRFC 10-311] analyzing module shiftBuffer
INFO: [VRFC 10-2263] Analyzing Verilog file "E:/02_CCDC/KNU_Git/foodbug/KNU_CNN_verilog/KNU_CNN_verilog.srcs/source_1/top.v" into library xil_defaultlib
INFO: [VRFC 10-311] analyzing module top
INFO: [VRFC 10-2263] Analyzing Verilog file "E:/02_CCDC/KNU_Git/foodbug/KNU_CNN_verilog/KNU_CNN_verilog.srcs/sim_1/tb_top.v" into library xil_defaultlib
INFO: [VRFC 10-311] analyzing module tb_top
